Getting compiler identification output with: /usr/bin/cc --version /var/folders/br/wxmxwj554j9chb8y8w7hmwk00000gn/T/cov-jacktjaden/3f3e462f62b13aa2e7139ff913623fb3/cov-jacktjaden/9024021a0e8655abbacac798810235a9/test.cpp
**** BEGIN FILE source file: /var/folders/br/wxmxwj554j9chb8y8w7hmwk00000gn/T/cov-jacktjaden/3f3e462f62b13aa2e7139ff913623fb3/cov-jacktjaden/9024021a0e8655abbacac798810235a9/test.cpp
int main() {} 

**** END source file ***
pipe_command: /usr/bin/cc --version /var/folders/br/wxmxwj554j9chb8y8w7hmwk00000gn/T/cov-jacktjaden/3f3e462f62b13aa2e7139ff913623fb3/cov-jacktjaden/9024021a0e8655abbacac798810235a9/test.cpp 
pipe_commands starting: /usr/bin/cc --version /var/folders/br/wxmxwj554j9chb8y8w7hmwk00000gn/T/cov-jacktjaden/3f3e462f62b13aa2e7139ff913623fb3/cov-jacktjaden/9024021a0e8655abbacac798810235a9/test.cpp 
**** BEGIN FILE output: /var/folders/br/wxmxwj554j9chb8y8w7hmwk00000gn/T/cov-jacktjaden/3f3e462f62b13aa2e7139ff913623fb3/cov-jacktjaden/9024021a0e8655abbacac798810235a9/test.output
Apple clang version 17.0.0 (clang-1700.0.13.5)
Target: x86_64-apple-darwin24.6.0
Thread model: posix
InstalledDir: /Applications/Xcode.app/Contents/Developer/Toolchains/XcodeDefault.xctoolchain/usr/bin

**** END FILE output ***
**** BEGIN FILE error: 

**** END FILE error ***
**** Compiler identification output begin ****
Apple clang version 17.0.0 (clang-1700.0.13.5)
Target: x86_64-apple-darwin24.6.0
Thread model: posix
InstalledDir: /Applications/Xcode.app/Contents/Developer/Toolchains/XcodeDefault.xctoolchain/usr/bin

**** Compiler identification output end ****
**** BEGIN PROBE run_test_sanity ****
[STATUS] g++-config-0: Running sanity tests on native compiler
**** BEGIN FILE source file: /var/folders/br/wxmxwj554j9chb8y8w7hmwk00000gn/T/cov-jacktjaden/3f3e462f62b13aa2e7139ff913623fb3/cov-jacktjaden/9024021a0e8655abbacac798810235a9/simple.cpp
int x;

**** END FILE source file ***
pipe_command: /usr/bin/cc -c /var/folders/br/wxmxwj554j9chb8y8w7hmwk00000gn/T/cov-jacktjaden/3f3e462f62b13aa2e7139ff913623fb3/cov-jacktjaden/9024021a0e8655abbacac798810235a9/simple.cpp 
pipe_commands starting: /usr/bin/cc -c /var/folders/br/wxmxwj554j9chb8y8w7hmwk00000gn/T/cov-jacktjaden/3f3e462f62b13aa2e7139ff913623fb3/cov-jacktjaden/9024021a0e8655abbacac798810235a9/simple.cpp 
**** BEGIN FILE stdout: 

**** END FILE stdout ***
**** BEGIN FILE stderr: 

**** END FILE stderr ***
Test succeded
**** BEGIN FILE source file: /var/folders/br/wxmxwj554j9chb8y8w7hmwk00000gn/T/cov-jacktjaden/3f3e462f62b13aa2e7139ff913623fb3/cov-jacktjaden/9024021a0e8655abbacac798810235a9/does_not_compile.cpp
#x
int a b c d;

**** END FILE source file ***
pipe_command: /usr/bin/cc -c /var/folders/br/wxmxwj554j9chb8y8w7hmwk00000gn/T/cov-jacktjaden/3f3e462f62b13aa2e7139ff913623fb3/cov-jacktjaden/9024021a0e8655abbacac798810235a9/does_not_compile.cpp 
pipe_commands starting: /usr/bin/cc -c /var/folders/br/wxmxwj554j9chb8y8w7hmwk00000gn/T/cov-jacktjaden/3f3e462f62b13aa2e7139ff913623fb3/cov-jacktjaden/9024021a0e8655abbacac798810235a9/does_not_compile.cpp 
**** BEGIN FILE stdout: 

**** END FILE stdout ***
**** BEGIN FILE stderr: 
/var/folders/br/wxmxwj554j9chb8y8w7hmwk00000gn/T/cov-jacktjaden/3f3e462f62b13aa2e7139ff913623fb3/cov-jacktjaden/9024021a0e8655abbacac798810235a9/does_not_compile.cpp:1:2: error: invalid preprocessing directive
    1 | #x
      |  ^
/var/folders/br/wxmxwj554j9chb8y8w7hmwk00000gn/T/cov-jacktjaden/3f3e462f62b13aa2e7139ff913623fb3/cov-jacktjaden/9024021a0e8655abbacac798810235a9/does_not_compile.cpp:2:6: error: expected ';' after top level declarator
    2 | int a b c d;
      |      ^
      |      ;
2 errors generated.

**** END FILE stderr ***
Test failed
**** BEGIN FILE source file: /var/folders/br/wxmxwj554j9chb8y8w7hmwk00000gn/T/cov-jacktjaden/3f3e462f62b13aa2e7139ff913623fb3/cov-jacktjaden/9024021a0e8655abbacac798810235a9/stddef.cpp
#include <stddef.h>
struct mystruct {
  int field1;
  int field2;
} var;
size_t sz = sizeof(struct mystruct);
ptrdiff_t pd;
void func() {
  pd = &var.field1 - &var.field2;
}


**** END FILE source file ***
pipe_command: /usr/bin/cc -c /var/folders/br/wxmxwj554j9chb8y8w7hmwk00000gn/T/cov-jacktjaden/3f3e462f62b13aa2e7139ff913623fb3/cov-jacktjaden/9024021a0e8655abbacac798810235a9/stddef.cpp 
pipe_commands starting: /usr/bin/cc -c /var/folders/br/wxmxwj554j9chb8y8w7hmwk00000gn/T/cov-jacktjaden/3f3e462f62b13aa2e7139ff913623fb3/cov-jacktjaden/9024021a0e8655abbacac798810235a9/stddef.cpp 
**** BEGIN FILE stdout: 

**** END FILE stdout ***
**** BEGIN FILE stderr: 

**** END FILE stderr ***
Test succeded
**** END PROBE run_test_sanity ****
**** BEGIN PROBE get_version_switch_output ****
Version switch: -E -v
**** BEGIN FILE source file: /var/folders/br/wxmxwj554j9chb8y8w7hmwk00000gn/T/cov-jacktjaden/3f3e462f62b13aa2e7139ff913623fb3/cov-jacktjaden/9024021a0e8655abbacac798810235a9/test.cpp
int main() {} 

**** END source file ***
pipe_command: /usr/bin/cc -E -v /var/folders/br/wxmxwj554j9chb8y8w7hmwk00000gn/T/cov-jacktjaden/3f3e462f62b13aa2e7139ff913623fb3/cov-jacktjaden/9024021a0e8655abbacac798810235a9/test.cpp 
pipe_commands starting: /usr/bin/cc -E -v /var/folders/br/wxmxwj554j9chb8y8w7hmwk00000gn/T/cov-jacktjaden/3f3e462f62b13aa2e7139ff913623fb3/cov-jacktjaden/9024021a0e8655abbacac798810235a9/test.cpp 
**** BEGIN FILE output: /var/folders/br/wxmxwj554j9chb8y8w7hmwk00000gn/T/cov-jacktjaden/3f3e462f62b13aa2e7139ff913623fb3/cov-jacktjaden/9024021a0e8655abbacac798810235a9/version_output
# 1 "/var/folders/br/wxmxwj554j9chb8y8w7hmwk00000gn/T/cov-jacktjaden/3f3e462f62b13aa2e7139ff913623fb3/cov-jacktjaden/9024021a0e8655abbacac798810235a9/test.cpp"
# 1 "<built-in>" 1
# 1 "<built-in>" 3
# 480 "<built-in>" 3
# 1 "<command line>" 1
# 1 "<built-in>" 2
# 1 "/var/folders/br/wxmxwj554j9chb8y8w7hmwk00000gn/T/cov-jacktjaden/3f3e462f62b13aa2e7139ff913623fb3/cov-jacktjaden/9024021a0e8655abbacac798810235a9/test.cpp" 2
int main() {}
Apple clang version 17.0.0 (clang-1700.0.13.5)
Target: x86_64-apple-darwin24.6.0
Thread model: posix
InstalledDir: /Applications/Xcode.app/Contents/Developer/Toolchains/XcodeDefault.xctoolchain/usr/bin
ignoring nonexistent directory "/Applications/Xcode.app/Contents/Developer/Toolchains/XcodeDefault.xctoolchain/usr/bin/../include/c++/v1"
 "/Applications/Xcode.app/Contents/Developer/Toolchains/XcodeDefault.xctoolchain/usr/bin/clang" -cc1 -triple x86_64-apple-macosx15.0.0 -Wundef-prefix=TARGET_OS_ -Wdeprecated-objc-isa-usage -Werror=deprecated-objc-isa-usage -Werror=implicit-function-declaration -E -disable-free -clear-ast-before-backend -disable-llvm-verifier -discard-value-names -main-file-name test.cpp -mrelocation-model pic -pic-level 2 -mframe-pointer=all -fno-strict-return -ffp-contract=on -fno-rounding-math -funwind-tables=2 -target-sdk-version=15.5 -fvisibility-inlines-hidden-static-local-var -fdefine-target-os-macros -fno-assume-unique-vtables -fno-modulemap-allow-subdirectory-search -target-cpu penryn -tune-cpu generic -debugger-tuning=lldb -fdebug-compilation-dir=/private/var/folders/br/wxmxwj554j9chb8y8w7hmwk00000gn/T/cov-jacktjaden/3f3e462f62b13aa2e7139ff913623fb3/cov-jacktjaden/9024021a0e8655abbacac798810235a9 -target-linker-version 1167.5 -v -fcoverage-compilation-dir=/private/var/folders/br/wxmxwj554j9chb8y8w7hmwk00000gn/T/cov-jacktjaden/3f3e462f62b13aa2e7139ff913623fb3/cov-jacktjaden/9024021a0e8655abbacac798810235a9 -resource-dir /Applications/Xcode.app/Contents/Developer/Toolchains/XcodeDefault.xctoolchain/usr/lib/clang/17 -isysroot /Applications/Xcode.app/Contents/Developer/Platforms/MacOSX.platform/Developer/SDKs/MacOSX.sdk -I/usr/local/include -internal-isystem /Applications/Xcode.app/Contents/Developer/Platforms/MacOSX.platform/Developer/SDKs/MacOSX.sdk/usr/include/c++/v1 -internal-isystem /Applications/Xcode.app/Contents/Developer/Platforms/MacOSX.platform/Developer/SDKs/MacOSX.sdk/usr/local/include -internal-isystem /Applications/Xcode.app/Contents/Developer/Toolchains/XcodeDefault.xctoolchain/usr/lib/clang/17/include -internal-externc-isystem /Applications/Xcode.app/Contents/Developer/Platforms/MacOSX.platform/Developer/SDKs/MacOSX.sdk/usr/include -internal-externc-isystem /Applications/Xcode.app/Contents/Developer/Toolchains/XcodeDefault.xctoolchain/usr/include -Wno-reorder-init-list -Wno-implicit-int-float-conversion -Wno-c99-designator -Wno-final-dtor-non-final-class -Wno-extra-semi-stmt -Wno-misleading-indentation -Wno-quoted-include-in-framework-header -Wno-implicit-fallthrough -Wno-enum-enum-conversion -Wno-enum-float-conversion -Wno-elaborated-enum-base -Wno-reserved-identifier -Wno-gnu-folding-constant -fdeprecated-macro -ferror-limit 19 -stack-protector 1 -fstack-check -mdarwin-stkchk-strong-link -fblocks -fencode-extended-block-signature -fregister-global-dtors-with-atexit -fgnuc-version=4.2.1 -fno-cxx-modules -fskip-odr-check-in-gmf -fcxx-exceptions -fexceptions -fmax-type-align=16 -fcommon -clang-vendor-feature=+disableNonDependentMemberExprInCurrentInstantiation -fno-odr-hash-protocols -clang-vendor-feature=+enableAggressiveVLAFolding -clang-vendor-feature=+revert09abecef7bbf -clang-vendor-feature=+thisNoAlignAttr -clang-vendor-feature=+thisNoNullAttr -clang-vendor-feature=+disableAtImportPrivateFrameworkInImplementationError -D__GCC_HAVE_DWARF2_CFI_ASM=1 -o - -x c++ /var/folders/br/wxmxwj554j9chb8y8w7hmwk00000gn/T/cov-jacktjaden/3f3e462f62b13aa2e7139ff913623fb3/cov-jacktjaden/9024021a0e8655abbacac798810235a9/test.cpp
clang -cc1 version 17.0.0 (clang-1700.0.13.5) default target x86_64-apple-darwin24.6.0
ignoring nonexistent directory "/Applications/Xcode.app/Contents/Developer/Platforms/MacOSX.platform/Developer/SDKs/MacOSX.sdk/usr/local/include"
ignoring nonexistent directory "/Applications/Xcode.app/Contents/Developer/Platforms/MacOSX.platform/Developer/SDKs/MacOSX.sdk/System/Library/SubFrameworks"
ignoring nonexistent directory "/Applications/Xcode.app/Contents/Developer/Platforms/MacOSX.platform/Developer/SDKs/MacOSX.sdk/Library/Frameworks"
#include "..." search starts here:
#inclu
**** END FILE output ***
**** BEGIN FILE error: 
Apple clang version 17.0.0 (clang-1700.0.13.5)
Target: x86_64-apple-darwin24.6.0
Thread model: posix
InstalledDir: /Applications/Xcode.app/Contents/Developer/Toolchains/XcodeDefault.xctoolchain/usr/bin
ignoring nonexistent directory "/Applications/Xcode.app/Contents/Developer/Toolchains/XcodeDefault.xctoolchain/usr/bin/../include/c++/v1"
 "/Applications/Xcode.app/Contents/Developer/Toolchains/XcodeDefault.xctoolchain/usr/bin/clang" -cc1 -triple x86_64-apple-macosx15.0.0 -Wundef-prefix=TARGET_OS_ -Wdeprecated-objc-isa-usage -Werror=deprecated-objc-isa-usage -Werror=implicit-function-declaration -E -disable-free -clear-ast-before-backend -disable-llvm-verifier -discard-value-names -main-file-name test.cpp -mrelocation-model pic -pic-level 2 -mframe-pointer=all -fno-strict-return -ffp-contract=on -fno-rounding-math -funwind-tables=2 -target-sdk-version=15.5 -fvisibility-inlines-hidden-static-local-var -fdefine-target-os-macros -fno-assume-unique-vtables -fno-modulemap-allow-subdirectory-search -target-cpu penryn -tune-cpu generic -debugger-tuning=lldb -fdebug-compilation-dir=/private/var/folders/br/wxmxwj554j9chb8y8w7hmwk00000gn/T/cov-jacktjaden/3f3e462f62b13aa2e7139ff913623fb3/cov-jacktjaden/9024021a0e8655abbacac798810235a9 -target-linker-version 1167.5 -v -fcoverage-compilation-dir=/private/var/folders/br/wxmxwj554j9chb8y8w7hmwk00000gn/T/cov-jacktjaden/3f3e462f62b13aa2e7139ff913623fb3/cov-jacktjaden/9024021a0e8655abbacac798810235a9 -resource-dir /Applications/Xcode.app/Contents/Developer/Toolchains/XcodeDefault.xctoolchain/usr/lib/clang/17 -isysroot /Applications/Xcode.app/Contents/Developer/Platforms/MacOSX.platform/Developer/SDKs/MacOSX.sdk -I/usr/local/include -internal-isystem /Applications/Xcode.app/Contents/Developer/Platforms/MacOSX.platform/Developer/SDKs/MacOSX.sdk/usr/include/c++/v1 -internal-isystem /Applications/Xcode.app/Contents/Developer/Platforms/MacOSX.platform/Developer/SDKs/MacOSX.sdk/usr/local/include -internal-isystem /Applications/Xcode.app/Contents/Developer/Toolchains/XcodeDefault.xctoolchain/usr/lib/clang/17/include -internal-externc-isystem /Applications/Xcode.app/Contents/Developer/Platforms/MacOSX.platform/Developer/SDKs/MacOSX.sdk/usr/include -internal-externc-isystem /Applications/Xcode.app/Contents/Developer/Toolchains/XcodeDefault.xctoolchain/usr/include -Wno-reorder-init-list -Wno-implicit-int-float-conversion -Wno-c99-designator -Wno-final-dtor-non-final-class -Wno-extra-semi-stmt -Wno-misleading-indentation -Wno-quoted-include-in-framework-header -Wno-implicit-fallthrough -Wno-enum-enum-conversion -Wno-enum-float-conversion -Wno-elaborated-enum-base -Wno-reserved-identifier -Wno-gnu-folding-constant -fdeprecated-macro -ferror-limit 19 -stack-protector 1 -fstack-check -mdarwin-stkchk-strong-link -fblocks -fencode-extended-block-signature -fregister-global-dtors-with-atexit -fgnuc-version=4.2.1 -fno-cxx-modules -fskip-odr-check-in-gmf -fcxx-exceptions -fexceptions -fmax-type-align=16 -fcommon -clang-vendor-feature=+disableNonDependentMemberExprInCurrentInstantiation -fno-odr-hash-protocols -clang-vendor-feature=+enableAggressiveVLAFolding -clang-vendor-feature=+revert09abecef7bbf -clang-vendor-feature=+thisNoAlignAttr -clang-vendor-feature=+thisNoNullAttr -clang-vendor-feature=+disableAtImportPrivateFrameworkInImplementationError -D__GCC_HAVE_DWARF2_CFI_ASM=1 -o - -x c++ /var/folders/br/wxmxwj554j9chb8y8w7hmwk00000gn/T/cov-jacktjaden/3f3e462f62b13aa2e7139ff913623fb3/cov-jacktjaden/9024021a0e8655abbacac798810235a9/test.cpp
clang -cc1 version 17.0.0 (clang-1700.0.13.5) default target x86_64-apple-darwin24.6.0
ignoring nonexistent directory "/Applications/Xcode.app/Contents/Developer/Platforms/MacOSX.platform/Developer/SDKs/MacOSX.sdk/usr/local/include"
ignoring nonexistent directory "/Applications/Xcode.app/Contents/Developer/Platforms/MacOSX.platform/Developer/SDKs/MacOSX.sdk/System/Library/SubFrameworks"
ignoring nonexistent directory "/Applications/Xcode.app/Contents/Developer/Platforms/MacOSX.platform/Developer/SDKs/MacOSX.sdk/Library/Frameworks"
#include "..." search starts here:
#include <...> search starts here:
 /usr/local/include
 /Applications/Xcode.app/Contents/Developer/Platforms/MacOSX.platform/Developer/SDKs/MacOSX.sdk/usr/include/c++/v1
 /Applications/Xcode.app/Contents/Developer/Toolchains/XcodeDefault.xctoolchain/usr/lib/clang/17/include
 /Applications/Xcode.app/Contents/Developer/Platforms/MacOSX.platform/Developer/SDKs/MacOSX.sdk/usr/include
 /Applications/Xcode.app/Contents/Developer/Toolchains/XcodeDefault.xctoolchain/usr/include
 /Applications/Xcode.app/Contents/Developer/Platforms/MacOSX.platform/Developer/SDKs/MacOSX.sdk/System/Library/Frameworks (framework directory)
End of search list.

**** END FILE error ***
**** END PROBE get_version_switch_output ****
Version string before regex:  4.8.0
Attempting to match the following regex:  .*g[c+][c+][^\s]* [^\s]+ (\d+\.\d+(\.\d+)?) \(.*\).*
Attempting to match the following regex:  .*g[c+][c+][^\s]* \([^)]*\) (\d+\.\d+(\.\d+)?).*
Attempting to match the following regex:  .*(?:cc|\+\+)(?:-[^\h]+)?(?:\.exe)?\h+(?:.*?\h+)?(\d+\.\d+(\.\d+)?).*
Attempting to match the following regex:  .*[^0-9.](\d+\.\d+\.\d+).*
Compiler version found: 4.8.0
**** BEGIN PROBE run_type_size_and_alignment_tests ****
**** BEGIN PROBE probe_helpful_compiler_info ****
**** BEGIN FILE source file: /var/folders/br/wxmxwj554j9chb8y8w7hmwk00000gn/T/cov-jacktjaden/3f3e462f62b13aa2e7139ff913623fb3/cov-jacktjaden/9024021a0e8655abbacac798810235a9/sloppy_assign.cpp
int *i; unsigned long *c; void foo() { c = i; }

**** END FILE source file ***
pipe_command: /usr/bin/cc -c /var/folders/br/wxmxwj554j9chb8y8w7hmwk00000gn/T/cov-jacktjaden/3f3e462f62b13aa2e7139ff913623fb3/cov-jacktjaden/9024021a0e8655abbacac798810235a9/sloppy_assign.cpp 
pipe_commands starting: /usr/bin/cc -c /var/folders/br/wxmxwj554j9chb8y8w7hmwk00000gn/T/cov-jacktjaden/3f3e462f62b13aa2e7139ff913623fb3/cov-jacktjaden/9024021a0e8655abbacac798810235a9/sloppy_assign.cpp 
**** BEGIN FILE stdout: 

**** END FILE stdout ***
**** BEGIN FILE stderr: 
/var/folders/br/wxmxwj554j9chb8y8w7hmwk00000gn/T/cov-jacktjaden/3f3e462f62b13aa2e7139ff913623fb3/cov-jacktjaden/9024021a0e8655abbacac798810235a9/sloppy_assign.cpp:1:44: error: incompatible pointer types assigning to 'unsigned long *' from 'int *'
    1 | int *i; unsigned long *c; void foo() { c = i; }
      |                                            ^
1 error generated.

**** END FILE stderr ***
Test failed
Native compiler does not allow sloppy assigns.
**** BEGIN FILE source file: /var/folders/br/wxmxwj554j9chb8y8w7hmwk00000gn/T/cov-jacktjaden/3f3e462f62b13aa2e7139ff913623fb3/cov-jacktjaden/9024021a0e8655abbacac798810235a9/sizeof_neg_array_size.cpp
 int x[((int)sizeof (int *)) - 13000];

**** END FILE source file ***
pipe_command: /usr/bin/cc -c /var/folders/br/wxmxwj554j9chb8y8w7hmwk00000gn/T/cov-jacktjaden/3f3e462f62b13aa2e7139ff913623fb3/cov-jacktjaden/9024021a0e8655abbacac798810235a9/sizeof_neg_array_size.cpp 
pipe_commands starting: /usr/bin/cc -c /var/folders/br/wxmxwj554j9chb8y8w7hmwk00000gn/T/cov-jacktjaden/3f3e462f62b13aa2e7139ff913623fb3/cov-jacktjaden/9024021a0e8655abbacac798810235a9/sizeof_neg_array_size.cpp 
**** BEGIN FILE stdout: 

**** END FILE stdout ***
**** BEGIN FILE stderr: 
/var/folders/br/wxmxwj554j9chb8y8w7hmwk00000gn/T/cov-jacktjaden/3f3e462f62b13aa2e7139ff913623fb3/cov-jacktjaden/9024021a0e8655abbacac798810235a9/sizeof_neg_array_size.cpp:1:8: error: 'x' declared as an array with a negative size
    1 |  int x[((int)sizeof (int *)) - 13000];
      |        ^~~~~~~~~~~~~~~~~~~~~~~~~~~~~
1 error generated.

**** END FILE stderr ***
Test failed
**** BEGIN FILE source file: /var/folders/br/wxmxwj554j9chb8y8w7hmwk00000gn/T/cov-jacktjaden/3f3e462f62b13aa2e7139ff913623fb3/cov-jacktjaden/9024021a0e8655abbacac798810235a9/zero_size_array.cpp
 int x[0];

**** END FILE source file ***
pipe_command: /usr/bin/cc -c /var/folders/br/wxmxwj554j9chb8y8w7hmwk00000gn/T/cov-jacktjaden/3f3e462f62b13aa2e7139ff913623fb3/cov-jacktjaden/9024021a0e8655abbacac798810235a9/zero_size_array.cpp 
pipe_commands starting: /usr/bin/cc -c /var/folders/br/wxmxwj554j9chb8y8w7hmwk00000gn/T/cov-jacktjaden/3f3e462f62b13aa2e7139ff913623fb3/cov-jacktjaden/9024021a0e8655abbacac798810235a9/zero_size_array.cpp 
**** BEGIN FILE stdout: 

**** END FILE stdout ***
**** BEGIN FILE stderr: 

**** END FILE stderr ***
Test succeded
Native compiler minimum array index is 0.
**** END PROBE probe_helpful_compiler_info ****
**** BEGIN PROBE Detecting size_t ****
Detecting size_t.
**** BEGIN FILE source file: /var/folders/br/wxmxwj554j9chb8y8w7hmwk00000gn/T/cov-jacktjaden/3f3e462f62b13aa2e7139ff913623fb3/cov-jacktjaden/9024021a0e8655abbacac798810235a9/size_t_is_valid_type.cpp
size_t * s;


**** END FILE source file ***
pipe_command: /usr/bin/cc -c /var/folders/br/wxmxwj554j9chb8y8w7hmwk00000gn/T/cov-jacktjaden/3f3e462f62b13aa2e7139ff913623fb3/cov-jacktjaden/9024021a0e8655abbacac798810235a9/size_t_is_valid_type.cpp 
pipe_commands starting: /usr/bin/cc -c /var/folders/br/wxmxwj554j9chb8y8w7hmwk00000gn/T/cov-jacktjaden/3f3e462f62b13aa2e7139ff913623fb3/cov-jacktjaden/9024021a0e8655abbacac798810235a9/size_t_is_valid_type.cpp 
**** BEGIN FILE stdout: 

**** END FILE stdout ***
**** BEGIN FILE stderr: 
/var/folders/br/wxmxwj554j9chb8y8w7hmwk00000gn/T/cov-jacktjaden/3f3e462f62b13aa2e7139ff913623fb3/cov-jacktjaden/9024021a0e8655abbacac798810235a9/size_t_is_valid_type.cpp:1:1: error: unknown type name 'size_t'
    1 | size_t * s;
      | ^
1 error generated.

**** END FILE stderr ***
Test failed
**** BEGIN FILE source file: /var/folders/br/wxmxwj554j9chb8y8w7hmwk00000gn/T/cov-jacktjaden/3f3e462f62b13aa2e7139ff913623fb3/cov-jacktjaden/9024021a0e8655abbacac798810235a9/size_t_is_valid_type2.cpp
#include <stddef.h>
size_t * s;


**** END FILE source file ***
pipe_command: /usr/bin/cc -c /var/folders/br/wxmxwj554j9chb8y8w7hmwk00000gn/T/cov-jacktjaden/3f3e462f62b13aa2e7139ff913623fb3/cov-jacktjaden/9024021a0e8655abbacac798810235a9/size_t_is_valid_type2.cpp 
pipe_commands starting: /usr/bin/cc -c /var/folders/br/wxmxwj554j9chb8y8w7hmwk00000gn/T/cov-jacktjaden/3f3e462f62b13aa2e7139ff913623fb3/cov-jacktjaden/9024021a0e8655abbacac798810235a9/size_t_is_valid_type2.cpp 
**** BEGIN FILE stdout: 

**** END FILE stdout ***
**** BEGIN FILE stderr: 

**** END FILE stderr ***
Test succeded
**** BEGIN FILE source file: /var/folders/br/wxmxwj554j9chb8y8w7hmwk00000gn/T/cov-jacktjaden/3f3e462f62b13aa2e7139ff913623fb3/cov-jacktjaden/9024021a0e8655abbacac798810235a9/size_t_is_unsigned_int.cpp
#include <stddef.h>
size_t *s;
unsigned int *i;
void foo() { i=s; }


**** END FILE source file ***
pipe_command: /usr/bin/cc -c /var/folders/br/wxmxwj554j9chb8y8w7hmwk00000gn/T/cov-jacktjaden/3f3e462f62b13aa2e7139ff913623fb3/cov-jacktjaden/9024021a0e8655abbacac798810235a9/size_t_is_unsigned_int.cpp 
pipe_commands starting: /usr/bin/cc -c /var/folders/br/wxmxwj554j9chb8y8w7hmwk00000gn/T/cov-jacktjaden/3f3e462f62b13aa2e7139ff913623fb3/cov-jacktjaden/9024021a0e8655abbacac798810235a9/size_t_is_unsigned_int.cpp 
**** BEGIN FILE stdout: 

**** END FILE stdout ***
**** BEGIN FILE stderr: 
/var/folders/br/wxmxwj554j9chb8y8w7hmwk00000gn/T/cov-jacktjaden/3f3e462f62b13aa2e7139ff913623fb3/cov-jacktjaden/9024021a0e8655abbacac798810235a9/size_t_is_unsigned_int.cpp:4:16: error: incompatible pointer types assigning to 'unsigned int *' from 'size_t *' (aka 'unsigned long *')
    4 | void foo() { i=s; }
      |                ^
1 error generated.

**** END FILE stderr ***
Test failed
**** BEGIN FILE source file: /var/folders/br/wxmxwj554j9chb8y8w7hmwk00000gn/T/cov-jacktjaden/3f3e462f62b13aa2e7139ff913623fb3/cov-jacktjaden/9024021a0e8655abbacac798810235a9/size_t_is_unsigned_long.cpp
#include <stddef.h>
size_t *s;
unsigned long *i;
void foo() { i=s; }


**** END FILE source file ***
pipe_command: /usr/bin/cc -c /var/folders/br/wxmxwj554j9chb8y8w7hmwk00000gn/T/cov-jacktjaden/3f3e462f62b13aa2e7139ff913623fb3/cov-jacktjaden/9024021a0e8655abbacac798810235a9/size_t_is_unsigned_long.cpp 
pipe_commands starting: /usr/bin/cc -c /var/folders/br/wxmxwj554j9chb8y8w7hmwk00000gn/T/cov-jacktjaden/3f3e462f62b13aa2e7139ff913623fb3/cov-jacktjaden/9024021a0e8655abbacac798810235a9/size_t_is_unsigned_long.cpp 
**** BEGIN FILE stdout: 

**** END FILE stdout ***
**** BEGIN FILE stderr: 

**** END FILE stderr ***
Test succeded
**** END PROBE Detecting size_t ****
**** BEGIN PROBE Detecting ptrdiff_t ****
Detecting ptrdiff_t.
**** BEGIN FILE source file: /var/folders/br/wxmxwj554j9chb8y8w7hmwk00000gn/T/cov-jacktjaden/3f3e462f62b13aa2e7139ff913623fb3/cov-jacktjaden/9024021a0e8655abbacac798810235a9/ptrdiff_t_is_valid_type.cpp
ptrdiff_t * s;


**** END FILE source file ***
pipe_command: /usr/bin/cc -c /var/folders/br/wxmxwj554j9chb8y8w7hmwk00000gn/T/cov-jacktjaden/3f3e462f62b13aa2e7139ff913623fb3/cov-jacktjaden/9024021a0e8655abbacac798810235a9/ptrdiff_t_is_valid_type.cpp 
pipe_commands starting: /usr/bin/cc -c /var/folders/br/wxmxwj554j9chb8y8w7hmwk00000gn/T/cov-jacktjaden/3f3e462f62b13aa2e7139ff913623fb3/cov-jacktjaden/9024021a0e8655abbacac798810235a9/ptrdiff_t_is_valid_type.cpp 
**** BEGIN FILE stdout: 

**** END FILE stdout ***
**** BEGIN FILE stderr: 
/var/folders/br/wxmxwj554j9chb8y8w7hmwk00000gn/T/cov-jacktjaden/3f3e462f62b13aa2e7139ff913623fb3/cov-jacktjaden/9024021a0e8655abbacac798810235a9/ptrdiff_t_is_valid_type.cpp:1:1: error: unknown type name 'ptrdiff_t'
    1 | ptrdiff_t * s;
      | ^
1 error generated.

**** END FILE stderr ***
Test failed
**** BEGIN FILE source file: /var/folders/br/wxmxwj554j9chb8y8w7hmwk00000gn/T/cov-jacktjaden/3f3e462f62b13aa2e7139ff913623fb3/cov-jacktjaden/9024021a0e8655abbacac798810235a9/ptrdiff_t_is_valid_type2.cpp
#include <stddef.h>
ptrdiff_t * s;


**** END FILE source file ***
pipe_command: /usr/bin/cc -c /var/folders/br/wxmxwj554j9chb8y8w7hmwk00000gn/T/cov-jacktjaden/3f3e462f62b13aa2e7139ff913623fb3/cov-jacktjaden/9024021a0e8655abbacac798810235a9/ptrdiff_t_is_valid_type2.cpp 
pipe_commands starting: /usr/bin/cc -c /var/folders/br/wxmxwj554j9chb8y8w7hmwk00000gn/T/cov-jacktjaden/3f3e462f62b13aa2e7139ff913623fb3/cov-jacktjaden/9024021a0e8655abbacac798810235a9/ptrdiff_t_is_valid_type2.cpp 
**** BEGIN FILE stdout: 

**** END FILE stdout ***
**** BEGIN FILE stderr: 

**** END FILE stderr ***
Test succeded
**** BEGIN FILE source file: /var/folders/br/wxmxwj554j9chb8y8w7hmwk00000gn/T/cov-jacktjaden/3f3e462f62b13aa2e7139ff913623fb3/cov-jacktjaden/9024021a0e8655abbacac798810235a9/size_t_is_int.cpp
#include <stddef.h>
ptrdiff_t *s;
int *i;
void foo() { i=s; }


**** END FILE source file ***
pipe_command: /usr/bin/cc -c /var/folders/br/wxmxwj554j9chb8y8w7hmwk00000gn/T/cov-jacktjaden/3f3e462f62b13aa2e7139ff913623fb3/cov-jacktjaden/9024021a0e8655abbacac798810235a9/size_t_is_int.cpp 
pipe_commands starting: /usr/bin/cc -c /var/folders/br/wxmxwj554j9chb8y8w7hmwk00000gn/T/cov-jacktjaden/3f3e462f62b13aa2e7139ff913623fb3/cov-jacktjaden/9024021a0e8655abbacac798810235a9/size_t_is_int.cpp 
**** BEGIN FILE stdout: 

**** END FILE stdout ***
**** BEGIN FILE stderr: 
/var/folders/br/wxmxwj554j9chb8y8w7hmwk00000gn/T/cov-jacktjaden/3f3e462f62b13aa2e7139ff913623fb3/cov-jacktjaden/9024021a0e8655abbacac798810235a9/size_t_is_int.cpp:4:16: error: incompatible pointer types assigning to 'int *' from 'ptrdiff_t *' (aka 'long *')
    4 | void foo() { i=s; }
      |                ^
1 error generated.

**** END FILE stderr ***
Test failed
**** BEGIN FILE source file: /var/folders/br/wxmxwj554j9chb8y8w7hmwk00000gn/T/cov-jacktjaden/3f3e462f62b13aa2e7139ff913623fb3/cov-jacktjaden/9024021a0e8655abbacac798810235a9/size_t_is_long.cpp
#include <stddef.h>
ptrdiff_t *s;
long *i;
void foo() { i=s; }


**** END FILE source file ***
pipe_command: /usr/bin/cc -c /var/folders/br/wxmxwj554j9chb8y8w7hmwk00000gn/T/cov-jacktjaden/3f3e462f62b13aa2e7139ff913623fb3/cov-jacktjaden/9024021a0e8655abbacac798810235a9/size_t_is_long.cpp 
pipe_commands starting: /usr/bin/cc -c /var/folders/br/wxmxwj554j9chb8y8w7hmwk00000gn/T/cov-jacktjaden/3f3e462f62b13aa2e7139ff913623fb3/cov-jacktjaden/9024021a0e8655abbacac798810235a9/size_t_is_long.cpp 
**** BEGIN FILE stdout: 

**** END FILE stdout ***
**** BEGIN FILE stderr: 

**** END FILE stderr ***
Test succeded
**** END PROBE Detecting ptrdiff_t ****
**** BEGIN PROBE add_appropriate_type_size_and_alignment_switch ****
[STATUS] g++-config-0: Detecting size and alignment of fundamental types.
Detecting size and alignment of wchar_t
**** BEGIN PROBE run_type_size_test ****
**** BEGIN FILE source file: /var/folders/br/wxmxwj554j9chb8y8w7hmwk00000gn/T/cov-jacktjaden/3f3e462f62b13aa2e7139ff913623fb3/cov-jacktjaden/9024021a0e8655abbacac798810235a9/keyword_wchar_t.cpp
wchar_t x;

**** END FILE source file ***
pipe_command: /usr/bin/cc -c /var/folders/br/wxmxwj554j9chb8y8w7hmwk00000gn/T/cov-jacktjaden/3f3e462f62b13aa2e7139ff913623fb3/cov-jacktjaden/9024021a0e8655abbacac798810235a9/keyword_wchar_t.cpp 
pipe_commands starting: /usr/bin/cc -c /var/folders/br/wxmxwj554j9chb8y8w7hmwk00000gn/T/cov-jacktjaden/3f3e462f62b13aa2e7139ff913623fb3/cov-jacktjaden/9024021a0e8655abbacac798810235a9/keyword_wchar_t.cpp 
**** BEGIN FILE stdout: 

**** END FILE stdout ***
**** BEGIN FILE stderr: 

**** END FILE stderr ***
Test succeded
**** BEGIN FILE source file: /var/folders/br/wxmxwj554j9chb8y8w7hmwk00000gn/T/cov-jacktjaden/3f3e462f62b13aa2e7139ff913623fb3/cov-jacktjaden/9024021a0e8655abbacac798810235a9/wchar_t_size_4.cpp
int x [((int)sizeof (wchar_t)) -4];

**** END FILE source file ***
pipe_command: /usr/bin/cc -c /var/folders/br/wxmxwj554j9chb8y8w7hmwk00000gn/T/cov-jacktjaden/3f3e462f62b13aa2e7139ff913623fb3/cov-jacktjaden/9024021a0e8655abbacac798810235a9/wchar_t_size_4.cpp 
pipe_commands starting: /usr/bin/cc -c /var/folders/br/wxmxwj554j9chb8y8w7hmwk00000gn/T/cov-jacktjaden/3f3e462f62b13aa2e7139ff913623fb3/cov-jacktjaden/9024021a0e8655abbacac798810235a9/wchar_t_size_4.cpp 
**** BEGIN FILE stdout: 

**** END FILE stdout ***
**** BEGIN FILE stderr: 

**** END FILE stderr ***
Test succeded
**** END PROBE run_type_size_test ****
**** BEGIN FILE source file: /var/folders/br/wxmxwj554j9chb8y8w7hmwk00000gn/T/cov-jacktjaden/3f3e462f62b13aa2e7139ff913623fb3/cov-jacktjaden/9024021a0e8655abbacac798810235a9/wchar_t_align_4.cpp
struct X { char a; wchar_t b; };
struct Y {
char a1;
char a2;
char a3;
char a4;
wchar_t b; };
int x[sizeof(struct X)==sizeof(struct Y)?1:-1];


**** END FILE source file ***
pipe_command: /usr/bin/cc -c /var/folders/br/wxmxwj554j9chb8y8w7hmwk00000gn/T/cov-jacktjaden/3f3e462f62b13aa2e7139ff913623fb3/cov-jacktjaden/9024021a0e8655abbacac798810235a9/wchar_t_align_4.cpp 
pipe_commands starting: /usr/bin/cc -c /var/folders/br/wxmxwj554j9chb8y8w7hmwk00000gn/T/cov-jacktjaden/3f3e462f62b13aa2e7139ff913623fb3/cov-jacktjaden/9024021a0e8655abbacac798810235a9/wchar_t_align_4.cpp 
**** BEGIN FILE stdout: 

**** END FILE stdout ***
**** BEGIN FILE stderr: 

**** END FILE stderr ***
Test succeded
Detecting size and alignment of long long
**** BEGIN PROBE run_type_size_test ****
**** BEGIN FILE source file: /var/folders/br/wxmxwj554j9chb8y8w7hmwk00000gn/T/cov-jacktjaden/3f3e462f62b13aa2e7139ff913623fb3/cov-jacktjaden/9024021a0e8655abbacac798810235a9/keyword_long_long.cpp
long long x;

**** END FILE source file ***
pipe_command: /usr/bin/cc -c /var/folders/br/wxmxwj554j9chb8y8w7hmwk00000gn/T/cov-jacktjaden/3f3e462f62b13aa2e7139ff913623fb3/cov-jacktjaden/9024021a0e8655abbacac798810235a9/keyword_long_long.cpp 
pipe_commands starting: /usr/bin/cc -c /var/folders/br/wxmxwj554j9chb8y8w7hmwk00000gn/T/cov-jacktjaden/3f3e462f62b13aa2e7139ff913623fb3/cov-jacktjaden/9024021a0e8655abbacac798810235a9/keyword_long_long.cpp 
**** BEGIN FILE stdout: 

**** END FILE stdout ***
**** BEGIN FILE stderr: 

**** END FILE stderr ***
Test succeded
**** BEGIN FILE source file: /var/folders/br/wxmxwj554j9chb8y8w7hmwk00000gn/T/cov-jacktjaden/3f3e462f62b13aa2e7139ff913623fb3/cov-jacktjaden/9024021a0e8655abbacac798810235a9/long_long_size_8.cpp
int x [((int)sizeof (long long)) -8];

**** END FILE source file ***
pipe_command: /usr/bin/cc -c /var/folders/br/wxmxwj554j9chb8y8w7hmwk00000gn/T/cov-jacktjaden/3f3e462f62b13aa2e7139ff913623fb3/cov-jacktjaden/9024021a0e8655abbacac798810235a9/long_long_size_8.cpp 
pipe_commands starting: /usr/bin/cc -c /var/folders/br/wxmxwj554j9chb8y8w7hmwk00000gn/T/cov-jacktjaden/3f3e462f62b13aa2e7139ff913623fb3/cov-jacktjaden/9024021a0e8655abbacac798810235a9/long_long_size_8.cpp 
**** BEGIN FILE stdout: 

**** END FILE stdout ***
**** BEGIN FILE stderr: 

**** END FILE stderr ***
Test succeded
**** END PROBE run_type_size_test ****
**** BEGIN FILE source file: /var/folders/br/wxmxwj554j9chb8y8w7hmwk00000gn/T/cov-jacktjaden/3f3e462f62b13aa2e7139ff913623fb3/cov-jacktjaden/9024021a0e8655abbacac798810235a9/long_long_align_8.cpp
struct X { char a; long long b; };
struct Y {
char a1;
char a2;
char a3;
char a4;
char a5;
char a6;
char a7;
char a8;
long long b; };
int x[sizeof(struct X)==sizeof(struct Y)?1:-1];


**** END FILE source file ***
pipe_command: /usr/bin/cc -c /var/folders/br/wxmxwj554j9chb8y8w7hmwk00000gn/T/cov-jacktjaden/3f3e462f62b13aa2e7139ff913623fb3/cov-jacktjaden/9024021a0e8655abbacac798810235a9/long_long_align_8.cpp 
pipe_commands starting: /usr/bin/cc -c /var/folders/br/wxmxwj554j9chb8y8w7hmwk00000gn/T/cov-jacktjaden/3f3e462f62b13aa2e7139ff913623fb3/cov-jacktjaden/9024021a0e8655abbacac798810235a9/long_long_align_8.cpp 
**** BEGIN FILE stdout: 

**** END FILE stdout ***
**** BEGIN FILE stderr: 

**** END FILE stderr ***
Test succeded
Detecting size and alignment of long
**** BEGIN PROBE run_type_size_test ****
**** BEGIN FILE source file: /var/folders/br/wxmxwj554j9chb8y8w7hmwk00000gn/T/cov-jacktjaden/3f3e462f62b13aa2e7139ff913623fb3/cov-jacktjaden/9024021a0e8655abbacac798810235a9/keyword_long.cpp
long x;

**** END FILE source file ***
pipe_command: /usr/bin/cc -c /var/folders/br/wxmxwj554j9chb8y8w7hmwk00000gn/T/cov-jacktjaden/3f3e462f62b13aa2e7139ff913623fb3/cov-jacktjaden/9024021a0e8655abbacac798810235a9/keyword_long.cpp 
pipe_commands starting: /usr/bin/cc -c /var/folders/br/wxmxwj554j9chb8y8w7hmwk00000gn/T/cov-jacktjaden/3f3e462f62b13aa2e7139ff913623fb3/cov-jacktjaden/9024021a0e8655abbacac798810235a9/keyword_long.cpp 
**** BEGIN FILE stdout: 

**** END FILE stdout ***
**** BEGIN FILE stderr: 

**** END FILE stderr ***
Test succeded
**** BEGIN FILE source file: /var/folders/br/wxmxwj554j9chb8y8w7hmwk00000gn/T/cov-jacktjaden/3f3e462f62b13aa2e7139ff913623fb3/cov-jacktjaden/9024021a0e8655abbacac798810235a9/long_size_8.cpp
int x [((int)sizeof (long)) -8];

**** END FILE source file ***
pipe_command: /usr/bin/cc -c /var/folders/br/wxmxwj554j9chb8y8w7hmwk00000gn/T/cov-jacktjaden/3f3e462f62b13aa2e7139ff913623fb3/cov-jacktjaden/9024021a0e8655abbacac798810235a9/long_size_8.cpp 
pipe_commands starting: /usr/bin/cc -c /var/folders/br/wxmxwj554j9chb8y8w7hmwk00000gn/T/cov-jacktjaden/3f3e462f62b13aa2e7139ff913623fb3/cov-jacktjaden/9024021a0e8655abbacac798810235a9/long_size_8.cpp 
**** BEGIN FILE stdout: 

**** END FILE stdout ***
**** BEGIN FILE stderr: 

**** END FILE stderr ***
Test succeded
**** END PROBE run_type_size_test ****
**** BEGIN FILE source file: /var/folders/br/wxmxwj554j9chb8y8w7hmwk00000gn/T/cov-jacktjaden/3f3e462f62b13aa2e7139ff913623fb3/cov-jacktjaden/9024021a0e8655abbacac798810235a9/long_align_8.cpp
struct X { char a; long b; };
struct Y {
char a1;
char a2;
char a3;
char a4;
char a5;
char a6;
char a7;
char a8;
long b; };
int x[sizeof(struct X)==sizeof(struct Y)?1:-1];


**** END FILE source file ***
pipe_command: /usr/bin/cc -c /var/folders/br/wxmxwj554j9chb8y8w7hmwk00000gn/T/cov-jacktjaden/3f3e462f62b13aa2e7139ff913623fb3/cov-jacktjaden/9024021a0e8655abbacac798810235a9/long_align_8.cpp 
pipe_commands starting: /usr/bin/cc -c /var/folders/br/wxmxwj554j9chb8y8w7hmwk00000gn/T/cov-jacktjaden/3f3e462f62b13aa2e7139ff913623fb3/cov-jacktjaden/9024021a0e8655abbacac798810235a9/long_align_8.cpp 
**** BEGIN FILE stdout: 

**** END FILE stdout ***
**** BEGIN FILE stderr: 

**** END FILE stderr ***
Test succeded
Detecting size and alignment of int
**** BEGIN PROBE run_type_size_test ****
**** BEGIN FILE source file: /var/folders/br/wxmxwj554j9chb8y8w7hmwk00000gn/T/cov-jacktjaden/3f3e462f62b13aa2e7139ff913623fb3/cov-jacktjaden/9024021a0e8655abbacac798810235a9/keyword_int.cpp
int x;

**** END FILE source file ***
pipe_command: /usr/bin/cc -c /var/folders/br/wxmxwj554j9chb8y8w7hmwk00000gn/T/cov-jacktjaden/3f3e462f62b13aa2e7139ff913623fb3/cov-jacktjaden/9024021a0e8655abbacac798810235a9/keyword_int.cpp 
pipe_commands starting: /usr/bin/cc -c /var/folders/br/wxmxwj554j9chb8y8w7hmwk00000gn/T/cov-jacktjaden/3f3e462f62b13aa2e7139ff913623fb3/cov-jacktjaden/9024021a0e8655abbacac798810235a9/keyword_int.cpp 
**** BEGIN FILE stdout: 

**** END FILE stdout ***
**** BEGIN FILE stderr: 

**** END FILE stderr ***
Test succeded
**** BEGIN FILE source file: /var/folders/br/wxmxwj554j9chb8y8w7hmwk00000gn/T/cov-jacktjaden/3f3e462f62b13aa2e7139ff913623fb3/cov-jacktjaden/9024021a0e8655abbacac798810235a9/int_size_8.cpp
int x [((int)sizeof (int)) -8];

**** END FILE source file ***
pipe_command: /usr/bin/cc -c /var/folders/br/wxmxwj554j9chb8y8w7hmwk00000gn/T/cov-jacktjaden/3f3e462f62b13aa2e7139ff913623fb3/cov-jacktjaden/9024021a0e8655abbacac798810235a9/int_size_8.cpp 
pipe_commands starting: /usr/bin/cc -c /var/folders/br/wxmxwj554j9chb8y8w7hmwk00000gn/T/cov-jacktjaden/3f3e462f62b13aa2e7139ff913623fb3/cov-jacktjaden/9024021a0e8655abbacac798810235a9/int_size_8.cpp 
**** BEGIN FILE stdout: 

**** END FILE stdout ***
**** BEGIN FILE stderr: 
/var/folders/br/wxmxwj554j9chb8y8w7hmwk00000gn/T/cov-jacktjaden/3f3e462f62b13aa2e7139ff913623fb3/cov-jacktjaden/9024021a0e8655abbacac798810235a9/int_size_8.cpp:1:8: error: 'x' declared as an array with a negative size
    1 | int x [((int)sizeof (int)) -8];
      |        ^~~~~~~~~~~~~~~~~~~~~~
1 error generated.

**** END FILE stderr ***
Test failed
**** BEGIN FILE source file: /var/folders/br/wxmxwj554j9chb8y8w7hmwk00000gn/T/cov-jacktjaden/3f3e462f62b13aa2e7139ff913623fb3/cov-jacktjaden/9024021a0e8655abbacac798810235a9/int_size_7.cpp
int x [((int)sizeof (int)) -7];

**** END FILE source file ***
pipe_command: /usr/bin/cc -c /var/folders/br/wxmxwj554j9chb8y8w7hmwk00000gn/T/cov-jacktjaden/3f3e462f62b13aa2e7139ff913623fb3/cov-jacktjaden/9024021a0e8655abbacac798810235a9/int_size_7.cpp 
pipe_commands starting: /usr/bin/cc -c /var/folders/br/wxmxwj554j9chb8y8w7hmwk00000gn/T/cov-jacktjaden/3f3e462f62b13aa2e7139ff913623fb3/cov-jacktjaden/9024021a0e8655abbacac798810235a9/int_size_7.cpp 
**** BEGIN FILE stdout: 

**** END FILE stdout ***
**** BEGIN FILE stderr: 
/var/folders/br/wxmxwj554j9chb8y8w7hmwk00000gn/T/cov-jacktjaden/3f3e462f62b13aa2e7139ff913623fb3/cov-jacktjaden/9024021a0e8655abbacac798810235a9/int_size_7.cpp:1:8: error: 'x' declared as an array with a negative size
    1 | int x [((int)sizeof (int)) -7];
      |        ^~~~~~~~~~~~~~~~~~~~~~
1 error generated.

**** END FILE stderr ***
Test failed
**** BEGIN FILE source file: /var/folders/br/wxmxwj554j9chb8y8w7hmwk00000gn/T/cov-jacktjaden/3f3e462f62b13aa2e7139ff913623fb3/cov-jacktjaden/9024021a0e8655abbacac798810235a9/int_size_6.cpp
int x [((int)sizeof (int)) -6];

**** END FILE source file ***
pipe_command: /usr/bin/cc -c /var/folders/br/wxmxwj554j9chb8y8w7hmwk00000gn/T/cov-jacktjaden/3f3e462f62b13aa2e7139ff913623fb3/cov-jacktjaden/9024021a0e8655abbacac798810235a9/int_size_6.cpp 
pipe_commands starting: /usr/bin/cc -c /var/folders/br/wxmxwj554j9chb8y8w7hmwk00000gn/T/cov-jacktjaden/3f3e462f62b13aa2e7139ff913623fb3/cov-jacktjaden/9024021a0e8655abbacac798810235a9/int_size_6.cpp 
**** BEGIN FILE stdout: 

**** END FILE stdout ***
**** BEGIN FILE stderr: 
/var/folders/br/wxmxwj554j9chb8y8w7hmwk00000gn/T/cov-jacktjaden/3f3e462f62b13aa2e7139ff913623fb3/cov-jacktjaden/9024021a0e8655abbacac798810235a9/int_size_6.cpp:1:8: error: 'x' declared as an array with a negative size
    1 | int x [((int)sizeof (int)) -6];
      |        ^~~~~~~~~~~~~~~~~~~~~~
1 error generated.

**** END FILE stderr ***
Test failed
**** BEGIN FILE source file: /var/folders/br/wxmxwj554j9chb8y8w7hmwk00000gn/T/cov-jacktjaden/3f3e462f62b13aa2e7139ff913623fb3/cov-jacktjaden/9024021a0e8655abbacac798810235a9/int_size_5.cpp
int x [((int)sizeof (int)) -5];

**** END FILE source file ***
pipe_command: /usr/bin/cc -c /var/folders/br/wxmxwj554j9chb8y8w7hmwk00000gn/T/cov-jacktjaden/3f3e462f62b13aa2e7139ff913623fb3/cov-jacktjaden/9024021a0e8655abbacac798810235a9/int_size_5.cpp 
pipe_commands starting: /usr/bin/cc -c /var/folders/br/wxmxwj554j9chb8y8w7hmwk00000gn/T/cov-jacktjaden/3f3e462f62b13aa2e7139ff913623fb3/cov-jacktjaden/9024021a0e8655abbacac798810235a9/int_size_5.cpp 
**** BEGIN FILE stdout: 

**** END FILE stdout ***
**** BEGIN FILE stderr: 
/var/folders/br/wxmxwj554j9chb8y8w7hmwk00000gn/T/cov-jacktjaden/3f3e462f62b13aa2e7139ff913623fb3/cov-jacktjaden/9024021a0e8655abbacac798810235a9/int_size_5.cpp:1:8: error: 'x' declared as an array with a negative size
    1 | int x [((int)sizeof (int)) -5];
      |        ^~~~~~~~~~~~~~~~~~~~~~
1 error generated.

**** END FILE stderr ***
Test failed
**** BEGIN FILE source file: /var/folders/br/wxmxwj554j9chb8y8w7hmwk00000gn/T/cov-jacktjaden/3f3e462f62b13aa2e7139ff913623fb3/cov-jacktjaden/9024021a0e8655abbacac798810235a9/int_size_4.cpp
int x [((int)sizeof (int)) -4];

**** END FILE source file ***
pipe_command: /usr/bin/cc -c /var/folders/br/wxmxwj554j9chb8y8w7hmwk00000gn/T/cov-jacktjaden/3f3e462f62b13aa2e7139ff913623fb3/cov-jacktjaden/9024021a0e8655abbacac798810235a9/int_size_4.cpp 
pipe_commands starting: /usr/bin/cc -c /var/folders/br/wxmxwj554j9chb8y8w7hmwk00000gn/T/cov-jacktjaden/3f3e462f62b13aa2e7139ff913623fb3/cov-jacktjaden/9024021a0e8655abbacac798810235a9/int_size_4.cpp 
**** BEGIN FILE stdout: 

**** END FILE stdout ***
**** BEGIN FILE stderr: 

**** END FILE stderr ***
Test succeded
**** END PROBE run_type_size_test ****
**** BEGIN FILE source file: /var/folders/br/wxmxwj554j9chb8y8w7hmwk00000gn/T/cov-jacktjaden/3f3e462f62b13aa2e7139ff913623fb3/cov-jacktjaden/9024021a0e8655abbacac798810235a9/int_align_8.cpp
struct X { char a; int b; };
struct Y {
char a1;
char a2;
char a3;
char a4;
char a5;
char a6;
char a7;
char a8;
int b; };
int x[sizeof(struct X)==sizeof(struct Y)?1:-1];


**** END FILE source file ***
pipe_command: /usr/bin/cc -c /var/folders/br/wxmxwj554j9chb8y8w7hmwk00000gn/T/cov-jacktjaden/3f3e462f62b13aa2e7139ff913623fb3/cov-jacktjaden/9024021a0e8655abbacac798810235a9/int_align_8.cpp 
pipe_commands starting: /usr/bin/cc -c /var/folders/br/wxmxwj554j9chb8y8w7hmwk00000gn/T/cov-jacktjaden/3f3e462f62b13aa2e7139ff913623fb3/cov-jacktjaden/9024021a0e8655abbacac798810235a9/int_align_8.cpp 
**** BEGIN FILE stdout: 

**** END FILE stdout ***
**** BEGIN FILE stderr: 
/var/folders/br/wxmxwj554j9chb8y8w7hmwk00000gn/T/cov-jacktjaden/3f3e462f62b13aa2e7139ff913623fb3/cov-jacktjaden/9024021a0e8655abbacac798810235a9/int_align_8.cpp:12:7: error: 'x' declared as an array with a negative size
   12 | int x[sizeof(struct X)==sizeof(struct Y)?1:-1];
      |       ^~~~~~~~~~~~~~~~~~~~~~~~~~~~~~~~~~~~~~~
1 error generated.

**** END FILE stderr ***
Test failed
**** BEGIN FILE source file: /var/folders/br/wxmxwj554j9chb8y8w7hmwk00000gn/T/cov-jacktjaden/3f3e462f62b13aa2e7139ff913623fb3/cov-jacktjaden/9024021a0e8655abbacac798810235a9/int_align_7.cpp
struct X { char a; int b; };
struct Y {
char a1;
char a2;
char a3;
char a4;
char a5;
char a6;
char a7;
int b; };
int x[sizeof(struct X)==sizeof(struct Y)?1:-1];


**** END FILE source file ***
pipe_command: /usr/bin/cc -c /var/folders/br/wxmxwj554j9chb8y8w7hmwk00000gn/T/cov-jacktjaden/3f3e462f62b13aa2e7139ff913623fb3/cov-jacktjaden/9024021a0e8655abbacac798810235a9/int_align_7.cpp 
pipe_commands starting: /usr/bin/cc -c /var/folders/br/wxmxwj554j9chb8y8w7hmwk00000gn/T/cov-jacktjaden/3f3e462f62b13aa2e7139ff913623fb3/cov-jacktjaden/9024021a0e8655abbacac798810235a9/int_align_7.cpp 
**** BEGIN FILE stdout: 

**** END FILE stdout ***
**** BEGIN FILE stderr: 
/var/folders/br/wxmxwj554j9chb8y8w7hmwk00000gn/T/cov-jacktjaden/3f3e462f62b13aa2e7139ff913623fb3/cov-jacktjaden/9024021a0e8655abbacac798810235a9/int_align_7.cpp:11:7: error: 'x' declared as an array with a negative size
   11 | int x[sizeof(struct X)==sizeof(struct Y)?1:-1];
      |       ^~~~~~~~~~~~~~~~~~~~~~~~~~~~~~~~~~~~~~~
1 error generated.

**** END FILE stderr ***
Test failed
**** BEGIN FILE source file: /var/folders/br/wxmxwj554j9chb8y8w7hmwk00000gn/T/cov-jacktjaden/3f3e462f62b13aa2e7139ff913623fb3/cov-jacktjaden/9024021a0e8655abbacac798810235a9/int_align_6.cpp
struct X { char a; int b; };
struct Y {
char a1;
char a2;
char a3;
char a4;
char a5;
char a6;
int b; };
int x[sizeof(struct X)==sizeof(struct Y)?1:-1];


**** END FILE source file ***
pipe_command: /usr/bin/cc -c /var/folders/br/wxmxwj554j9chb8y8w7hmwk00000gn/T/cov-jacktjaden/3f3e462f62b13aa2e7139ff913623fb3/cov-jacktjaden/9024021a0e8655abbacac798810235a9/int_align_6.cpp 
pipe_commands starting: /usr/bin/cc -c /var/folders/br/wxmxwj554j9chb8y8w7hmwk00000gn/T/cov-jacktjaden/3f3e462f62b13aa2e7139ff913623fb3/cov-jacktjaden/9024021a0e8655abbacac798810235a9/int_align_6.cpp 
**** BEGIN FILE stdout: 

**** END FILE stdout ***
**** BEGIN FILE stderr: 
/var/folders/br/wxmxwj554j9chb8y8w7hmwk00000gn/T/cov-jacktjaden/3f3e462f62b13aa2e7139ff913623fb3/cov-jacktjaden/9024021a0e8655abbacac798810235a9/int_align_6.cpp:10:7: error: 'x' declared as an array with a negative size
   10 | int x[sizeof(struct X)==sizeof(struct Y)?1:-1];
      |       ^~~~~~~~~~~~~~~~~~~~~~~~~~~~~~~~~~~~~~~
1 error generated.

**** END FILE stderr ***
Test failed
**** BEGIN FILE source file: /var/folders/br/wxmxwj554j9chb8y8w7hmwk00000gn/T/cov-jacktjaden/3f3e462f62b13aa2e7139ff913623fb3/cov-jacktjaden/9024021a0e8655abbacac798810235a9/int_align_5.cpp
struct X { char a; int b; };
struct Y {
char a1;
char a2;
char a3;
char a4;
char a5;
int b; };
int x[sizeof(struct X)==sizeof(struct Y)?1:-1];


**** END FILE source file ***
pipe_command: /usr/bin/cc -c /var/folders/br/wxmxwj554j9chb8y8w7hmwk00000gn/T/cov-jacktjaden/3f3e462f62b13aa2e7139ff913623fb3/cov-jacktjaden/9024021a0e8655abbacac798810235a9/int_align_5.cpp 
pipe_commands starting: /usr/bin/cc -c /var/folders/br/wxmxwj554j9chb8y8w7hmwk00000gn/T/cov-jacktjaden/3f3e462f62b13aa2e7139ff913623fb3/cov-jacktjaden/9024021a0e8655abbacac798810235a9/int_align_5.cpp 
**** BEGIN FILE stdout: 

**** END FILE stdout ***
**** BEGIN FILE stderr: 
/var/folders/br/wxmxwj554j9chb8y8w7hmwk00000gn/T/cov-jacktjaden/3f3e462f62b13aa2e7139ff913623fb3/cov-jacktjaden/9024021a0e8655abbacac798810235a9/int_align_5.cpp:9:7: error: 'x' declared as an array with a negative size
    9 | int x[sizeof(struct X)==sizeof(struct Y)?1:-1];
      |       ^~~~~~~~~~~~~~~~~~~~~~~~~~~~~~~~~~~~~~~
1 error generated.

**** END FILE stderr ***
Test failed
**** BEGIN FILE source file: /var/folders/br/wxmxwj554j9chb8y8w7hmwk00000gn/T/cov-jacktjaden/3f3e462f62b13aa2e7139ff913623fb3/cov-jacktjaden/9024021a0e8655abbacac798810235a9/int_align_4.cpp
struct X { char a; int b; };
struct Y {
char a1;
char a2;
char a3;
char a4;
int b; };
int x[sizeof(struct X)==sizeof(struct Y)?1:-1];


**** END FILE source file ***
pipe_command: /usr/bin/cc -c /var/folders/br/wxmxwj554j9chb8y8w7hmwk00000gn/T/cov-jacktjaden/3f3e462f62b13aa2e7139ff913623fb3/cov-jacktjaden/9024021a0e8655abbacac798810235a9/int_align_4.cpp 
pipe_commands starting: /usr/bin/cc -c /var/folders/br/wxmxwj554j9chb8y8w7hmwk00000gn/T/cov-jacktjaden/3f3e462f62b13aa2e7139ff913623fb3/cov-jacktjaden/9024021a0e8655abbacac798810235a9/int_align_4.cpp 
**** BEGIN FILE stdout: 

**** END FILE stdout ***
**** BEGIN FILE stderr: 

**** END FILE stderr ***
Test succeded
Detecting size and alignment of short
**** BEGIN PROBE run_type_size_test ****
**** BEGIN FILE source file: /var/folders/br/wxmxwj554j9chb8y8w7hmwk00000gn/T/cov-jacktjaden/3f3e462f62b13aa2e7139ff913623fb3/cov-jacktjaden/9024021a0e8655abbacac798810235a9/keyword_short.cpp
short x;

**** END FILE source file ***
pipe_command: /usr/bin/cc -c /var/folders/br/wxmxwj554j9chb8y8w7hmwk00000gn/T/cov-jacktjaden/3f3e462f62b13aa2e7139ff913623fb3/cov-jacktjaden/9024021a0e8655abbacac798810235a9/keyword_short.cpp 
pipe_commands starting: /usr/bin/cc -c /var/folders/br/wxmxwj554j9chb8y8w7hmwk00000gn/T/cov-jacktjaden/3f3e462f62b13aa2e7139ff913623fb3/cov-jacktjaden/9024021a0e8655abbacac798810235a9/keyword_short.cpp 
**** BEGIN FILE stdout: 

**** END FILE stdout ***
**** BEGIN FILE stderr: 

**** END FILE stderr ***
Test succeded
**** BEGIN FILE source file: /var/folders/br/wxmxwj554j9chb8y8w7hmwk00000gn/T/cov-jacktjaden/3f3e462f62b13aa2e7139ff913623fb3/cov-jacktjaden/9024021a0e8655abbacac798810235a9/short_size_4.cpp
int x [((int)sizeof (short)) -4];

**** END FILE source file ***
pipe_command: /usr/bin/cc -c /var/folders/br/wxmxwj554j9chb8y8w7hmwk00000gn/T/cov-jacktjaden/3f3e462f62b13aa2e7139ff913623fb3/cov-jacktjaden/9024021a0e8655abbacac798810235a9/short_size_4.cpp 
pipe_commands starting: /usr/bin/cc -c /var/folders/br/wxmxwj554j9chb8y8w7hmwk00000gn/T/cov-jacktjaden/3f3e462f62b13aa2e7139ff913623fb3/cov-jacktjaden/9024021a0e8655abbacac798810235a9/short_size_4.cpp 
**** BEGIN FILE stdout: 

**** END FILE stdout ***
**** BEGIN FILE stderr: 
/var/folders/br/wxmxwj554j9chb8y8w7hmwk00000gn/T/cov-jacktjaden/3f3e462f62b13aa2e7139ff913623fb3/cov-jacktjaden/9024021a0e8655abbacac798810235a9/short_size_4.cpp:1:8: error: 'x' declared as an array with a negative size
    1 | int x [((int)sizeof (short)) -4];
      |        ^~~~~~~~~~~~~~~~~~~~~~~~
1 error generated.

**** END FILE stderr ***
Test failed
**** BEGIN FILE source file: /var/folders/br/wxmxwj554j9chb8y8w7hmwk00000gn/T/cov-jacktjaden/3f3e462f62b13aa2e7139ff913623fb3/cov-jacktjaden/9024021a0e8655abbacac798810235a9/short_size_3.cpp
int x [((int)sizeof (short)) -3];

**** END FILE source file ***
pipe_command: /usr/bin/cc -c /var/folders/br/wxmxwj554j9chb8y8w7hmwk00000gn/T/cov-jacktjaden/3f3e462f62b13aa2e7139ff913623fb3/cov-jacktjaden/9024021a0e8655abbacac798810235a9/short_size_3.cpp 
pipe_commands starting: /usr/bin/cc -c /var/folders/br/wxmxwj554j9chb8y8w7hmwk00000gn/T/cov-jacktjaden/3f3e462f62b13aa2e7139ff913623fb3/cov-jacktjaden/9024021a0e8655abbacac798810235a9/short_size_3.cpp 
**** BEGIN FILE stdout: 

**** END FILE stdout ***
**** BEGIN FILE stderr: 
/var/folders/br/wxmxwj554j9chb8y8w7hmwk00000gn/T/cov-jacktjaden/3f3e462f62b13aa2e7139ff913623fb3/cov-jacktjaden/9024021a0e8655abbacac798810235a9/short_size_3.cpp:1:8: error: 'x' declared as an array with a negative size
    1 | int x [((int)sizeof (short)) -3];
      |        ^~~~~~~~~~~~~~~~~~~~~~~~
1 error generated.

**** END FILE stderr ***
Test failed
**** BEGIN FILE source file: /var/folders/br/wxmxwj554j9chb8y8w7hmwk00000gn/T/cov-jacktjaden/3f3e462f62b13aa2e7139ff913623fb3/cov-jacktjaden/9024021a0e8655abbacac798810235a9/short_size_2.cpp
int x [((int)sizeof (short)) -2];

**** END FILE source file ***
pipe_command: /usr/bin/cc -c /var/folders/br/wxmxwj554j9chb8y8w7hmwk00000gn/T/cov-jacktjaden/3f3e462f62b13aa2e7139ff913623fb3/cov-jacktjaden/9024021a0e8655abbacac798810235a9/short_size_2.cpp 
pipe_commands starting: /usr/bin/cc -c /var/folders/br/wxmxwj554j9chb8y8w7hmwk00000gn/T/cov-jacktjaden/3f3e462f62b13aa2e7139ff913623fb3/cov-jacktjaden/9024021a0e8655abbacac798810235a9/short_size_2.cpp 
**** BEGIN FILE stdout: 

**** END FILE stdout ***
**** BEGIN FILE stderr: 

**** END FILE stderr ***
Test succeded
**** END PROBE run_type_size_test ****
**** BEGIN FILE source file: /var/folders/br/wxmxwj554j9chb8y8w7hmwk00000gn/T/cov-jacktjaden/3f3e462f62b13aa2e7139ff913623fb3/cov-jacktjaden/9024021a0e8655abbacac798810235a9/short_align_4.cpp
struct X { char a; short b; };
struct Y {
char a1;
char a2;
char a3;
char a4;
short b; };
int x[sizeof(struct X)==sizeof(struct Y)?1:-1];


**** END FILE source file ***
pipe_command: /usr/bin/cc -c /var/folders/br/wxmxwj554j9chb8y8w7hmwk00000gn/T/cov-jacktjaden/3f3e462f62b13aa2e7139ff913623fb3/cov-jacktjaden/9024021a0e8655abbacac798810235a9/short_align_4.cpp 
pipe_commands starting: /usr/bin/cc -c /var/folders/br/wxmxwj554j9chb8y8w7hmwk00000gn/T/cov-jacktjaden/3f3e462f62b13aa2e7139ff913623fb3/cov-jacktjaden/9024021a0e8655abbacac798810235a9/short_align_4.cpp 
**** BEGIN FILE stdout: 

**** END FILE stdout ***
**** BEGIN FILE stderr: 
/var/folders/br/wxmxwj554j9chb8y8w7hmwk00000gn/T/cov-jacktjaden/3f3e462f62b13aa2e7139ff913623fb3/cov-jacktjaden/9024021a0e8655abbacac798810235a9/short_align_4.cpp:8:7: error: 'x' declared as an array with a negative size
    8 | int x[sizeof(struct X)==sizeof(struct Y)?1:-1];
      |       ^~~~~~~~~~~~~~~~~~~~~~~~~~~~~~~~~~~~~~~
1 error generated.

**** END FILE stderr ***
Test failed
**** BEGIN FILE source file: /var/folders/br/wxmxwj554j9chb8y8w7hmwk00000gn/T/cov-jacktjaden/3f3e462f62b13aa2e7139ff913623fb3/cov-jacktjaden/9024021a0e8655abbacac798810235a9/short_align_3.cpp
struct X { char a; short b; };
struct Y {
char a1;
char a2;
char a3;
short b; };
int x[sizeof(struct X)==sizeof(struct Y)?1:-1];


**** END FILE source file ***
pipe_command: /usr/bin/cc -c /var/folders/br/wxmxwj554j9chb8y8w7hmwk00000gn/T/cov-jacktjaden/3f3e462f62b13aa2e7139ff913623fb3/cov-jacktjaden/9024021a0e8655abbacac798810235a9/short_align_3.cpp 
pipe_commands starting: /usr/bin/cc -c /var/folders/br/wxmxwj554j9chb8y8w7hmwk00000gn/T/cov-jacktjaden/3f3e462f62b13aa2e7139ff913623fb3/cov-jacktjaden/9024021a0e8655abbacac798810235a9/short_align_3.cpp 
**** BEGIN FILE stdout: 

**** END FILE stdout ***
**** BEGIN FILE stderr: 
/var/folders/br/wxmxwj554j9chb8y8w7hmwk00000gn/T/cov-jacktjaden/3f3e462f62b13aa2e7139ff913623fb3/cov-jacktjaden/9024021a0e8655abbacac798810235a9/short_align_3.cpp:7:7: error: 'x' declared as an array with a negative size
    7 | int x[sizeof(struct X)==sizeof(struct Y)?1:-1];
      |       ^~~~~~~~~~~~~~~~~~~~~~~~~~~~~~~~~~~~~~~
1 error generated.

**** END FILE stderr ***
Test failed
**** BEGIN FILE source file: /var/folders/br/wxmxwj554j9chb8y8w7hmwk00000gn/T/cov-jacktjaden/3f3e462f62b13aa2e7139ff913623fb3/cov-jacktjaden/9024021a0e8655abbacac798810235a9/short_align_2.cpp
struct X { char a; short b; };
struct Y {
char a1;
char a2;
short b; };
int x[sizeof(struct X)==sizeof(struct Y)?1:-1];


**** END FILE source file ***
pipe_command: /usr/bin/cc -c /var/folders/br/wxmxwj554j9chb8y8w7hmwk00000gn/T/cov-jacktjaden/3f3e462f62b13aa2e7139ff913623fb3/cov-jacktjaden/9024021a0e8655abbacac798810235a9/short_align_2.cpp 
pipe_commands starting: /usr/bin/cc -c /var/folders/br/wxmxwj554j9chb8y8w7hmwk00000gn/T/cov-jacktjaden/3f3e462f62b13aa2e7139ff913623fb3/cov-jacktjaden/9024021a0e8655abbacac798810235a9/short_align_2.cpp 
**** BEGIN FILE stdout: 

**** END FILE stdout ***
**** BEGIN FILE stderr: 

**** END FILE stderr ***
Test succeded
Detecting size and alignment of long double
**** BEGIN PROBE run_type_size_test ****
**** BEGIN FILE source file: /var/folders/br/wxmxwj554j9chb8y8w7hmwk00000gn/T/cov-jacktjaden/3f3e462f62b13aa2e7139ff913623fb3/cov-jacktjaden/9024021a0e8655abbacac798810235a9/keyword_long_double.cpp
long double x;

**** END FILE source file ***
pipe_command: /usr/bin/cc -c /var/folders/br/wxmxwj554j9chb8y8w7hmwk00000gn/T/cov-jacktjaden/3f3e462f62b13aa2e7139ff913623fb3/cov-jacktjaden/9024021a0e8655abbacac798810235a9/keyword_long_double.cpp 
pipe_commands starting: /usr/bin/cc -c /var/folders/br/wxmxwj554j9chb8y8w7hmwk00000gn/T/cov-jacktjaden/3f3e462f62b13aa2e7139ff913623fb3/cov-jacktjaden/9024021a0e8655abbacac798810235a9/keyword_long_double.cpp 
**** BEGIN FILE stdout: 

**** END FILE stdout ***
**** BEGIN FILE stderr: 

**** END FILE stderr ***
Test succeded
**** BEGIN FILE source file: /var/folders/br/wxmxwj554j9chb8y8w7hmwk00000gn/T/cov-jacktjaden/3f3e462f62b13aa2e7139ff913623fb3/cov-jacktjaden/9024021a0e8655abbacac798810235a9/long_double_size_16.cpp
int x [((int)sizeof (long double)) -16];

**** END FILE source file ***
pipe_command: /usr/bin/cc -c /var/folders/br/wxmxwj554j9chb8y8w7hmwk00000gn/T/cov-jacktjaden/3f3e462f62b13aa2e7139ff913623fb3/cov-jacktjaden/9024021a0e8655abbacac798810235a9/long_double_size_16.cpp 
pipe_commands starting: /usr/bin/cc -c /var/folders/br/wxmxwj554j9chb8y8w7hmwk00000gn/T/cov-jacktjaden/3f3e462f62b13aa2e7139ff913623fb3/cov-jacktjaden/9024021a0e8655abbacac798810235a9/long_double_size_16.cpp 
**** BEGIN FILE stdout: 

**** END FILE stdout ***
**** BEGIN FILE stderr: 

**** END FILE stderr ***
Test succeded
**** END PROBE run_type_size_test ****
**** BEGIN FILE source file: /var/folders/br/wxmxwj554j9chb8y8w7hmwk00000gn/T/cov-jacktjaden/3f3e462f62b13aa2e7139ff913623fb3/cov-jacktjaden/9024021a0e8655abbacac798810235a9/long_double_align_16.cpp
struct X { char a; long double b; };
struct Y {
char a1;
char a2;
char a3;
char a4;
char a5;
char a6;
char a7;
char a8;
char a9;
char a10;
char a11;
char a12;
char a13;
char a14;
char a15;
char a16;
long double b; };
int x[sizeof(struct X)==sizeof(struct Y)?1:-1];


**** END FILE source file ***
pipe_command: /usr/bin/cc -c /var/folders/br/wxmxwj554j9chb8y8w7hmwk00000gn/T/cov-jacktjaden/3f3e462f62b13aa2e7139ff913623fb3/cov-jacktjaden/9024021a0e8655abbacac798810235a9/long_double_align_16.cpp 
pipe_commands starting: /usr/bin/cc -c /var/folders/br/wxmxwj554j9chb8y8w7hmwk00000gn/T/cov-jacktjaden/3f3e462f62b13aa2e7139ff913623fb3/cov-jacktjaden/9024021a0e8655abbacac798810235a9/long_double_align_16.cpp 
**** BEGIN FILE stdout: 

**** END FILE stdout ***
**** BEGIN FILE stderr: 

**** END FILE stderr ***
Test succeded
Detecting size and alignment of double
**** BEGIN PROBE run_type_size_test ****
**** BEGIN FILE source file: /var/folders/br/wxmxwj554j9chb8y8w7hmwk00000gn/T/cov-jacktjaden/3f3e462f62b13aa2e7139ff913623fb3/cov-jacktjaden/9024021a0e8655abbacac798810235a9/keyword_double.cpp
double x;

**** END FILE source file ***
pipe_command: /usr/bin/cc -c /var/folders/br/wxmxwj554j9chb8y8w7hmwk00000gn/T/cov-jacktjaden/3f3e462f62b13aa2e7139ff913623fb3/cov-jacktjaden/9024021a0e8655abbacac798810235a9/keyword_double.cpp 
pipe_commands starting: /usr/bin/cc -c /var/folders/br/wxmxwj554j9chb8y8w7hmwk00000gn/T/cov-jacktjaden/3f3e462f62b13aa2e7139ff913623fb3/cov-jacktjaden/9024021a0e8655abbacac798810235a9/keyword_double.cpp 
**** BEGIN FILE stdout: 

**** END FILE stdout ***
**** BEGIN FILE stderr: 

**** END FILE stderr ***
Test succeded
**** BEGIN FILE source file: /var/folders/br/wxmxwj554j9chb8y8w7hmwk00000gn/T/cov-jacktjaden/3f3e462f62b13aa2e7139ff913623fb3/cov-jacktjaden/9024021a0e8655abbacac798810235a9/double_size_16.cpp
int x [((int)sizeof (double)) -16];

**** END FILE source file ***
pipe_command: /usr/bin/cc -c /var/folders/br/wxmxwj554j9chb8y8w7hmwk00000gn/T/cov-jacktjaden/3f3e462f62b13aa2e7139ff913623fb3/cov-jacktjaden/9024021a0e8655abbacac798810235a9/double_size_16.cpp 
pipe_commands starting: /usr/bin/cc -c /var/folders/br/wxmxwj554j9chb8y8w7hmwk00000gn/T/cov-jacktjaden/3f3e462f62b13aa2e7139ff913623fb3/cov-jacktjaden/9024021a0e8655abbacac798810235a9/double_size_16.cpp 
**** BEGIN FILE stdout: 

**** END FILE stdout ***
**** BEGIN FILE stderr: 
/var/folders/br/wxmxwj554j9chb8y8w7hmwk00000gn/T/cov-jacktjaden/3f3e462f62b13aa2e7139ff913623fb3/cov-jacktjaden/9024021a0e8655abbacac798810235a9/double_size_16.cpp:1:8: error: 'x' declared as an array with a negative size
    1 | int x [((int)sizeof (double)) -16];
      |        ^~~~~~~~~~~~~~~~~~~~~~~~~~
1 error generated.

**** END FILE stderr ***
Test failed
**** BEGIN FILE source file: /var/folders/br/wxmxwj554j9chb8y8w7hmwk00000gn/T/cov-jacktjaden/3f3e462f62b13aa2e7139ff913623fb3/cov-jacktjaden/9024021a0e8655abbacac798810235a9/double_size_15.cpp
int x [((int)sizeof (double)) -15];

**** END FILE source file ***
pipe_command: /usr/bin/cc -c /var/folders/br/wxmxwj554j9chb8y8w7hmwk00000gn/T/cov-jacktjaden/3f3e462f62b13aa2e7139ff913623fb3/cov-jacktjaden/9024021a0e8655abbacac798810235a9/double_size_15.cpp 
pipe_commands starting: /usr/bin/cc -c /var/folders/br/wxmxwj554j9chb8y8w7hmwk00000gn/T/cov-jacktjaden/3f3e462f62b13aa2e7139ff913623fb3/cov-jacktjaden/9024021a0e8655abbacac798810235a9/double_size_15.cpp 
**** BEGIN FILE stdout: 

**** END FILE stdout ***
**** BEGIN FILE stderr: 
/var/folders/br/wxmxwj554j9chb8y8w7hmwk00000gn/T/cov-jacktjaden/3f3e462f62b13aa2e7139ff913623fb3/cov-jacktjaden/9024021a0e8655abbacac798810235a9/double_size_15.cpp:1:8: error: 'x' declared as an array with a negative size
    1 | int x [((int)sizeof (double)) -15];
      |        ^~~~~~~~~~~~~~~~~~~~~~~~~~
1 error generated.

**** END FILE stderr ***
Test failed
**** BEGIN FILE source file: /var/folders/br/wxmxwj554j9chb8y8w7hmwk00000gn/T/cov-jacktjaden/3f3e462f62b13aa2e7139ff913623fb3/cov-jacktjaden/9024021a0e8655abbacac798810235a9/double_size_14.cpp
int x [((int)sizeof (double)) -14];

**** END FILE source file ***
pipe_command: /usr/bin/cc -c /var/folders/br/wxmxwj554j9chb8y8w7hmwk00000gn/T/cov-jacktjaden/3f3e462f62b13aa2e7139ff913623fb3/cov-jacktjaden/9024021a0e8655abbacac798810235a9/double_size_14.cpp 
pipe_commands starting: /usr/bin/cc -c /var/folders/br/wxmxwj554j9chb8y8w7hmwk00000gn/T/cov-jacktjaden/3f3e462f62b13aa2e7139ff913623fb3/cov-jacktjaden/9024021a0e8655abbacac798810235a9/double_size_14.cpp 
**** BEGIN FILE stdout: 

**** END FILE stdout ***
**** BEGIN FILE stderr: 
/var/folders/br/wxmxwj554j9chb8y8w7hmwk00000gn/T/cov-jacktjaden/3f3e462f62b13aa2e7139ff913623fb3/cov-jacktjaden/9024021a0e8655abbacac798810235a9/double_size_14.cpp:1:8: error: 'x' declared as an array with a negative size
    1 | int x [((int)sizeof (double)) -14];
      |        ^~~~~~~~~~~~~~~~~~~~~~~~~~
1 error generated.

**** END FILE stderr ***
Test failed
**** BEGIN FILE source file: /var/folders/br/wxmxwj554j9chb8y8w7hmwk00000gn/T/cov-jacktjaden/3f3e462f62b13aa2e7139ff913623fb3/cov-jacktjaden/9024021a0e8655abbacac798810235a9/double_size_13.cpp
int x [((int)sizeof (double)) -13];

**** END FILE source file ***
pipe_command: /usr/bin/cc -c /var/folders/br/wxmxwj554j9chb8y8w7hmwk00000gn/T/cov-jacktjaden/3f3e462f62b13aa2e7139ff913623fb3/cov-jacktjaden/9024021a0e8655abbacac798810235a9/double_size_13.cpp 
pipe_commands starting: /usr/bin/cc -c /var/folders/br/wxmxwj554j9chb8y8w7hmwk00000gn/T/cov-jacktjaden/3f3e462f62b13aa2e7139ff913623fb3/cov-jacktjaden/9024021a0e8655abbacac798810235a9/double_size_13.cpp 
**** BEGIN FILE stdout: 

**** END FILE stdout ***
**** BEGIN FILE stderr: 
/var/folders/br/wxmxwj554j9chb8y8w7hmwk00000gn/T/cov-jacktjaden/3f3e462f62b13aa2e7139ff913623fb3/cov-jacktjaden/9024021a0e8655abbacac798810235a9/double_size_13.cpp:1:8: error: 'x' declared as an array with a negative size
    1 | int x [((int)sizeof (double)) -13];
      |        ^~~~~~~~~~~~~~~~~~~~~~~~~~
1 error generated.

**** END FILE stderr ***
Test failed
**** BEGIN FILE source file: /var/folders/br/wxmxwj554j9chb8y8w7hmwk00000gn/T/cov-jacktjaden/3f3e462f62b13aa2e7139ff913623fb3/cov-jacktjaden/9024021a0e8655abbacac798810235a9/double_size_12.cpp
int x [((int)sizeof (double)) -12];

**** END FILE source file ***
pipe_command: /usr/bin/cc -c /var/folders/br/wxmxwj554j9chb8y8w7hmwk00000gn/T/cov-jacktjaden/3f3e462f62b13aa2e7139ff913623fb3/cov-jacktjaden/9024021a0e8655abbacac798810235a9/double_size_12.cpp 
pipe_commands starting: /usr/bin/cc -c /var/folders/br/wxmxwj554j9chb8y8w7hmwk00000gn/T/cov-jacktjaden/3f3e462f62b13aa2e7139ff913623fb3/cov-jacktjaden/9024021a0e8655abbacac798810235a9/double_size_12.cpp 
**** BEGIN FILE stdout: 

**** END FILE stdout ***
**** BEGIN FILE stderr: 
/var/folders/br/wxmxwj554j9chb8y8w7hmwk00000gn/T/cov-jacktjaden/3f3e462f62b13aa2e7139ff913623fb3/cov-jacktjaden/9024021a0e8655abbacac798810235a9/double_size_12.cpp:1:8: error: 'x' declared as an array with a negative size
    1 | int x [((int)sizeof (double)) -12];
      |        ^~~~~~~~~~~~~~~~~~~~~~~~~~
1 error generated.

**** END FILE stderr ***
Test failed
**** BEGIN FILE source file: /var/folders/br/wxmxwj554j9chb8y8w7hmwk00000gn/T/cov-jacktjaden/3f3e462f62b13aa2e7139ff913623fb3/cov-jacktjaden/9024021a0e8655abbacac798810235a9/double_size_11.cpp
int x [((int)sizeof (double)) -11];

**** END FILE source file ***
pipe_command: /usr/bin/cc -c /var/folders/br/wxmxwj554j9chb8y8w7hmwk00000gn/T/cov-jacktjaden/3f3e462f62b13aa2e7139ff913623fb3/cov-jacktjaden/9024021a0e8655abbacac798810235a9/double_size_11.cpp 
pipe_commands starting: /usr/bin/cc -c /var/folders/br/wxmxwj554j9chb8y8w7hmwk00000gn/T/cov-jacktjaden/3f3e462f62b13aa2e7139ff913623fb3/cov-jacktjaden/9024021a0e8655abbacac798810235a9/double_size_11.cpp 
**** BEGIN FILE stdout: 

**** END FILE stdout ***
**** BEGIN FILE stderr: 
/var/folders/br/wxmxwj554j9chb8y8w7hmwk00000gn/T/cov-jacktjaden/3f3e462f62b13aa2e7139ff913623fb3/cov-jacktjaden/9024021a0e8655abbacac798810235a9/double_size_11.cpp:1:8: error: 'x' declared as an array with a negative size
    1 | int x [((int)sizeof (double)) -11];
      |        ^~~~~~~~~~~~~~~~~~~~~~~~~~
1 error generated.

**** END FILE stderr ***
Test failed
**** BEGIN FILE source file: /var/folders/br/wxmxwj554j9chb8y8w7hmwk00000gn/T/cov-jacktjaden/3f3e462f62b13aa2e7139ff913623fb3/cov-jacktjaden/9024021a0e8655abbacac798810235a9/double_size_10.cpp
int x [((int)sizeof (double)) -10];

**** END FILE source file ***
pipe_command: /usr/bin/cc -c /var/folders/br/wxmxwj554j9chb8y8w7hmwk00000gn/T/cov-jacktjaden/3f3e462f62b13aa2e7139ff913623fb3/cov-jacktjaden/9024021a0e8655abbacac798810235a9/double_size_10.cpp 
pipe_commands starting: /usr/bin/cc -c /var/folders/br/wxmxwj554j9chb8y8w7hmwk00000gn/T/cov-jacktjaden/3f3e462f62b13aa2e7139ff913623fb3/cov-jacktjaden/9024021a0e8655abbacac798810235a9/double_size_10.cpp 
**** BEGIN FILE stdout: 

**** END FILE stdout ***
**** BEGIN FILE stderr: 
/var/folders/br/wxmxwj554j9chb8y8w7hmwk00000gn/T/cov-jacktjaden/3f3e462f62b13aa2e7139ff913623fb3/cov-jacktjaden/9024021a0e8655abbacac798810235a9/double_size_10.cpp:1:8: error: 'x' declared as an array with a negative size
    1 | int x [((int)sizeof (double)) -10];
      |        ^~~~~~~~~~~~~~~~~~~~~~~~~~
1 error generated.

**** END FILE stderr ***
Test failed
**** BEGIN FILE source file: /var/folders/br/wxmxwj554j9chb8y8w7hmwk00000gn/T/cov-jacktjaden/3f3e462f62b13aa2e7139ff913623fb3/cov-jacktjaden/9024021a0e8655abbacac798810235a9/double_size_9.cpp
int x [((int)sizeof (double)) -9];

**** END FILE source file ***
pipe_command: /usr/bin/cc -c /var/folders/br/wxmxwj554j9chb8y8w7hmwk00000gn/T/cov-jacktjaden/3f3e462f62b13aa2e7139ff913623fb3/cov-jacktjaden/9024021a0e8655abbacac798810235a9/double_size_9.cpp 
pipe_commands starting: /usr/bin/cc -c /var/folders/br/wxmxwj554j9chb8y8w7hmwk00000gn/T/cov-jacktjaden/3f3e462f62b13aa2e7139ff913623fb3/cov-jacktjaden/9024021a0e8655abbacac798810235a9/double_size_9.cpp 
**** BEGIN FILE stdout: 

**** END FILE stdout ***
**** BEGIN FILE stderr: 
/var/folders/br/wxmxwj554j9chb8y8w7hmwk00000gn/T/cov-jacktjaden/3f3e462f62b13aa2e7139ff913623fb3/cov-jacktjaden/9024021a0e8655abbacac798810235a9/double_size_9.cpp:1:8: error: 'x' declared as an array with a negative size
    1 | int x [((int)sizeof (double)) -9];
      |        ^~~~~~~~~~~~~~~~~~~~~~~~~
1 error generated.

**** END FILE stderr ***
Test failed
**** BEGIN FILE source file: /var/folders/br/wxmxwj554j9chb8y8w7hmwk00000gn/T/cov-jacktjaden/3f3e462f62b13aa2e7139ff913623fb3/cov-jacktjaden/9024021a0e8655abbacac798810235a9/double_size_8.cpp
int x [((int)sizeof (double)) -8];

**** END FILE source file ***
pipe_command: /usr/bin/cc -c /var/folders/br/wxmxwj554j9chb8y8w7hmwk00000gn/T/cov-jacktjaden/3f3e462f62b13aa2e7139ff913623fb3/cov-jacktjaden/9024021a0e8655abbacac798810235a9/double_size_8.cpp 
pipe_commands starting: /usr/bin/cc -c /var/folders/br/wxmxwj554j9chb8y8w7hmwk00000gn/T/cov-jacktjaden/3f3e462f62b13aa2e7139ff913623fb3/cov-jacktjaden/9024021a0e8655abbacac798810235a9/double_size_8.cpp 
**** BEGIN FILE stdout: 

**** END FILE stdout ***
**** BEGIN FILE stderr: 

**** END FILE stderr ***
Test succeded
**** END PROBE run_type_size_test ****
**** BEGIN FILE source file: /var/folders/br/wxmxwj554j9chb8y8w7hmwk00000gn/T/cov-jacktjaden/3f3e462f62b13aa2e7139ff913623fb3/cov-jacktjaden/9024021a0e8655abbacac798810235a9/double_align_16.cpp
struct X { char a; double b; };
struct Y {
char a1;
char a2;
char a3;
char a4;
char a5;
char a6;
char a7;
char a8;
char a9;
char a10;
char a11;
char a12;
char a13;
char a14;
char a15;
char a16;
double b; };
int x[sizeof(struct X)==sizeof(struct Y)?1:-1];


**** END FILE source file ***
pipe_command: /usr/bin/cc -c /var/folders/br/wxmxwj554j9chb8y8w7hmwk00000gn/T/cov-jacktjaden/3f3e462f62b13aa2e7139ff913623fb3/cov-jacktjaden/9024021a0e8655abbacac798810235a9/double_align_16.cpp 
pipe_commands starting: /usr/bin/cc -c /var/folders/br/wxmxwj554j9chb8y8w7hmwk00000gn/T/cov-jacktjaden/3f3e462f62b13aa2e7139ff913623fb3/cov-jacktjaden/9024021a0e8655abbacac798810235a9/double_align_16.cpp 
**** BEGIN FILE stdout: 

**** END FILE stdout ***
**** BEGIN FILE stderr: 
/var/folders/br/wxmxwj554j9chb8y8w7hmwk00000gn/T/cov-jacktjaden/3f3e462f62b13aa2e7139ff913623fb3/cov-jacktjaden/9024021a0e8655abbacac798810235a9/double_align_16.cpp:20:7: error: 'x' declared as an array with a negative size
   20 | int x[sizeof(struct X)==sizeof(struct Y)?1:-1];
      |       ^~~~~~~~~~~~~~~~~~~~~~~~~~~~~~~~~~~~~~~
1 error generated.

**** END FILE stderr ***
Test failed
**** BEGIN FILE source file: /var/folders/br/wxmxwj554j9chb8y8w7hmwk00000gn/T/cov-jacktjaden/3f3e462f62b13aa2e7139ff913623fb3/cov-jacktjaden/9024021a0e8655abbacac798810235a9/double_align_15.cpp
struct X { char a; double b; };
struct Y {
char a1;
char a2;
char a3;
char a4;
char a5;
char a6;
char a7;
char a8;
char a9;
char a10;
char a11;
char a12;
char a13;
char a14;
char a15;
double b; };
int x[sizeof(struct X)==sizeof(struct Y)?1:-1];


**** END FILE source file ***
pipe_command: /usr/bin/cc -c /var/folders/br/wxmxwj554j9chb8y8w7hmwk00000gn/T/cov-jacktjaden/3f3e462f62b13aa2e7139ff913623fb3/cov-jacktjaden/9024021a0e8655abbacac798810235a9/double_align_15.cpp 
pipe_commands starting: /usr/bin/cc -c /var/folders/br/wxmxwj554j9chb8y8w7hmwk00000gn/T/cov-jacktjaden/3f3e462f62b13aa2e7139ff913623fb3/cov-jacktjaden/9024021a0e8655abbacac798810235a9/double_align_15.cpp 
**** BEGIN FILE stdout: 

**** END FILE stdout ***
**** BEGIN FILE stderr: 
/var/folders/br/wxmxwj554j9chb8y8w7hmwk00000gn/T/cov-jacktjaden/3f3e462f62b13aa2e7139ff913623fb3/cov-jacktjaden/9024021a0e8655abbacac798810235a9/double_align_15.cpp:19:7: error: 'x' declared as an array with a negative size
   19 | int x[sizeof(struct X)==sizeof(struct Y)?1:-1];
      |       ^~~~~~~~~~~~~~~~~~~~~~~~~~~~~~~~~~~~~~~
1 error generated.

**** END FILE stderr ***
Test failed
**** BEGIN FILE source file: /var/folders/br/wxmxwj554j9chb8y8w7hmwk00000gn/T/cov-jacktjaden/3f3e462f62b13aa2e7139ff913623fb3/cov-jacktjaden/9024021a0e8655abbacac798810235a9/double_align_14.cpp
struct X { char a; double b; };
struct Y {
char a1;
char a2;
char a3;
char a4;
char a5;
char a6;
char a7;
char a8;
char a9;
char a10;
char a11;
char a12;
char a13;
char a14;
double b; };
int x[sizeof(struct X)==sizeof(struct Y)?1:-1];


**** END FILE source file ***
pipe_command: /usr/bin/cc -c /var/folders/br/wxmxwj554j9chb8y8w7hmwk00000gn/T/cov-jacktjaden/3f3e462f62b13aa2e7139ff913623fb3/cov-jacktjaden/9024021a0e8655abbacac798810235a9/double_align_14.cpp 
pipe_commands starting: /usr/bin/cc -c /var/folders/br/wxmxwj554j9chb8y8w7hmwk00000gn/T/cov-jacktjaden/3f3e462f62b13aa2e7139ff913623fb3/cov-jacktjaden/9024021a0e8655abbacac798810235a9/double_align_14.cpp 
**** BEGIN FILE stdout: 

**** END FILE stdout ***
**** BEGIN FILE stderr: 
/var/folders/br/wxmxwj554j9chb8y8w7hmwk00000gn/T/cov-jacktjaden/3f3e462f62b13aa2e7139ff913623fb3/cov-jacktjaden/9024021a0e8655abbacac798810235a9/double_align_14.cpp:18:7: error: 'x' declared as an array with a negative size
   18 | int x[sizeof(struct X)==sizeof(struct Y)?1:-1];
      |       ^~~~~~~~~~~~~~~~~~~~~~~~~~~~~~~~~~~~~~~
1 error generated.

**** END FILE stderr ***
Test failed
**** BEGIN FILE source file: /var/folders/br/wxmxwj554j9chb8y8w7hmwk00000gn/T/cov-jacktjaden/3f3e462f62b13aa2e7139ff913623fb3/cov-jacktjaden/9024021a0e8655abbacac798810235a9/double_align_13.cpp
struct X { char a; double b; };
struct Y {
char a1;
char a2;
char a3;
char a4;
char a5;
char a6;
char a7;
char a8;
char a9;
char a10;
char a11;
char a12;
char a13;
double b; };
int x[sizeof(struct X)==sizeof(struct Y)?1:-1];


**** END FILE source file ***
pipe_command: /usr/bin/cc -c /var/folders/br/wxmxwj554j9chb8y8w7hmwk00000gn/T/cov-jacktjaden/3f3e462f62b13aa2e7139ff913623fb3/cov-jacktjaden/9024021a0e8655abbacac798810235a9/double_align_13.cpp 
pipe_commands starting: /usr/bin/cc -c /var/folders/br/wxmxwj554j9chb8y8w7hmwk00000gn/T/cov-jacktjaden/3f3e462f62b13aa2e7139ff913623fb3/cov-jacktjaden/9024021a0e8655abbacac798810235a9/double_align_13.cpp 
**** BEGIN FILE stdout: 

**** END FILE stdout ***
**** BEGIN FILE stderr: 
/var/folders/br/wxmxwj554j9chb8y8w7hmwk00000gn/T/cov-jacktjaden/3f3e462f62b13aa2e7139ff913623fb3/cov-jacktjaden/9024021a0e8655abbacac798810235a9/double_align_13.cpp:17:7: error: 'x' declared as an array with a negative size
   17 | int x[sizeof(struct X)==sizeof(struct Y)?1:-1];
      |       ^~~~~~~~~~~~~~~~~~~~~~~~~~~~~~~~~~~~~~~
1 error generated.

**** END FILE stderr ***
Test failed
**** BEGIN FILE source file: /var/folders/br/wxmxwj554j9chb8y8w7hmwk00000gn/T/cov-jacktjaden/3f3e462f62b13aa2e7139ff913623fb3/cov-jacktjaden/9024021a0e8655abbacac798810235a9/double_align_12.cpp
struct X { char a; double b; };
struct Y {
char a1;
char a2;
char a3;
char a4;
char a5;
char a6;
char a7;
char a8;
char a9;
char a10;
char a11;
char a12;
double b; };
int x[sizeof(struct X)==sizeof(struct Y)?1:-1];


**** END FILE source file ***
pipe_command: /usr/bin/cc -c /var/folders/br/wxmxwj554j9chb8y8w7hmwk00000gn/T/cov-jacktjaden/3f3e462f62b13aa2e7139ff913623fb3/cov-jacktjaden/9024021a0e8655abbacac798810235a9/double_align_12.cpp 
pipe_commands starting: /usr/bin/cc -c /var/folders/br/wxmxwj554j9chb8y8w7hmwk00000gn/T/cov-jacktjaden/3f3e462f62b13aa2e7139ff913623fb3/cov-jacktjaden/9024021a0e8655abbacac798810235a9/double_align_12.cpp 
**** BEGIN FILE stdout: 

**** END FILE stdout ***
**** BEGIN FILE stderr: 
/var/folders/br/wxmxwj554j9chb8y8w7hmwk00000gn/T/cov-jacktjaden/3f3e462f62b13aa2e7139ff913623fb3/cov-jacktjaden/9024021a0e8655abbacac798810235a9/double_align_12.cpp:16:7: error: 'x' declared as an array with a negative size
   16 | int x[sizeof(struct X)==sizeof(struct Y)?1:-1];
      |       ^~~~~~~~~~~~~~~~~~~~~~~~~~~~~~~~~~~~~~~
1 error generated.

**** END FILE stderr ***
Test failed
**** BEGIN FILE source file: /var/folders/br/wxmxwj554j9chb8y8w7hmwk00000gn/T/cov-jacktjaden/3f3e462f62b13aa2e7139ff913623fb3/cov-jacktjaden/9024021a0e8655abbacac798810235a9/double_align_11.cpp
struct X { char a; double b; };
struct Y {
char a1;
char a2;
char a3;
char a4;
char a5;
char a6;
char a7;
char a8;
char a9;
char a10;
char a11;
double b; };
int x[sizeof(struct X)==sizeof(struct Y)?1:-1];


**** END FILE source file ***
pipe_command: /usr/bin/cc -c /var/folders/br/wxmxwj554j9chb8y8w7hmwk00000gn/T/cov-jacktjaden/3f3e462f62b13aa2e7139ff913623fb3/cov-jacktjaden/9024021a0e8655abbacac798810235a9/double_align_11.cpp 
pipe_commands starting: /usr/bin/cc -c /var/folders/br/wxmxwj554j9chb8y8w7hmwk00000gn/T/cov-jacktjaden/3f3e462f62b13aa2e7139ff913623fb3/cov-jacktjaden/9024021a0e8655abbacac798810235a9/double_align_11.cpp 
**** BEGIN FILE stdout: 

**** END FILE stdout ***
**** BEGIN FILE stderr: 
/var/folders/br/wxmxwj554j9chb8y8w7hmwk00000gn/T/cov-jacktjaden/3f3e462f62b13aa2e7139ff913623fb3/cov-jacktjaden/9024021a0e8655abbacac798810235a9/double_align_11.cpp:15:7: error: 'x' declared as an array with a negative size
   15 | int x[sizeof(struct X)==sizeof(struct Y)?1:-1];
      |       ^~~~~~~~~~~~~~~~~~~~~~~~~~~~~~~~~~~~~~~
1 error generated.

**** END FILE stderr ***
Test failed
**** BEGIN FILE source file: /var/folders/br/wxmxwj554j9chb8y8w7hmwk00000gn/T/cov-jacktjaden/3f3e462f62b13aa2e7139ff913623fb3/cov-jacktjaden/9024021a0e8655abbacac798810235a9/double_align_10.cpp
struct X { char a; double b; };
struct Y {
char a1;
char a2;
char a3;
char a4;
char a5;
char a6;
char a7;
char a8;
char a9;
char a10;
double b; };
int x[sizeof(struct X)==sizeof(struct Y)?1:-1];


**** END FILE source file ***
pipe_command: /usr/bin/cc -c /var/folders/br/wxmxwj554j9chb8y8w7hmwk00000gn/T/cov-jacktjaden/3f3e462f62b13aa2e7139ff913623fb3/cov-jacktjaden/9024021a0e8655abbacac798810235a9/double_align_10.cpp 
pipe_commands starting: /usr/bin/cc -c /var/folders/br/wxmxwj554j9chb8y8w7hmwk00000gn/T/cov-jacktjaden/3f3e462f62b13aa2e7139ff913623fb3/cov-jacktjaden/9024021a0e8655abbacac798810235a9/double_align_10.cpp 
**** BEGIN FILE stdout: 

**** END FILE stdout ***
**** BEGIN FILE stderr: 
/var/folders/br/wxmxwj554j9chb8y8w7hmwk00000gn/T/cov-jacktjaden/3f3e462f62b13aa2e7139ff913623fb3/cov-jacktjaden/9024021a0e8655abbacac798810235a9/double_align_10.cpp:14:7: error: 'x' declared as an array with a negative size
   14 | int x[sizeof(struct X)==sizeof(struct Y)?1:-1];
      |       ^~~~~~~~~~~~~~~~~~~~~~~~~~~~~~~~~~~~~~~
1 error generated.

**** END FILE stderr ***
Test failed
**** BEGIN FILE source file: /var/folders/br/wxmxwj554j9chb8y8w7hmwk00000gn/T/cov-jacktjaden/3f3e462f62b13aa2e7139ff913623fb3/cov-jacktjaden/9024021a0e8655abbacac798810235a9/double_align_9.cpp
struct X { char a; double b; };
struct Y {
char a1;
char a2;
char a3;
char a4;
char a5;
char a6;
char a7;
char a8;
char a9;
double b; };
int x[sizeof(struct X)==sizeof(struct Y)?1:-1];


**** END FILE source file ***
pipe_command: /usr/bin/cc -c /var/folders/br/wxmxwj554j9chb8y8w7hmwk00000gn/T/cov-jacktjaden/3f3e462f62b13aa2e7139ff913623fb3/cov-jacktjaden/9024021a0e8655abbacac798810235a9/double_align_9.cpp 
pipe_commands starting: /usr/bin/cc -c /var/folders/br/wxmxwj554j9chb8y8w7hmwk00000gn/T/cov-jacktjaden/3f3e462f62b13aa2e7139ff913623fb3/cov-jacktjaden/9024021a0e8655abbacac798810235a9/double_align_9.cpp 
**** BEGIN FILE stdout: 

**** END FILE stdout ***
**** BEGIN FILE stderr: 
/var/folders/br/wxmxwj554j9chb8y8w7hmwk00000gn/T/cov-jacktjaden/3f3e462f62b13aa2e7139ff913623fb3/cov-jacktjaden/9024021a0e8655abbacac798810235a9/double_align_9.cpp:13:7: error: 'x' declared as an array with a negative size
   13 | int x[sizeof(struct X)==sizeof(struct Y)?1:-1];
      |       ^~~~~~~~~~~~~~~~~~~~~~~~~~~~~~~~~~~~~~~
1 error generated.

**** END FILE stderr ***
Test failed
**** BEGIN FILE source file: /var/folders/br/wxmxwj554j9chb8y8w7hmwk00000gn/T/cov-jacktjaden/3f3e462f62b13aa2e7139ff913623fb3/cov-jacktjaden/9024021a0e8655abbacac798810235a9/double_align_8.cpp
struct X { char a; double b; };
struct Y {
char a1;
char a2;
char a3;
char a4;
char a5;
char a6;
char a7;
char a8;
double b; };
int x[sizeof(struct X)==sizeof(struct Y)?1:-1];


**** END FILE source file ***
pipe_command: /usr/bin/cc -c /var/folders/br/wxmxwj554j9chb8y8w7hmwk00000gn/T/cov-jacktjaden/3f3e462f62b13aa2e7139ff913623fb3/cov-jacktjaden/9024021a0e8655abbacac798810235a9/double_align_8.cpp 
pipe_commands starting: /usr/bin/cc -c /var/folders/br/wxmxwj554j9chb8y8w7hmwk00000gn/T/cov-jacktjaden/3f3e462f62b13aa2e7139ff913623fb3/cov-jacktjaden/9024021a0e8655abbacac798810235a9/double_align_8.cpp 
**** BEGIN FILE stdout: 

**** END FILE stdout ***
**** BEGIN FILE stderr: 

**** END FILE stderr ***
Test succeded
Detecting size and alignment of float
**** BEGIN PROBE run_type_size_test ****
**** BEGIN FILE source file: /var/folders/br/wxmxwj554j9chb8y8w7hmwk00000gn/T/cov-jacktjaden/3f3e462f62b13aa2e7139ff913623fb3/cov-jacktjaden/9024021a0e8655abbacac798810235a9/keyword_float.cpp
float x;

**** END FILE source file ***
pipe_command: /usr/bin/cc -c /var/folders/br/wxmxwj554j9chb8y8w7hmwk00000gn/T/cov-jacktjaden/3f3e462f62b13aa2e7139ff913623fb3/cov-jacktjaden/9024021a0e8655abbacac798810235a9/keyword_float.cpp 
pipe_commands starting: /usr/bin/cc -c /var/folders/br/wxmxwj554j9chb8y8w7hmwk00000gn/T/cov-jacktjaden/3f3e462f62b13aa2e7139ff913623fb3/cov-jacktjaden/9024021a0e8655abbacac798810235a9/keyword_float.cpp 
**** BEGIN FILE stdout: 

**** END FILE stdout ***
**** BEGIN FILE stderr: 

**** END FILE stderr ***
Test succeded
**** BEGIN FILE source file: /var/folders/br/wxmxwj554j9chb8y8w7hmwk00000gn/T/cov-jacktjaden/3f3e462f62b13aa2e7139ff913623fb3/cov-jacktjaden/9024021a0e8655abbacac798810235a9/float_size_8.cpp
int x [((int)sizeof (float)) -8];

**** END FILE source file ***
pipe_command: /usr/bin/cc -c /var/folders/br/wxmxwj554j9chb8y8w7hmwk00000gn/T/cov-jacktjaden/3f3e462f62b13aa2e7139ff913623fb3/cov-jacktjaden/9024021a0e8655abbacac798810235a9/float_size_8.cpp 
pipe_commands starting: /usr/bin/cc -c /var/folders/br/wxmxwj554j9chb8y8w7hmwk00000gn/T/cov-jacktjaden/3f3e462f62b13aa2e7139ff913623fb3/cov-jacktjaden/9024021a0e8655abbacac798810235a9/float_size_8.cpp 
**** BEGIN FILE stdout: 

**** END FILE stdout ***
**** BEGIN FILE stderr: 
/var/folders/br/wxmxwj554j9chb8y8w7hmwk00000gn/T/cov-jacktjaden/3f3e462f62b13aa2e7139ff913623fb3/cov-jacktjaden/9024021a0e8655abbacac798810235a9/float_size_8.cpp:1:8: error: 'x' declared as an array with a negative size
    1 | int x [((int)sizeof (float)) -8];
      |        ^~~~~~~~~~~~~~~~~~~~~~~~
1 error generated.

**** END FILE stderr ***
Test failed
**** BEGIN FILE source file: /var/folders/br/wxmxwj554j9chb8y8w7hmwk00000gn/T/cov-jacktjaden/3f3e462f62b13aa2e7139ff913623fb3/cov-jacktjaden/9024021a0e8655abbacac798810235a9/float_size_7.cpp
int x [((int)sizeof (float)) -7];

**** END FILE source file ***
pipe_command: /usr/bin/cc -c /var/folders/br/wxmxwj554j9chb8y8w7hmwk00000gn/T/cov-jacktjaden/3f3e462f62b13aa2e7139ff913623fb3/cov-jacktjaden/9024021a0e8655abbacac798810235a9/float_size_7.cpp 
pipe_commands starting: /usr/bin/cc -c /var/folders/br/wxmxwj554j9chb8y8w7hmwk00000gn/T/cov-jacktjaden/3f3e462f62b13aa2e7139ff913623fb3/cov-jacktjaden/9024021a0e8655abbacac798810235a9/float_size_7.cpp 
**** BEGIN FILE stdout: 

**** END FILE stdout ***
**** BEGIN FILE stderr: 
/var/folders/br/wxmxwj554j9chb8y8w7hmwk00000gn/T/cov-jacktjaden/3f3e462f62b13aa2e7139ff913623fb3/cov-jacktjaden/9024021a0e8655abbacac798810235a9/float_size_7.cpp:1:8: error: 'x' declared as an array with a negative size
    1 | int x [((int)sizeof (float)) -7];
      |        ^~~~~~~~~~~~~~~~~~~~~~~~
1 error generated.

**** END FILE stderr ***
Test failed
**** BEGIN FILE source file: /var/folders/br/wxmxwj554j9chb8y8w7hmwk00000gn/T/cov-jacktjaden/3f3e462f62b13aa2e7139ff913623fb3/cov-jacktjaden/9024021a0e8655abbacac798810235a9/float_size_6.cpp
int x [((int)sizeof (float)) -6];

**** END FILE source file ***
pipe_command: /usr/bin/cc -c /var/folders/br/wxmxwj554j9chb8y8w7hmwk00000gn/T/cov-jacktjaden/3f3e462f62b13aa2e7139ff913623fb3/cov-jacktjaden/9024021a0e8655abbacac798810235a9/float_size_6.cpp 
pipe_commands starting: /usr/bin/cc -c /var/folders/br/wxmxwj554j9chb8y8w7hmwk00000gn/T/cov-jacktjaden/3f3e462f62b13aa2e7139ff913623fb3/cov-jacktjaden/9024021a0e8655abbacac798810235a9/float_size_6.cpp 
**** BEGIN FILE stdout: 

**** END FILE stdout ***
**** BEGIN FILE stderr: 
/var/folders/br/wxmxwj554j9chb8y8w7hmwk00000gn/T/cov-jacktjaden/3f3e462f62b13aa2e7139ff913623fb3/cov-jacktjaden/9024021a0e8655abbacac798810235a9/float_size_6.cpp:1:8: error: 'x' declared as an array with a negative size
    1 | int x [((int)sizeof (float)) -6];
      |        ^~~~~~~~~~~~~~~~~~~~~~~~
1 error generated.

**** END FILE stderr ***
Test failed
**** BEGIN FILE source file: /var/folders/br/wxmxwj554j9chb8y8w7hmwk00000gn/T/cov-jacktjaden/3f3e462f62b13aa2e7139ff913623fb3/cov-jacktjaden/9024021a0e8655abbacac798810235a9/float_size_5.cpp
int x [((int)sizeof (float)) -5];

**** END FILE source file ***
pipe_command: /usr/bin/cc -c /var/folders/br/wxmxwj554j9chb8y8w7hmwk00000gn/T/cov-jacktjaden/3f3e462f62b13aa2e7139ff913623fb3/cov-jacktjaden/9024021a0e8655abbacac798810235a9/float_size_5.cpp 
pipe_commands starting: /usr/bin/cc -c /var/folders/br/wxmxwj554j9chb8y8w7hmwk00000gn/T/cov-jacktjaden/3f3e462f62b13aa2e7139ff913623fb3/cov-jacktjaden/9024021a0e8655abbacac798810235a9/float_size_5.cpp 
**** BEGIN FILE stdout: 

**** END FILE stdout ***
**** BEGIN FILE stderr: 
/var/folders/br/wxmxwj554j9chb8y8w7hmwk00000gn/T/cov-jacktjaden/3f3e462f62b13aa2e7139ff913623fb3/cov-jacktjaden/9024021a0e8655abbacac798810235a9/float_size_5.cpp:1:8: error: 'x' declared as an array with a negative size
    1 | int x [((int)sizeof (float)) -5];
      |        ^~~~~~~~~~~~~~~~~~~~~~~~
1 error generated.

**** END FILE stderr ***
Test failed
**** BEGIN FILE source file: /var/folders/br/wxmxwj554j9chb8y8w7hmwk00000gn/T/cov-jacktjaden/3f3e462f62b13aa2e7139ff913623fb3/cov-jacktjaden/9024021a0e8655abbacac798810235a9/float_size_4.cpp
int x [((int)sizeof (float)) -4];

**** END FILE source file ***
pipe_command: /usr/bin/cc -c /var/folders/br/wxmxwj554j9chb8y8w7hmwk00000gn/T/cov-jacktjaden/3f3e462f62b13aa2e7139ff913623fb3/cov-jacktjaden/9024021a0e8655abbacac798810235a9/float_size_4.cpp 
pipe_commands starting: /usr/bin/cc -c /var/folders/br/wxmxwj554j9chb8y8w7hmwk00000gn/T/cov-jacktjaden/3f3e462f62b13aa2e7139ff913623fb3/cov-jacktjaden/9024021a0e8655abbacac798810235a9/float_size_4.cpp 
**** BEGIN FILE stdout: 

**** END FILE stdout ***
**** BEGIN FILE stderr: 

**** END FILE stderr ***
Test succeded
**** END PROBE run_type_size_test ****
**** BEGIN FILE source file: /var/folders/br/wxmxwj554j9chb8y8w7hmwk00000gn/T/cov-jacktjaden/3f3e462f62b13aa2e7139ff913623fb3/cov-jacktjaden/9024021a0e8655abbacac798810235a9/float_align_8.cpp
struct X { char a; float b; };
struct Y {
char a1;
char a2;
char a3;
char a4;
char a5;
char a6;
char a7;
char a8;
float b; };
int x[sizeof(struct X)==sizeof(struct Y)?1:-1];


**** END FILE source file ***
pipe_command: /usr/bin/cc -c /var/folders/br/wxmxwj554j9chb8y8w7hmwk00000gn/T/cov-jacktjaden/3f3e462f62b13aa2e7139ff913623fb3/cov-jacktjaden/9024021a0e8655abbacac798810235a9/float_align_8.cpp 
pipe_commands starting: /usr/bin/cc -c /var/folders/br/wxmxwj554j9chb8y8w7hmwk00000gn/T/cov-jacktjaden/3f3e462f62b13aa2e7139ff913623fb3/cov-jacktjaden/9024021a0e8655abbacac798810235a9/float_align_8.cpp 
**** BEGIN FILE stdout: 

**** END FILE stdout ***
**** BEGIN FILE stderr: 
/var/folders/br/wxmxwj554j9chb8y8w7hmwk00000gn/T/cov-jacktjaden/3f3e462f62b13aa2e7139ff913623fb3/cov-jacktjaden/9024021a0e8655abbacac798810235a9/float_align_8.cpp:12:7: error: 'x' declared as an array with a negative size
   12 | int x[sizeof(struct X)==sizeof(struct Y)?1:-1];
      |       ^~~~~~~~~~~~~~~~~~~~~~~~~~~~~~~~~~~~~~~
1 error generated.

**** END FILE stderr ***
Test failed
**** BEGIN FILE source file: /var/folders/br/wxmxwj554j9chb8y8w7hmwk00000gn/T/cov-jacktjaden/3f3e462f62b13aa2e7139ff913623fb3/cov-jacktjaden/9024021a0e8655abbacac798810235a9/float_align_7.cpp
struct X { char a; float b; };
struct Y {
char a1;
char a2;
char a3;
char a4;
char a5;
char a6;
char a7;
float b; };
int x[sizeof(struct X)==sizeof(struct Y)?1:-1];


**** END FILE source file ***
pipe_command: /usr/bin/cc -c /var/folders/br/wxmxwj554j9chb8y8w7hmwk00000gn/T/cov-jacktjaden/3f3e462f62b13aa2e7139ff913623fb3/cov-jacktjaden/9024021a0e8655abbacac798810235a9/float_align_7.cpp 
pipe_commands starting: /usr/bin/cc -c /var/folders/br/wxmxwj554j9chb8y8w7hmwk00000gn/T/cov-jacktjaden/3f3e462f62b13aa2e7139ff913623fb3/cov-jacktjaden/9024021a0e8655abbacac798810235a9/float_align_7.cpp 
**** BEGIN FILE stdout: 

**** END FILE stdout ***
**** BEGIN FILE stderr: 
/var/folders/br/wxmxwj554j9chb8y8w7hmwk00000gn/T/cov-jacktjaden/3f3e462f62b13aa2e7139ff913623fb3/cov-jacktjaden/9024021a0e8655abbacac798810235a9/float_align_7.cpp:11:7: error: 'x' declared as an array with a negative size
   11 | int x[sizeof(struct X)==sizeof(struct Y)?1:-1];
      |       ^~~~~~~~~~~~~~~~~~~~~~~~~~~~~~~~~~~~~~~
1 error generated.

**** END FILE stderr ***
Test failed
**** BEGIN FILE source file: /var/folders/br/wxmxwj554j9chb8y8w7hmwk00000gn/T/cov-jacktjaden/3f3e462f62b13aa2e7139ff913623fb3/cov-jacktjaden/9024021a0e8655abbacac798810235a9/float_align_6.cpp
struct X { char a; float b; };
struct Y {
char a1;
char a2;
char a3;
char a4;
char a5;
char a6;
float b; };
int x[sizeof(struct X)==sizeof(struct Y)?1:-1];


**** END FILE source file ***
pipe_command: /usr/bin/cc -c /var/folders/br/wxmxwj554j9chb8y8w7hmwk00000gn/T/cov-jacktjaden/3f3e462f62b13aa2e7139ff913623fb3/cov-jacktjaden/9024021a0e8655abbacac798810235a9/float_align_6.cpp 
pipe_commands starting: /usr/bin/cc -c /var/folders/br/wxmxwj554j9chb8y8w7hmwk00000gn/T/cov-jacktjaden/3f3e462f62b13aa2e7139ff913623fb3/cov-jacktjaden/9024021a0e8655abbacac798810235a9/float_align_6.cpp 
**** BEGIN FILE stdout: 

**** END FILE stdout ***
**** BEGIN FILE stderr: 
/var/folders/br/wxmxwj554j9chb8y8w7hmwk00000gn/T/cov-jacktjaden/3f3e462f62b13aa2e7139ff913623fb3/cov-jacktjaden/9024021a0e8655abbacac798810235a9/float_align_6.cpp:10:7: error: 'x' declared as an array with a negative size
   10 | int x[sizeof(struct X)==sizeof(struct Y)?1:-1];
      |       ^~~~~~~~~~~~~~~~~~~~~~~~~~~~~~~~~~~~~~~
1 error generated.

**** END FILE stderr ***
Test failed
**** BEGIN FILE source file: /var/folders/br/wxmxwj554j9chb8y8w7hmwk00000gn/T/cov-jacktjaden/3f3e462f62b13aa2e7139ff913623fb3/cov-jacktjaden/9024021a0e8655abbacac798810235a9/float_align_5.cpp
struct X { char a; float b; };
struct Y {
char a1;
char a2;
char a3;
char a4;
char a5;
float b; };
int x[sizeof(struct X)==sizeof(struct Y)?1:-1];


**** END FILE source file ***
pipe_command: /usr/bin/cc -c /var/folders/br/wxmxwj554j9chb8y8w7hmwk00000gn/T/cov-jacktjaden/3f3e462f62b13aa2e7139ff913623fb3/cov-jacktjaden/9024021a0e8655abbacac798810235a9/float_align_5.cpp 
pipe_commands starting: /usr/bin/cc -c /var/folders/br/wxmxwj554j9chb8y8w7hmwk00000gn/T/cov-jacktjaden/3f3e462f62b13aa2e7139ff913623fb3/cov-jacktjaden/9024021a0e8655abbacac798810235a9/float_align_5.cpp 
**** BEGIN FILE stdout: 

**** END FILE stdout ***
**** BEGIN FILE stderr: 
/var/folders/br/wxmxwj554j9chb8y8w7hmwk00000gn/T/cov-jacktjaden/3f3e462f62b13aa2e7139ff913623fb3/cov-jacktjaden/9024021a0e8655abbacac798810235a9/float_align_5.cpp:9:7: error: 'x' declared as an array with a negative size
    9 | int x[sizeof(struct X)==sizeof(struct Y)?1:-1];
      |       ^~~~~~~~~~~~~~~~~~~~~~~~~~~~~~~~~~~~~~~
1 error generated.

**** END FILE stderr ***
Test failed
**** BEGIN FILE source file: /var/folders/br/wxmxwj554j9chb8y8w7hmwk00000gn/T/cov-jacktjaden/3f3e462f62b13aa2e7139ff913623fb3/cov-jacktjaden/9024021a0e8655abbacac798810235a9/float_align_4.cpp
struct X { char a; float b; };
struct Y {
char a1;
char a2;
char a3;
char a4;
float b; };
int x[sizeof(struct X)==sizeof(struct Y)?1:-1];


**** END FILE source file ***
pipe_command: /usr/bin/cc -c /var/folders/br/wxmxwj554j9chb8y8w7hmwk00000gn/T/cov-jacktjaden/3f3e462f62b13aa2e7139ff913623fb3/cov-jacktjaden/9024021a0e8655abbacac798810235a9/float_align_4.cpp 
pipe_commands starting: /usr/bin/cc -c /var/folders/br/wxmxwj554j9chb8y8w7hmwk00000gn/T/cov-jacktjaden/3f3e462f62b13aa2e7139ff913623fb3/cov-jacktjaden/9024021a0e8655abbacac798810235a9/float_align_4.cpp 
**** BEGIN FILE stdout: 

**** END FILE stdout ***
**** BEGIN FILE stderr: 

**** END FILE stderr ***
Test succeded
Detecting size and alignment of int *
**** BEGIN PROBE run_type_size_test ****
**** BEGIN FILE source file: /var/folders/br/wxmxwj554j9chb8y8w7hmwk00000gn/T/cov-jacktjaden/3f3e462f62b13aa2e7139ff913623fb3/cov-jacktjaden/9024021a0e8655abbacac798810235a9/keyword_int__ptr_.cpp
int * x;

**** END FILE source file ***
pipe_command: /usr/bin/cc -c /var/folders/br/wxmxwj554j9chb8y8w7hmwk00000gn/T/cov-jacktjaden/3f3e462f62b13aa2e7139ff913623fb3/cov-jacktjaden/9024021a0e8655abbacac798810235a9/keyword_int__ptr_.cpp 
pipe_commands starting: /usr/bin/cc -c /var/folders/br/wxmxwj554j9chb8y8w7hmwk00000gn/T/cov-jacktjaden/3f3e462f62b13aa2e7139ff913623fb3/cov-jacktjaden/9024021a0e8655abbacac798810235a9/keyword_int__ptr_.cpp 
**** BEGIN FILE stdout: 

**** END FILE stdout ***
**** BEGIN FILE stderr: 

**** END FILE stderr ***
Test succeded
**** BEGIN FILE source file: /var/folders/br/wxmxwj554j9chb8y8w7hmwk00000gn/T/cov-jacktjaden/3f3e462f62b13aa2e7139ff913623fb3/cov-jacktjaden/9024021a0e8655abbacac798810235a9/int__ptr__size_8.cpp
int x [((int)sizeof (int *)) -8];

**** END FILE source file ***
pipe_command: /usr/bin/cc -c /var/folders/br/wxmxwj554j9chb8y8w7hmwk00000gn/T/cov-jacktjaden/3f3e462f62b13aa2e7139ff913623fb3/cov-jacktjaden/9024021a0e8655abbacac798810235a9/int__ptr__size_8.cpp 
pipe_commands starting: /usr/bin/cc -c /var/folders/br/wxmxwj554j9chb8y8w7hmwk00000gn/T/cov-jacktjaden/3f3e462f62b13aa2e7139ff913623fb3/cov-jacktjaden/9024021a0e8655abbacac798810235a9/int__ptr__size_8.cpp 
**** BEGIN FILE stdout: 

**** END FILE stdout ***
**** BEGIN FILE stderr: 

**** END FILE stderr ***
Test succeded
**** END PROBE run_type_size_test ****
**** BEGIN FILE source file: /var/folders/br/wxmxwj554j9chb8y8w7hmwk00000gn/T/cov-jacktjaden/3f3e462f62b13aa2e7139ff913623fb3/cov-jacktjaden/9024021a0e8655abbacac798810235a9/int__ptr__align_8.cpp
struct X { char a; int * b; };
struct Y {
char a1;
char a2;
char a3;
char a4;
char a5;
char a6;
char a7;
char a8;
int * b; };
int x[sizeof(struct X)==sizeof(struct Y)?1:-1];


**** END FILE source file ***
pipe_command: /usr/bin/cc -c /var/folders/br/wxmxwj554j9chb8y8w7hmwk00000gn/T/cov-jacktjaden/3f3e462f62b13aa2e7139ff913623fb3/cov-jacktjaden/9024021a0e8655abbacac798810235a9/int__ptr__align_8.cpp 
pipe_commands starting: /usr/bin/cc -c /var/folders/br/wxmxwj554j9chb8y8w7hmwk00000gn/T/cov-jacktjaden/3f3e462f62b13aa2e7139ff913623fb3/cov-jacktjaden/9024021a0e8655abbacac798810235a9/int__ptr__align_8.cpp 
**** BEGIN FILE stdout: 

**** END FILE stdout ***
**** BEGIN FILE stderr: 

**** END FILE stderr ***
Test succeded
**** END PROBE add_appropriate_type_size_and_alignment_switch ****
**** BEGIN PROBE run_char_bit_size_test ****
**** BEGIN FILE source file: /var/folders/br/wxmxwj554j9chb8y8w7hmwk00000gn/T/cov-jacktjaden/3f3e462f62b13aa2e7139ff913623fb3/cov-jacktjaden/9024021a0e8655abbacac798810235a9/char_bit_1.cpp
#define N 1
#define SHIFT(VALUE,AMOUNT)            \
  ((VALUE) << ((AMOUNT) >= 63 ? 7 : 0) \
           << ((AMOUNT) >= 56 ? 7 : 0) \
           << ((AMOUNT) >= 49 ? 7 : 0) \
           << ((AMOUNT) >= 42 ? 7 : 0) \
           << ((AMOUNT) >= 35 ? 7 : 0) \
           << ((AMOUNT) >= 28 ? 7 : 0) \
           << ((AMOUNT) >= 21 ? 7 : 0) \
           << ((AMOUNT) >= 14 ? 7 : 0) \
           << ((AMOUNT) >=  7 ? 7 : 0) \
           << ((AMOUNT) % 7))
typedef unsigned char UC;
void foo() {
  static int check_char_bit[(UC)SHIFT(1U,N-1U) != 0 ? 1 : -1];
}


**** END FILE source file ***
pipe_command: /usr/bin/cc -c /var/folders/br/wxmxwj554j9chb8y8w7hmwk00000gn/T/cov-jacktjaden/3f3e462f62b13aa2e7139ff913623fb3/cov-jacktjaden/9024021a0e8655abbacac798810235a9/char_bit_1.cpp 
pipe_commands starting: /usr/bin/cc -c /var/folders/br/wxmxwj554j9chb8y8w7hmwk00000gn/T/cov-jacktjaden/3f3e462f62b13aa2e7139ff913623fb3/cov-jacktjaden/9024021a0e8655abbacac798810235a9/char_bit_1.cpp 
**** BEGIN FILE stdout: 

**** END FILE stdout ***
**** BEGIN FILE stderr: 

**** END FILE stderr ***
Test succeded
**** BEGIN FILE source file: /var/folders/br/wxmxwj554j9chb8y8w7hmwk00000gn/T/cov-jacktjaden/3f3e462f62b13aa2e7139ff913623fb3/cov-jacktjaden/9024021a0e8655abbacac798810235a9/char_bit_9.cpp
#define N 9
#define SHIFT(VALUE,AMOUNT)            \
  ((VALUE) << ((AMOUNT) >= 63 ? 7 : 0) \
           << ((AMOUNT) >= 56 ? 7 : 0) \
           << ((AMOUNT) >= 49 ? 7 : 0) \
           << ((AMOUNT) >= 42 ? 7 : 0) \
           << ((AMOUNT) >= 35 ? 7 : 0) \
           << ((AMOUNT) >= 28 ? 7 : 0) \
           << ((AMOUNT) >= 21 ? 7 : 0) \
           << ((AMOUNT) >= 14 ? 7 : 0) \
           << ((AMOUNT) >=  7 ? 7 : 0) \
           << ((AMOUNT) % 7))
typedef unsigned char UC;
void foo() {
  static int check_char_bit[(UC)SHIFT(1U,N-1U) != 0 ? 1 : -1];
}


**** END FILE source file ***
pipe_command: /usr/bin/cc -c /var/folders/br/wxmxwj554j9chb8y8w7hmwk00000gn/T/cov-jacktjaden/3f3e462f62b13aa2e7139ff913623fb3/cov-jacktjaden/9024021a0e8655abbacac798810235a9/char_bit_9.cpp 
pipe_commands starting: /usr/bin/cc -c /var/folders/br/wxmxwj554j9chb8y8w7hmwk00000gn/T/cov-jacktjaden/3f3e462f62b13aa2e7139ff913623fb3/cov-jacktjaden/9024021a0e8655abbacac798810235a9/char_bit_9.cpp 
**** BEGIN FILE stdout: 

**** END FILE stdout ***
**** BEGIN FILE stderr: 
/var/folders/br/wxmxwj554j9chb8y8w7hmwk00000gn/T/cov-jacktjaden/3f3e462f62b13aa2e7139ff913623fb3/cov-jacktjaden/9024021a0e8655abbacac798810235a9/char_bit_9.cpp:15:29: error: 'check_char_bit' declared as an array with a negative size
   15 |   static int check_char_bit[(UC)SHIFT(1U,N-1U) != 0 ? 1 : -1];
      |                             ^~~~~~~~~~~~~~~~~~~~~~~~~~~~~~~~
1 error generated.

**** END FILE stderr ***
Test failed
**** BEGIN FILE source file: /var/folders/br/wxmxwj554j9chb8y8w7hmwk00000gn/T/cov-jacktjaden/3f3e462f62b13aa2e7139ff913623fb3/cov-jacktjaden/9024021a0e8655abbacac798810235a9/char_bit_8.cpp
#define N 8
#define SHIFT(VALUE,AMOUNT)            \
  ((VALUE) << ((AMOUNT) >= 63 ? 7 : 0) \
           << ((AMOUNT) >= 56 ? 7 : 0) \
           << ((AMOUNT) >= 49 ? 7 : 0) \
           << ((AMOUNT) >= 42 ? 7 : 0) \
           << ((AMOUNT) >= 35 ? 7 : 0) \
           << ((AMOUNT) >= 28 ? 7 : 0) \
           << ((AMOUNT) >= 21 ? 7 : 0) \
           << ((AMOUNT) >= 14 ? 7 : 0) \
           << ((AMOUNT) >=  7 ? 7 : 0) \
           << ((AMOUNT) % 7))
typedef unsigned char UC;
void foo() {
  static int check_char_bit[(UC)SHIFT(1U,N-1U) != 0 ? 1 : -1];
}


**** END FILE source file ***
pipe_command: /usr/bin/cc -c /var/folders/br/wxmxwj554j9chb8y8w7hmwk00000gn/T/cov-jacktjaden/3f3e462f62b13aa2e7139ff913623fb3/cov-jacktjaden/9024021a0e8655abbacac798810235a9/char_bit_8.cpp 
pipe_commands starting: /usr/bin/cc -c /var/folders/br/wxmxwj554j9chb8y8w7hmwk00000gn/T/cov-jacktjaden/3f3e462f62b13aa2e7139ff913623fb3/cov-jacktjaden/9024021a0e8655abbacac798810235a9/char_bit_8.cpp 
**** BEGIN FILE stdout: 

**** END FILE stdout ***
**** BEGIN FILE stderr: 

**** END FILE stderr ***
Test succeded
**** END PROBE run_char_bit_size_test ****
**** END PROBE run_type_size_and_alignment_tests ****
**** BEGIN PROBE add_appropriate_restrict_switch_if_needed ****
**** BEGIN FILE source file: /var/folders/br/wxmxwj554j9chb8y8w7hmwk00000gn/T/cov-jacktjaden/3f3e462f62b13aa2e7139ff913623fb3/cov-jacktjaden/9024021a0e8655abbacac798810235a9/restrict.cpp
int * restrict i;

**** END FILE source file ***
pipe_command: /usr/bin/cc -c /var/folders/br/wxmxwj554j9chb8y8w7hmwk00000gn/T/cov-jacktjaden/3f3e462f62b13aa2e7139ff913623fb3/cov-jacktjaden/9024021a0e8655abbacac798810235a9/restrict.cpp 
pipe_commands starting: /usr/bin/cc -c /var/folders/br/wxmxwj554j9chb8y8w7hmwk00000gn/T/cov-jacktjaden/3f3e462f62b13aa2e7139ff913623fb3/cov-jacktjaden/9024021a0e8655abbacac798810235a9/restrict.cpp 
**** BEGIN FILE stdout: 

**** END FILE stdout ***
**** BEGIN FILE stderr: 
/var/folders/br/wxmxwj554j9chb8y8w7hmwk00000gn/T/cov-jacktjaden/3f3e462f62b13aa2e7139ff913623fb3/cov-jacktjaden/9024021a0e8655abbacac798810235a9/restrict.cpp:1:15: error: expected ';' after top level declarator
    1 | int * restrict i;
      |               ^
      |               ;
1 error generated.

**** END FILE stderr ***
Test failed
**** END PROBE add_appropriate_restrict_switch_if_needed ****
**** BEGIN PROBE add_appropriate_cr_term_switch_if_needed ****
**** BEGIN FILE source file: /var/folders/br/wxmxwj554j9chb8y8w7hmwk00000gn/T/cov-jacktjaden/3f3e462f62b13aa2e7139ff913623fb3/cov-jacktjaden/9024021a0e8655abbacac798810235a9/cr_term.cpp
int i;#define foo \ bar void foo() { };

**** END FILE source file ***
pipe_command: /usr/bin/cc -c /var/folders/br/wxmxwj554j9chb8y8w7hmwk00000gn/T/cov-jacktjaden/3f3e462f62b13aa2e7139ff913623fb3/cov-jacktjaden/9024021a0e8655abbacac798810235a9/cr_term.cpp 
pipe_commands starting: /usr/bin/cc -c /var/folders/br/wxmxwj554j9chb8y8w7hmwk00000gn/T/cov-jacktjaden/3f3e462f62b13aa2e7139ff913623fb3/cov-jacktjaden/9024021a0e8655abbacac798810235a9/cr_term.cpp 
**** BEGIN FILE stdout: 

**** END FILE stdout ***
**** BEGIN FILE stderr: 

**** END FILE stderr ***
Test succeded
**** END PROBE add_appropriate_cr_term_switch_if_needed ****
**** BEGIN PROBE add_enable_declspec_switch_if_needed ****
__declspec macro definition test.
**** BEGIN FILE source file: /var/folders/br/wxmxwj554j9chb8y8w7hmwk00000gn/T/cov-jacktjaden/3f3e462f62b13aa2e7139ff913623fb3/cov-jacktjaden/9024021a0e8655abbacac798810235a9/declspec.cpp
#ifndef __declspec
#error __declspec not defined
#endif


**** END FILE source file ***
pipe_command: /usr/bin/cc -c /var/folders/br/wxmxwj554j9chb8y8w7hmwk00000gn/T/cov-jacktjaden/3f3e462f62b13aa2e7139ff913623fb3/cov-jacktjaden/9024021a0e8655abbacac798810235a9/declspec.cpp 
pipe_commands starting: /usr/bin/cc -c /var/folders/br/wxmxwj554j9chb8y8w7hmwk00000gn/T/cov-jacktjaden/3f3e462f62b13aa2e7139ff913623fb3/cov-jacktjaden/9024021a0e8655abbacac798810235a9/declspec.cpp 
**** BEGIN FILE stdout: 

**** END FILE stdout ***
**** BEGIN FILE stderr: 
/var/folders/br/wxmxwj554j9chb8y8w7hmwk00000gn/T/cov-jacktjaden/3f3e462f62b13aa2e7139ff913623fb3/cov-jacktjaden/9024021a0e8655abbacac798810235a9/declspec.cpp:2:2: error: __declspec not defined
    2 | #error __declspec not defined
      |  ^
1 error generated.

**** END FILE stderr ***
Test failed
**** BEGIN FILE source file: /var/folders/br/wxmxwj554j9chb8y8w7hmwk00000gn/T/cov-jacktjaden/3f3e462f62b13aa2e7139ff913623fb3/cov-jacktjaden/9024021a0e8655abbacac798810235a9/declspec2.cpp

void __declspec(int x) {
    x = 1;
}


**** END FILE source file ***
pipe_command: /usr/bin/cc -c /var/folders/br/wxmxwj554j9chb8y8w7hmwk00000gn/T/cov-jacktjaden/3f3e462f62b13aa2e7139ff913623fb3/cov-jacktjaden/9024021a0e8655abbacac798810235a9/declspec2.cpp 
pipe_commands starting: /usr/bin/cc -c /var/folders/br/wxmxwj554j9chb8y8w7hmwk00000gn/T/cov-jacktjaden/3f3e462f62b13aa2e7139ff913623fb3/cov-jacktjaden/9024021a0e8655abbacac798810235a9/declspec2.cpp 
**** BEGIN FILE stdout: 

**** END FILE stdout ***
**** BEGIN FILE stderr: 

**** END FILE stderr ***
Test succeded
**** END PROBE add_enable_declspec_switch_if_needed ****
**** BEGIN PROBE add_appropriate_wchar_t_switch ****
**** BEGIN FILE source file: /var/folders/br/wxmxwj554j9chb8y8w7hmwk00000gn/T/cov-jacktjaden/3f3e462f62b13aa2e7139ff913623fb3/cov-jacktjaden/9024021a0e8655abbacac798810235a9/wchar_t.cpp
wchar_t x;

**** END FILE source file ***
pipe_command: /usr/bin/cc -c /var/folders/br/wxmxwj554j9chb8y8w7hmwk00000gn/T/cov-jacktjaden/3f3e462f62b13aa2e7139ff913623fb3/cov-jacktjaden/9024021a0e8655abbacac798810235a9/wchar_t.cpp 
pipe_commands starting: /usr/bin/cc -c /var/folders/br/wxmxwj554j9chb8y8w7hmwk00000gn/T/cov-jacktjaden/3f3e462f62b13aa2e7139ff913623fb3/cov-jacktjaden/9024021a0e8655abbacac798810235a9/wchar_t.cpp 
**** BEGIN FILE stdout: 

**** END FILE stdout ***
**** BEGIN FILE stderr: 

**** END FILE stderr ***
Test succeded
**** BEGIN FILE source file: /var/folders/br/wxmxwj554j9chb8y8w7hmwk00000gn/T/cov-jacktjaden/3f3e462f62b13aa2e7139ff913623fb3/cov-jacktjaden/9024021a0e8655abbacac798810235a9/wchar_t2.cpp
struct foo { int wchar_t; };

**** END FILE source file ***
pipe_command: /usr/bin/cc -c /var/folders/br/wxmxwj554j9chb8y8w7hmwk00000gn/T/cov-jacktjaden/3f3e462f62b13aa2e7139ff913623fb3/cov-jacktjaden/9024021a0e8655abbacac798810235a9/wchar_t2.cpp 
pipe_commands starting: /usr/bin/cc -c /var/folders/br/wxmxwj554j9chb8y8w7hmwk00000gn/T/cov-jacktjaden/3f3e462f62b13aa2e7139ff913623fb3/cov-jacktjaden/9024021a0e8655abbacac798810235a9/wchar_t2.cpp 
**** BEGIN FILE stdout: 

**** END FILE stdout ***
**** BEGIN FILE stderr: 
/var/folders/br/wxmxwj554j9chb8y8w7hmwk00000gn/T/cov-jacktjaden/3f3e462f62b13aa2e7139ff913623fb3/cov-jacktjaden/9024021a0e8655abbacac798810235a9/wchar_t2.cpp:1:18: error: cannot combine with previous 'int' declaration specifier
    1 | struct foo { int wchar_t; };
      |                  ^
/var/folders/br/wxmxwj554j9chb8y8w7hmwk00000gn/T/cov-jacktjaden/3f3e462f62b13aa2e7139ff913623fb3/cov-jacktjaden/9024021a0e8655abbacac798810235a9/wchar_t2.cpp:1:14: warning: declaration does not declare anything [-Wmissing-declarations]
    1 | struct foo { int wchar_t; };
      |              ^~~~~~~~~~~
1 warning and 1 error generated.

**** END FILE stderr ***
Test failed
**** END PROBE add_appropriate_wchar_t_switch ****
**** BEGIN PROBE add_ignore_std_switch ****
Test test_ignore_std **** BEGIN FILE source file: /var/folders/br/wxmxwj554j9chb8y8w7hmwk00000gn/T/cov-jacktjaden/3f3e462f62b13aa2e7139ff913623fb3/cov-jacktjaden/9024021a0e8655abbacac798810235a9/implicit_std.cpp
namespace std
{
                                  int foo;
}

void bar () { int x = foo; }

**** END FILE source file ***
pipe_command: /usr/bin/cc -c /var/folders/br/wxmxwj554j9chb8y8w7hmwk00000gn/T/cov-jacktjaden/3f3e462f62b13aa2e7139ff913623fb3/cov-jacktjaden/9024021a0e8655abbacac798810235a9/implicit_std.cpp 
pipe_commands starting: /usr/bin/cc -c /var/folders/br/wxmxwj554j9chb8y8w7hmwk00000gn/T/cov-jacktjaden/3f3e462f62b13aa2e7139ff913623fb3/cov-jacktjaden/9024021a0e8655abbacac798810235a9/implicit_std.cpp 
**** BEGIN FILE stdout: 

**** END FILE stdout ***
**** BEGIN FILE stderr: 
/var/folders/br/wxmxwj554j9chb8y8w7hmwk00000gn/T/cov-jacktjaden/3f3e462f62b13aa2e7139ff913623fb3/cov-jacktjaden/9024021a0e8655abbacac798810235a9/implicit_std.cpp:6:23: error: use of undeclared identifier 'foo'; did you mean 'for'?
    6 | void bar () { int x = foo; }
      |                       ^~~
      |                       for
/var/folders/br/wxmxwj554j9chb8y8w7hmwk00000gn/T/cov-jacktjaden/3f3e462f62b13aa2e7139ff913623fb3/cov-jacktjaden/9024021a0e8655abbacac798810235a9/implicit_std.cpp:6:23: error: expected expression
2 errors generated.

**** END FILE stderr ***
Test failed
**** END PROBE add_ignore_std_switch ****
**** BEGIN PROBE add_multiline_string_switch_if_needed ****
**** BEGIN FILE source file: /var/folders/br/wxmxwj554j9chb8y8w7hmwk00000gn/T/cov-jacktjaden/3f3e462f62b13aa2e7139ff913623fb3/cov-jacktjaden/9024021a0e8655abbacac798810235a9/multiline_string.cpp
char* str = "Hello
World";

**** END FILE source file ***
pipe_command: /usr/bin/cc -c /var/folders/br/wxmxwj554j9chb8y8w7hmwk00000gn/T/cov-jacktjaden/3f3e462f62b13aa2e7139ff913623fb3/cov-jacktjaden/9024021a0e8655abbacac798810235a9/multiline_string.cpp 
pipe_commands starting: /usr/bin/cc -c /var/folders/br/wxmxwj554j9chb8y8w7hmwk00000gn/T/cov-jacktjaden/3f3e462f62b13aa2e7139ff913623fb3/cov-jacktjaden/9024021a0e8655abbacac798810235a9/multiline_string.cpp 
**** BEGIN FILE stdout: 

**** END FILE stdout ***
**** BEGIN FILE stderr: 
/var/folders/br/wxmxwj554j9chb8y8w7hmwk00000gn/T/cov-jacktjaden/3f3e462f62b13aa2e7139ff913623fb3/cov-jacktjaden/9024021a0e8655abbacac798810235a9/multiline_string.cpp:1:13: warning: missing terminating '"' character [-Winvalid-pp-token]
    1 | char* str = "Hello
      |             ^
/var/folders/br/wxmxwj554j9chb8y8w7hmwk00000gn/T/cov-jacktjaden/3f3e462f62b13aa2e7139ff913623fb3/cov-jacktjaden/9024021a0e8655abbacac798810235a9/multiline_string.cpp:1:13: error: expected expression
/var/folders/br/wxmxwj554j9chb8y8w7hmwk00000gn/T/cov-jacktjaden/3f3e462f62b13aa2e7139ff913623fb3/cov-jacktjaden/9024021a0e8655abbacac798810235a9/multiline_string.cpp:2:6: warning: missing terminating '"' character [-Winvalid-pp-token]
    2 | World";
      |      ^
/var/folders/br/wxmxwj554j9chb8y8w7hmwk00000gn/T/cov-jacktjaden/3f3e462f62b13aa2e7139ff913623fb3/cov-jacktjaden/9024021a0e8655abbacac798810235a9/multiline_string.cpp:2:8: error: expected ';' after top level declarator
    2 | World";
      |        ^
      |        ;
2 warnings and 2 errors generated.

**** END FILE stderr ***
Test failed
**** END PROBE add_multiline_string_switch_if_needed ****
**** BEGIN PROBE add_appropriate_trigraphs_switch ****
**** BEGIN FILE source file: /var/folders/br/wxmxwj554j9chb8y8w7hmwk00000gn/T/cov-jacktjaden/3f3e462f62b13aa2e7139ff913623fb3/cov-jacktjaden/9024021a0e8655abbacac798810235a9/trigraphs.cpp
char x ??( 3 ??) = "Hi";

**** END FILE source file ***
pipe_command: /usr/bin/cc -c /var/folders/br/wxmxwj554j9chb8y8w7hmwk00000gn/T/cov-jacktjaden/3f3e462f62b13aa2e7139ff913623fb3/cov-jacktjaden/9024021a0e8655abbacac798810235a9/trigraphs.cpp 
pipe_commands starting: /usr/bin/cc -c /var/folders/br/wxmxwj554j9chb8y8w7hmwk00000gn/T/cov-jacktjaden/3f3e462f62b13aa2e7139ff913623fb3/cov-jacktjaden/9024021a0e8655abbacac798810235a9/trigraphs.cpp 
**** BEGIN FILE stdout: 

**** END FILE stdout ***
**** BEGIN FILE stderr: 
/var/folders/br/wxmxwj554j9chb8y8w7hmwk00000gn/T/cov-jacktjaden/3f3e462f62b13aa2e7139ff913623fb3/cov-jacktjaden/9024021a0e8655abbacac798810235a9/trigraphs.cpp:1:8: warning: trigraph ignored [-Wtrigraphs]
    1 | char x ??( 3 ??) = "Hi";
      |        ^
/var/folders/br/wxmxwj554j9chb8y8w7hmwk00000gn/T/cov-jacktjaden/3f3e462f62b13aa2e7139ff913623fb3/cov-jacktjaden/9024021a0e8655abbacac798810235a9/trigraphs.cpp:1:7: error: expected ';' after top level declarator
    1 | char x ??( 3 ??) = "Hi";
      |       ^
      |       ;
/var/folders/br/wxmxwj554j9chb8y8w7hmwk00000gn/T/cov-jacktjaden/3f3e462f62b13aa2e7139ff913623fb3/cov-jacktjaden/9024021a0e8655abbacac798810235a9/trigraphs.cpp:1:14: warning: trigraph ignored [-Wtrigraphs]
    1 | char x ??( 3 ??) = "Hi";
      |              ^
2 warnings and 1 error generated.

**** END FILE stderr ***
Test failed
**** END PROBE add_appropriate_trigraphs_switch ****
**** BEGIN PROBE run_x86_calling_conventions_test ****
**** BEGIN FILE source file: /var/folders/br/wxmxwj554j9chb8y8w7hmwk00000gn/T/cov-jacktjaden/3f3e462f62b13aa2e7139ff913623fb3/cov-jacktjaden/9024021a0e8655abbacac798810235a9/supports_gnu_cc_attr.cpp
void foo(void) __attribute__((__stdcall__));

**** END FILE source file ***
pipe_command: /usr/bin/cc -c /var/folders/br/wxmxwj554j9chb8y8w7hmwk00000gn/T/cov-jacktjaden/3f3e462f62b13aa2e7139ff913623fb3/cov-jacktjaden/9024021a0e8655abbacac798810235a9/supports_gnu_cc_attr.cpp 
pipe_commands starting: /usr/bin/cc -c /var/folders/br/wxmxwj554j9chb8y8w7hmwk00000gn/T/cov-jacktjaden/3f3e462f62b13aa2e7139ff913623fb3/cov-jacktjaden/9024021a0e8655abbacac798810235a9/supports_gnu_cc_attr.cpp 
**** BEGIN FILE stdout: 

**** END FILE stdout ***
**** BEGIN FILE stderr: 
/var/folders/br/wxmxwj554j9chb8y8w7hmwk00000gn/T/cov-jacktjaden/3f3e462f62b13aa2e7139ff913623fb3/cov-jacktjaden/9024021a0e8655abbacac798810235a9/supports_gnu_cc_attr.cpp:1:31: warning: '__stdcall__' calling convention is not supported for this target [-Wignored-attributes]
    1 | void foo(void) __attribute__((__stdcall__));
      |                               ^
1 warning generated.

**** END FILE stderr ***
Test succeded
**** BEGIN FILE source file: /var/folders/br/wxmxwj554j9chb8y8w7hmwk00000gn/T/cov-jacktjaden/3f3e462f62b13aa2e7139ff913623fb3/cov-jacktjaden/9024021a0e8655abbacac798810235a9/_stdcall.cpp
void f(void) ;
void (*p)() __attribute__((__stdcall__))  = &f;


**** END FILE source file ***
pipe_command: /usr/bin/cc -c /var/folders/br/wxmxwj554j9chb8y8w7hmwk00000gn/T/cov-jacktjaden/3f3e462f62b13aa2e7139ff913623fb3/cov-jacktjaden/9024021a0e8655abbacac798810235a9/_stdcall.cpp 
pipe_commands starting: /usr/bin/cc -c /var/folders/br/wxmxwj554j9chb8y8w7hmwk00000gn/T/cov-jacktjaden/3f3e462f62b13aa2e7139ff913623fb3/cov-jacktjaden/9024021a0e8655abbacac798810235a9/_stdcall.cpp 
**** BEGIN FILE stdout: 

**** END FILE stdout ***
**** BEGIN FILE stderr: 
/var/folders/br/wxmxwj554j9chb8y8w7hmwk00000gn/T/cov-jacktjaden/3f3e462f62b13aa2e7139ff913623fb3/cov-jacktjaden/9024021a0e8655abbacac798810235a9/_stdcall.cpp:2:28: warning: '__stdcall__' calling convention is not supported for this target [-Wignored-attributes]
    2 | void (*p)() __attribute__((__stdcall__))  = &f;
      |                            ^
1 warning generated.

**** END FILE stderr ***
Test succeded
**** BEGIN FILE source file: /var/folders/br/wxmxwj554j9chb8y8w7hmwk00000gn/T/cov-jacktjaden/3f3e462f62b13aa2e7139ff913623fb3/cov-jacktjaden/9024021a0e8655abbacac798810235a9/_cdecl.cpp
void f(void) ;
void (*p)() __attribute__((__cdecl__))  = &f;


**** END FILE source file ***
pipe_command: /usr/bin/cc -c /var/folders/br/wxmxwj554j9chb8y8w7hmwk00000gn/T/cov-jacktjaden/3f3e462f62b13aa2e7139ff913623fb3/cov-jacktjaden/9024021a0e8655abbacac798810235a9/_cdecl.cpp 
pipe_commands starting: /usr/bin/cc -c /var/folders/br/wxmxwj554j9chb8y8w7hmwk00000gn/T/cov-jacktjaden/3f3e462f62b13aa2e7139ff913623fb3/cov-jacktjaden/9024021a0e8655abbacac798810235a9/_cdecl.cpp 
**** BEGIN FILE stdout: 

**** END FILE stdout ***
**** BEGIN FILE stderr: 

**** END FILE stderr ***
Test succeded
**** BEGIN FILE source file: /var/folders/br/wxmxwj554j9chb8y8w7hmwk00000gn/T/cov-jacktjaden/3f3e462f62b13aa2e7139ff913623fb3/cov-jacktjaden/9024021a0e8655abbacac798810235a9/_fastcall.cpp
void f(void) ;
void (*p)() __attribute__((__fastcall__))  = &f;


**** END FILE source file ***
pipe_command: /usr/bin/cc -c /var/folders/br/wxmxwj554j9chb8y8w7hmwk00000gn/T/cov-jacktjaden/3f3e462f62b13aa2e7139ff913623fb3/cov-jacktjaden/9024021a0e8655abbacac798810235a9/_fastcall.cpp 
pipe_commands starting: /usr/bin/cc -c /var/folders/br/wxmxwj554j9chb8y8w7hmwk00000gn/T/cov-jacktjaden/3f3e462f62b13aa2e7139ff913623fb3/cov-jacktjaden/9024021a0e8655abbacac798810235a9/_fastcall.cpp 
**** BEGIN FILE stdout: 

**** END FILE stdout ***
**** BEGIN FILE stderr: 
/var/folders/br/wxmxwj554j9chb8y8w7hmwk00000gn/T/cov-jacktjaden/3f3e462f62b13aa2e7139ff913623fb3/cov-jacktjaden/9024021a0e8655abbacac798810235a9/_fastcall.cpp:2:28: warning: '__fastcall__' calling convention is not supported for this target [-Wignored-attributes]
    2 | void (*p)() __attribute__((__fastcall__))  = &f;
      |                            ^
1 warning generated.

**** END FILE stderr ***
Test succeded
**** BEGIN FILE source file: /var/folders/br/wxmxwj554j9chb8y8w7hmwk00000gn/T/cov-jacktjaden/3f3e462f62b13aa2e7139ff913623fb3/cov-jacktjaden/9024021a0e8655abbacac798810235a9/_vectorcall.cpp
void f(void) ;
void (*p)() __attribute__((__vectorcall__))  = &f;


**** END FILE source file ***
pipe_command: /usr/bin/cc -c /var/folders/br/wxmxwj554j9chb8y8w7hmwk00000gn/T/cov-jacktjaden/3f3e462f62b13aa2e7139ff913623fb3/cov-jacktjaden/9024021a0e8655abbacac798810235a9/_vectorcall.cpp 
pipe_commands starting: /usr/bin/cc -c /var/folders/br/wxmxwj554j9chb8y8w7hmwk00000gn/T/cov-jacktjaden/3f3e462f62b13aa2e7139ff913623fb3/cov-jacktjaden/9024021a0e8655abbacac798810235a9/_vectorcall.cpp 
**** BEGIN FILE stdout: 

**** END FILE stdout ***
**** BEGIN FILE stderr: 
/var/folders/br/wxmxwj554j9chb8y8w7hmwk00000gn/T/cov-jacktjaden/3f3e462f62b13aa2e7139ff913623fb3/cov-jacktjaden/9024021a0e8655abbacac798810235a9/_vectorcall.cpp:2:8: error: cannot initialize a variable of type 'void ((*))() __attribute__((vectorcall))' with an rvalue of type 'void (*)()'
    2 | void (*p)() __attribute__((__vectorcall__))  = &f;
      |        ^                                       ~~
1 error generated.

**** END FILE stderr ***
Test failed
**** BEGIN FILE source file: /var/folders/br/wxmxwj554j9chb8y8w7hmwk00000gn/T/cov-jacktjaden/3f3e462f62b13aa2e7139ff913623fb3/cov-jacktjaden/9024021a0e8655abbacac798810235a9/_thiscall.cpp
void f(void) ;
void (*p)() __attribute__((__thiscall__))  = &f;


**** END FILE source file ***
pipe_command: /usr/bin/cc -c /var/folders/br/wxmxwj554j9chb8y8w7hmwk00000gn/T/cov-jacktjaden/3f3e462f62b13aa2e7139ff913623fb3/cov-jacktjaden/9024021a0e8655abbacac798810235a9/_thiscall.cpp 
pipe_commands starting: /usr/bin/cc -c /var/folders/br/wxmxwj554j9chb8y8w7hmwk00000gn/T/cov-jacktjaden/3f3e462f62b13aa2e7139ff913623fb3/cov-jacktjaden/9024021a0e8655abbacac798810235a9/_thiscall.cpp 
**** BEGIN FILE stdout: 

**** END FILE stdout ***
**** BEGIN FILE stderr: 
/var/folders/br/wxmxwj554j9chb8y8w7hmwk00000gn/T/cov-jacktjaden/3f3e462f62b13aa2e7139ff913623fb3/cov-jacktjaden/9024021a0e8655abbacac798810235a9/_thiscall.cpp:2:28: warning: '__thiscall__' calling convention is not supported for this target [-Wignored-attributes]
    2 | void (*p)() __attribute__((__thiscall__))  = &f;
      |                            ^
1 warning generated.

**** END FILE stderr ***
Test succeded
**** BEGIN FILE source file: /var/folders/br/wxmxwj554j9chb8y8w7hmwk00000gn/T/cov-jacktjaden/3f3e462f62b13aa2e7139ff913623fb3/cov-jacktjaden/9024021a0e8655abbacac798810235a9/stdcall_vectorcall.cpp
void f(void) __attribute__((__stdcall__));
void (*p)() __attribute__((__vectorcall__))  = &f;


**** END FILE source file ***
pipe_command: /usr/bin/cc -c /var/folders/br/wxmxwj554j9chb8y8w7hmwk00000gn/T/cov-jacktjaden/3f3e462f62b13aa2e7139ff913623fb3/cov-jacktjaden/9024021a0e8655abbacac798810235a9/stdcall_vectorcall.cpp 
pipe_commands starting: /usr/bin/cc -c /var/folders/br/wxmxwj554j9chb8y8w7hmwk00000gn/T/cov-jacktjaden/3f3e462f62b13aa2e7139ff913623fb3/cov-jacktjaden/9024021a0e8655abbacac798810235a9/stdcall_vectorcall.cpp 
**** BEGIN FILE stdout: 

**** END FILE stdout ***
**** BEGIN FILE stderr: 
/var/folders/br/wxmxwj554j9chb8y8w7hmwk00000gn/T/cov-jacktjaden/3f3e462f62b13aa2e7139ff913623fb3/cov-jacktjaden/9024021a0e8655abbacac798810235a9/stdcall_vectorcall.cpp:1:29: warning: '__stdcall__' calling convention is not supported for this target [-Wignored-attributes]
    1 | void f(void) __attribute__((__stdcall__));
      |                             ^
/var/folders/br/wxmxwj554j9chb8y8w7hmwk00000gn/T/cov-jacktjaden/3f3e462f62b13aa2e7139ff913623fb3/cov-jacktjaden/9024021a0e8655abbacac798810235a9/stdcall_vectorcall.cpp:2:8: error: cannot initialize a variable of type 'void ((*))() __attribute__((vectorcall))' with an rvalue of type 'void (*)() __attribute__((stdcall))'
    2 | void (*p)() __attribute__((__vectorcall__))  = &f;
      |        ^                                       ~~
1 warning and 1 error generated.

**** END FILE stderr ***
Test failed
**** BEGIN FILE source file: /var/folders/br/wxmxwj554j9chb8y8w7hmwk00000gn/T/cov-jacktjaden/3f3e462f62b13aa2e7139ff913623fb3/cov-jacktjaden/9024021a0e8655abbacac798810235a9/cdecl_vectorcall.cpp
void f(void) __attribute__((__cdecl__));
void (*p)() __attribute__((__vectorcall__))  = &f;


**** END FILE source file ***
pipe_command: /usr/bin/cc -c /var/folders/br/wxmxwj554j9chb8y8w7hmwk00000gn/T/cov-jacktjaden/3f3e462f62b13aa2e7139ff913623fb3/cov-jacktjaden/9024021a0e8655abbacac798810235a9/cdecl_vectorcall.cpp 
pipe_commands starting: /usr/bin/cc -c /var/folders/br/wxmxwj554j9chb8y8w7hmwk00000gn/T/cov-jacktjaden/3f3e462f62b13aa2e7139ff913623fb3/cov-jacktjaden/9024021a0e8655abbacac798810235a9/cdecl_vectorcall.cpp 
**** BEGIN FILE stdout: 

**** END FILE stdout ***
**** BEGIN FILE stderr: 
/var/folders/br/wxmxwj554j9chb8y8w7hmwk00000gn/T/cov-jacktjaden/3f3e462f62b13aa2e7139ff913623fb3/cov-jacktjaden/9024021a0e8655abbacac798810235a9/cdecl_vectorcall.cpp:2:8: error: cannot initialize a variable of type 'void ((*))() __attribute__((vectorcall))' with an rvalue of type 'void (*)() __attribute__((cdecl))'
    2 | void (*p)() __attribute__((__vectorcall__))  = &f;
      |        ^                                       ~~
1 error generated.

**** END FILE stderr ***
Test failed
**** BEGIN FILE source file: /var/folders/br/wxmxwj554j9chb8y8w7hmwk00000gn/T/cov-jacktjaden/3f3e462f62b13aa2e7139ff913623fb3/cov-jacktjaden/9024021a0e8655abbacac798810235a9/fastcall_vectorcall.cpp
void f(void) __attribute__((__fastcall__));
void (*p)() __attribute__((__vectorcall__))  = &f;


**** END FILE source file ***
pipe_command: /usr/bin/cc -c /var/folders/br/wxmxwj554j9chb8y8w7hmwk00000gn/T/cov-jacktjaden/3f3e462f62b13aa2e7139ff913623fb3/cov-jacktjaden/9024021a0e8655abbacac798810235a9/fastcall_vectorcall.cpp 
pipe_commands starting: /usr/bin/cc -c /var/folders/br/wxmxwj554j9chb8y8w7hmwk00000gn/T/cov-jacktjaden/3f3e462f62b13aa2e7139ff913623fb3/cov-jacktjaden/9024021a0e8655abbacac798810235a9/fastcall_vectorcall.cpp 
**** BEGIN FILE stdout: 

**** END FILE stdout ***
**** BEGIN FILE stderr: 
/var/folders/br/wxmxwj554j9chb8y8w7hmwk00000gn/T/cov-jacktjaden/3f3e462f62b13aa2e7139ff913623fb3/cov-jacktjaden/9024021a0e8655abbacac798810235a9/fastcall_vectorcall.cpp:1:29: warning: '__fastcall__' calling convention is not supported for this target [-Wignored-attributes]
    1 | void f(void) __attribute__((__fastcall__));
      |                             ^
/var/folders/br/wxmxwj554j9chb8y8w7hmwk00000gn/T/cov-jacktjaden/3f3e462f62b13aa2e7139ff913623fb3/cov-jacktjaden/9024021a0e8655abbacac798810235a9/fastcall_vectorcall.cpp:2:8: error: cannot initialize a variable of type 'void ((*))() __attribute__((vectorcall))' with an rvalue of type 'void (*)() __attribute__((fastcall))'
    2 | void (*p)() __attribute__((__vectorcall__))  = &f;
      |        ^                                       ~~
1 warning and 1 error generated.

**** END FILE stderr ***
Test failed
**** BEGIN FILE source file: /var/folders/br/wxmxwj554j9chb8y8w7hmwk00000gn/T/cov-jacktjaden/3f3e462f62b13aa2e7139ff913623fb3/cov-jacktjaden/9024021a0e8655abbacac798810235a9/vectorcall_.cpp
void f(void) __attribute__((__vectorcall__));
void (*p)()   = &f;


**** END FILE source file ***
pipe_command: /usr/bin/cc -c /var/folders/br/wxmxwj554j9chb8y8w7hmwk00000gn/T/cov-jacktjaden/3f3e462f62b13aa2e7139ff913623fb3/cov-jacktjaden/9024021a0e8655abbacac798810235a9/vectorcall_.cpp 
pipe_commands starting: /usr/bin/cc -c /var/folders/br/wxmxwj554j9chb8y8w7hmwk00000gn/T/cov-jacktjaden/3f3e462f62b13aa2e7139ff913623fb3/cov-jacktjaden/9024021a0e8655abbacac798810235a9/vectorcall_.cpp 
**** BEGIN FILE stdout: 

**** END FILE stdout ***
**** BEGIN FILE stderr: 
/var/folders/br/wxmxwj554j9chb8y8w7hmwk00000gn/T/cov-jacktjaden/3f3e462f62b13aa2e7139ff913623fb3/cov-jacktjaden/9024021a0e8655abbacac798810235a9/vectorcall_.cpp:2:8: error: cannot initialize a variable of type 'void (*)()' with an rvalue of type 'void (*)() __attribute__((vectorcall))'
    2 | void (*p)()   = &f;
      |        ^        ~~
1 error generated.

**** END FILE stderr ***
Test failed
**** BEGIN FILE source file: /var/folders/br/wxmxwj554j9chb8y8w7hmwk00000gn/T/cov-jacktjaden/3f3e462f62b13aa2e7139ff913623fb3/cov-jacktjaden/9024021a0e8655abbacac798810235a9/vectorcall_stdcall.cpp
void f(void) __attribute__((__vectorcall__));
void (*p)() __attribute__((__stdcall__))  = &f;


**** END FILE source file ***
pipe_command: /usr/bin/cc -c /var/folders/br/wxmxwj554j9chb8y8w7hmwk00000gn/T/cov-jacktjaden/3f3e462f62b13aa2e7139ff913623fb3/cov-jacktjaden/9024021a0e8655abbacac798810235a9/vectorcall_stdcall.cpp 
pipe_commands starting: /usr/bin/cc -c /var/folders/br/wxmxwj554j9chb8y8w7hmwk00000gn/T/cov-jacktjaden/3f3e462f62b13aa2e7139ff913623fb3/cov-jacktjaden/9024021a0e8655abbacac798810235a9/vectorcall_stdcall.cpp 
**** BEGIN FILE stdout: 

**** END FILE stdout ***
**** BEGIN FILE stderr: 
/var/folders/br/wxmxwj554j9chb8y8w7hmwk00000gn/T/cov-jacktjaden/3f3e462f62b13aa2e7139ff913623fb3/cov-jacktjaden/9024021a0e8655abbacac798810235a9/vectorcall_stdcall.cpp:2:28: warning: '__stdcall__' calling convention is not supported for this target [-Wignored-attributes]
    2 | void (*p)() __attribute__((__stdcall__))  = &f;
      |                            ^
/var/folders/br/wxmxwj554j9chb8y8w7hmwk00000gn/T/cov-jacktjaden/3f3e462f62b13aa2e7139ff913623fb3/cov-jacktjaden/9024021a0e8655abbacac798810235a9/vectorcall_stdcall.cpp:2:8: error: cannot initialize a variable of type 'void ((*))() __attribute__((stdcall))' with an rvalue of type 'void (*)() __attribute__((vectorcall))'
    2 | void (*p)() __attribute__((__stdcall__))  = &f;
      |        ^                                    ~~
1 warning and 1 error generated.

**** END FILE stderr ***
Test failed
**** BEGIN FILE source file: /var/folders/br/wxmxwj554j9chb8y8w7hmwk00000gn/T/cov-jacktjaden/3f3e462f62b13aa2e7139ff913623fb3/cov-jacktjaden/9024021a0e8655abbacac798810235a9/vectorcall_cdecl.cpp
void f(void) __attribute__((__vectorcall__));
void (*p)() __attribute__((__cdecl__))  = &f;


**** END FILE source file ***
pipe_command: /usr/bin/cc -c /var/folders/br/wxmxwj554j9chb8y8w7hmwk00000gn/T/cov-jacktjaden/3f3e462f62b13aa2e7139ff913623fb3/cov-jacktjaden/9024021a0e8655abbacac798810235a9/vectorcall_cdecl.cpp 
pipe_commands starting: /usr/bin/cc -c /var/folders/br/wxmxwj554j9chb8y8w7hmwk00000gn/T/cov-jacktjaden/3f3e462f62b13aa2e7139ff913623fb3/cov-jacktjaden/9024021a0e8655abbacac798810235a9/vectorcall_cdecl.cpp 
**** BEGIN FILE stdout: 

**** END FILE stdout ***
**** BEGIN FILE stderr: 
/var/folders/br/wxmxwj554j9chb8y8w7hmwk00000gn/T/cov-jacktjaden/3f3e462f62b13aa2e7139ff913623fb3/cov-jacktjaden/9024021a0e8655abbacac798810235a9/vectorcall_cdecl.cpp:2:8: error: cannot initialize a variable of type 'void ((*))() __attribute__((cdecl))' with an rvalue of type 'void (*)() __attribute__((vectorcall))'
    2 | void (*p)() __attribute__((__cdecl__))  = &f;
      |        ^                                  ~~
1 error generated.

**** END FILE stderr ***
Test failed
**** BEGIN FILE source file: /var/folders/br/wxmxwj554j9chb8y8w7hmwk00000gn/T/cov-jacktjaden/3f3e462f62b13aa2e7139ff913623fb3/cov-jacktjaden/9024021a0e8655abbacac798810235a9/vectorcall_fastcall.cpp
void f(void) __attribute__((__vectorcall__));
void (*p)() __attribute__((__fastcall__))  = &f;


**** END FILE source file ***
pipe_command: /usr/bin/cc -c /var/folders/br/wxmxwj554j9chb8y8w7hmwk00000gn/T/cov-jacktjaden/3f3e462f62b13aa2e7139ff913623fb3/cov-jacktjaden/9024021a0e8655abbacac798810235a9/vectorcall_fastcall.cpp 
pipe_commands starting: /usr/bin/cc -c /var/folders/br/wxmxwj554j9chb8y8w7hmwk00000gn/T/cov-jacktjaden/3f3e462f62b13aa2e7139ff913623fb3/cov-jacktjaden/9024021a0e8655abbacac798810235a9/vectorcall_fastcall.cpp 
**** BEGIN FILE stdout: 

**** END FILE stdout ***
**** BEGIN FILE stderr: 
/var/folders/br/wxmxwj554j9chb8y8w7hmwk00000gn/T/cov-jacktjaden/3f3e462f62b13aa2e7139ff913623fb3/cov-jacktjaden/9024021a0e8655abbacac798810235a9/vectorcall_fastcall.cpp:2:28: warning: '__fastcall__' calling convention is not supported for this target [-Wignored-attributes]
    2 | void (*p)() __attribute__((__fastcall__))  = &f;
      |                            ^
/var/folders/br/wxmxwj554j9chb8y8w7hmwk00000gn/T/cov-jacktjaden/3f3e462f62b13aa2e7139ff913623fb3/cov-jacktjaden/9024021a0e8655abbacac798810235a9/vectorcall_fastcall.cpp:2:8: error: cannot initialize a variable of type 'void ((*))() __attribute__((fastcall))' with an rvalue of type 'void (*)() __attribute__((vectorcall))'
    2 | void (*p)() __attribute__((__fastcall__))  = &f;
      |        ^                                     ~~
1 warning and 1 error generated.

**** END FILE stderr ***
Test failed
**** BEGIN FILE source file: /var/folders/br/wxmxwj554j9chb8y8w7hmwk00000gn/T/cov-jacktjaden/3f3e462f62b13aa2e7139ff913623fb3/cov-jacktjaden/9024021a0e8655abbacac798810235a9/vectorcall_thiscall.cpp
void f(void) __attribute__((__vectorcall__));
void (*p)() __attribute__((__thiscall__))  = &f;


**** END FILE source file ***
pipe_command: /usr/bin/cc -c /var/folders/br/wxmxwj554j9chb8y8w7hmwk00000gn/T/cov-jacktjaden/3f3e462f62b13aa2e7139ff913623fb3/cov-jacktjaden/9024021a0e8655abbacac798810235a9/vectorcall_thiscall.cpp 
pipe_commands starting: /usr/bin/cc -c /var/folders/br/wxmxwj554j9chb8y8w7hmwk00000gn/T/cov-jacktjaden/3f3e462f62b13aa2e7139ff913623fb3/cov-jacktjaden/9024021a0e8655abbacac798810235a9/vectorcall_thiscall.cpp 
**** BEGIN FILE stdout: 

**** END FILE stdout ***
**** BEGIN FILE stderr: 
/var/folders/br/wxmxwj554j9chb8y8w7hmwk00000gn/T/cov-jacktjaden/3f3e462f62b13aa2e7139ff913623fb3/cov-jacktjaden/9024021a0e8655abbacac798810235a9/vectorcall_thiscall.cpp:2:28: warning: '__thiscall__' calling convention is not supported for this target [-Wignored-attributes]
    2 | void (*p)() __attribute__((__thiscall__))  = &f;
      |                            ^
/var/folders/br/wxmxwj554j9chb8y8w7hmwk00000gn/T/cov-jacktjaden/3f3e462f62b13aa2e7139ff913623fb3/cov-jacktjaden/9024021a0e8655abbacac798810235a9/vectorcall_thiscall.cpp:2:8: error: cannot initialize a variable of type 'void ((*))() __attribute__((thiscall))' with an rvalue of type 'void (*)() __attribute__((vectorcall))'
    2 | void (*p)() __attribute__((__thiscall__))  = &f;
      |        ^                                     ~~
1 warning and 1 error generated.

**** END FILE stderr ***
Test failed
**** BEGIN FILE source file: /var/folders/br/wxmxwj554j9chb8y8w7hmwk00000gn/T/cov-jacktjaden/3f3e462f62b13aa2e7139ff913623fb3/cov-jacktjaden/9024021a0e8655abbacac798810235a9/thiscall_vectorcall.cpp
void f(void) __attribute__((__thiscall__));
void (*p)() __attribute__((__vectorcall__))  = &f;


**** END FILE source file ***
pipe_command: /usr/bin/cc -c /var/folders/br/wxmxwj554j9chb8y8w7hmwk00000gn/T/cov-jacktjaden/3f3e462f62b13aa2e7139ff913623fb3/cov-jacktjaden/9024021a0e8655abbacac798810235a9/thiscall_vectorcall.cpp 
pipe_commands starting: /usr/bin/cc -c /var/folders/br/wxmxwj554j9chb8y8w7hmwk00000gn/T/cov-jacktjaden/3f3e462f62b13aa2e7139ff913623fb3/cov-jacktjaden/9024021a0e8655abbacac798810235a9/thiscall_vectorcall.cpp 
**** BEGIN FILE stdout: 

**** END FILE stdout ***
**** BEGIN FILE stderr: 
/var/folders/br/wxmxwj554j9chb8y8w7hmwk00000gn/T/cov-jacktjaden/3f3e462f62b13aa2e7139ff913623fb3/cov-jacktjaden/9024021a0e8655abbacac798810235a9/thiscall_vectorcall.cpp:1:29: warning: '__thiscall__' calling convention is not supported for this target [-Wignored-attributes]
    1 | void f(void) __attribute__((__thiscall__));
      |                             ^
/var/folders/br/wxmxwj554j9chb8y8w7hmwk00000gn/T/cov-jacktjaden/3f3e462f62b13aa2e7139ff913623fb3/cov-jacktjaden/9024021a0e8655abbacac798810235a9/thiscall_vectorcall.cpp:2:8: error: cannot initialize a variable of type 'void ((*))() __attribute__((vectorcall))' with an rvalue of type 'void (*)() __attribute__((thiscall))'
    2 | void (*p)() __attribute__((__vectorcall__))  = &f;
      |        ^                                       ~~
1 warning and 1 error generated.

**** END FILE stderr ***
Test failed
**** END PROBE run_x86_calling_conventions_test ****
**** BEGIN PROBE add_appropriate_altivec_switch_if_needed ****
Detecting whether AltiVec is supported.
**** BEGIN FILE source file: /var/folders/br/wxmxwj554j9chb8y8w7hmwk00000gn/T/cov-jacktjaden/3f3e462f62b13aa2e7139ff913623fb3/cov-jacktjaden/9024021a0e8655abbacac798810235a9/altivec.cpp
__vector unsigned int a;

**** END FILE source file ***
pipe_command: /usr/bin/cc -c /var/folders/br/wxmxwj554j9chb8y8w7hmwk00000gn/T/cov-jacktjaden/3f3e462f62b13aa2e7139ff913623fb3/cov-jacktjaden/9024021a0e8655abbacac798810235a9/altivec.cpp 
pipe_commands starting: /usr/bin/cc -c /var/folders/br/wxmxwj554j9chb8y8w7hmwk00000gn/T/cov-jacktjaden/3f3e462f62b13aa2e7139ff913623fb3/cov-jacktjaden/9024021a0e8655abbacac798810235a9/altivec.cpp 
**** BEGIN FILE stdout: 

**** END FILE stdout ***
**** BEGIN FILE stderr: 
/var/folders/br/wxmxwj554j9chb8y8w7hmwk00000gn/T/cov-jacktjaden/3f3e462f62b13aa2e7139ff913623fb3/cov-jacktjaden/9024021a0e8655abbacac798810235a9/altivec.cpp:1:1: error: unknown type name '__vector'
    1 | __vector unsigned int a;
      | ^
1 error generated.

**** END FILE stderr ***
Test failed
AltiVec is implicitly disabled.
**** END PROBE add_appropriate_altivec_switch_if_needed ****
**** BEGIN PROBE add_float80_and_128_switch_if_needed ****
Detecting whether __float80, __float128 and _Float128 are supported.
**** BEGIN FILE source file: /var/folders/br/wxmxwj554j9chb8y8w7hmwk00000gn/T/cov-jacktjaden/3f3e462f62b13aa2e7139ff913623fb3/cov-jacktjaden/9024021a0e8655abbacac798810235a9/__float80.cpp
__float80 x;


**** END FILE source file ***
pipe_command: /usr/bin/cc -c /var/folders/br/wxmxwj554j9chb8y8w7hmwk00000gn/T/cov-jacktjaden/3f3e462f62b13aa2e7139ff913623fb3/cov-jacktjaden/9024021a0e8655abbacac798810235a9/__float80.cpp 
pipe_commands starting: /usr/bin/cc -c /var/folders/br/wxmxwj554j9chb8y8w7hmwk00000gn/T/cov-jacktjaden/3f3e462f62b13aa2e7139ff913623fb3/cov-jacktjaden/9024021a0e8655abbacac798810235a9/__float80.cpp 
**** BEGIN FILE stdout: 

**** END FILE stdout ***
**** BEGIN FILE stderr: 
/var/folders/br/wxmxwj554j9chb8y8w7hmwk00000gn/T/cov-jacktjaden/3f3e462f62b13aa2e7139ff913623fb3/cov-jacktjaden/9024021a0e8655abbacac798810235a9/__float80.cpp:1:1: error: unknown type name '__float80'
    1 | __float80 x;
      | ^
1 error generated.

**** END FILE stderr ***
Test failed
**** BEGIN FILE source file: /var/folders/br/wxmxwj554j9chb8y8w7hmwk00000gn/T/cov-jacktjaden/3f3e462f62b13aa2e7139ff913623fb3/cov-jacktjaden/9024021a0e8655abbacac798810235a9/__float128.cpp
__float128 x;


**** END FILE source file ***
pipe_command: /usr/bin/cc -c /var/folders/br/wxmxwj554j9chb8y8w7hmwk00000gn/T/cov-jacktjaden/3f3e462f62b13aa2e7139ff913623fb3/cov-jacktjaden/9024021a0e8655abbacac798810235a9/__float128.cpp 
pipe_commands starting: /usr/bin/cc -c /var/folders/br/wxmxwj554j9chb8y8w7hmwk00000gn/T/cov-jacktjaden/3f3e462f62b13aa2e7139ff913623fb3/cov-jacktjaden/9024021a0e8655abbacac798810235a9/__float128.cpp 
**** BEGIN FILE stdout: 

**** END FILE stdout ***
**** BEGIN FILE stderr: 
/var/folders/br/wxmxwj554j9chb8y8w7hmwk00000gn/T/cov-jacktjaden/3f3e462f62b13aa2e7139ff913623fb3/cov-jacktjaden/9024021a0e8655abbacac798810235a9/__float128.cpp:1:1: error: __float128 is not supported on this target
    1 | __float128 x;
      | ^
1 error generated.

**** END FILE stderr ***
Test failed
**** BEGIN FILE source file: /var/folders/br/wxmxwj554j9chb8y8w7hmwk00000gn/T/cov-jacktjaden/3f3e462f62b13aa2e7139ff913623fb3/cov-jacktjaden/9024021a0e8655abbacac798810235a9/_Float128.cpp
_Float128 x;


**** END FILE source file ***
pipe_command: /usr/bin/cc -c /var/folders/br/wxmxwj554j9chb8y8w7hmwk00000gn/T/cov-jacktjaden/3f3e462f62b13aa2e7139ff913623fb3/cov-jacktjaden/9024021a0e8655abbacac798810235a9/_Float128.cpp 
pipe_commands starting: /usr/bin/cc -c /var/folders/br/wxmxwj554j9chb8y8w7hmwk00000gn/T/cov-jacktjaden/3f3e462f62b13aa2e7139ff913623fb3/cov-jacktjaden/9024021a0e8655abbacac798810235a9/_Float128.cpp 
**** BEGIN FILE stdout: 

**** END FILE stdout ***
**** BEGIN FILE stderr: 
/var/folders/br/wxmxwj554j9chb8y8w7hmwk00000gn/T/cov-jacktjaden/3f3e462f62b13aa2e7139ff913623fb3/cov-jacktjaden/9024021a0e8655abbacac798810235a9/_Float128.cpp:1:1: error: unknown type name '_Float128'
    1 | _Float128 x;
      | ^
1 error generated.

**** END FILE stderr ***
Test failed
**** END PROBE add_float80_and_128_switch_if_needed ****
**** BEGIN PROBE add_appropriate_macro_stack_pragma_switch ****
**** BEGIN FILE source file: /var/folders/br/wxmxwj554j9chb8y8w7hmwk00000gn/T/cov-jacktjaden/3f3e462f62b13aa2e7139ff913623fb3/cov-jacktjaden/9024021a0e8655abbacac798810235a9/macro_stack_sanity.cpp
#define TEST 1
#pragma push_macro("TEST")
#pragma pop_macro("TEST")


**** END FILE source file ***
pipe_command: /usr/bin/cc -c /var/folders/br/wxmxwj554j9chb8y8w7hmwk00000gn/T/cov-jacktjaden/3f3e462f62b13aa2e7139ff913623fb3/cov-jacktjaden/9024021a0e8655abbacac798810235a9/macro_stack_sanity.cpp 
pipe_commands starting: /usr/bin/cc -c /var/folders/br/wxmxwj554j9chb8y8w7hmwk00000gn/T/cov-jacktjaden/3f3e462f62b13aa2e7139ff913623fb3/cov-jacktjaden/9024021a0e8655abbacac798810235a9/macro_stack_sanity.cpp 
**** BEGIN FILE stdout: 

**** END FILE stdout ***
**** BEGIN FILE stderr: 

**** END FILE stderr ***
Test succeded
**** BEGIN FILE source file: /var/folders/br/wxmxwj554j9chb8y8w7hmwk00000gn/T/cov-jacktjaden/3f3e462f62b13aa2e7139ff913623fb3/cov-jacktjaden/9024021a0e8655abbacac798810235a9/macro_stack_pragmas.cpp
#define TEST 1
#pragma push_macro("TEST")
#undef TEST
#define TEST -1
#pragma pop_macro("TEST")
int arr[TEST];


**** END FILE source file ***
pipe_command: /usr/bin/cc -c /var/folders/br/wxmxwj554j9chb8y8w7hmwk00000gn/T/cov-jacktjaden/3f3e462f62b13aa2e7139ff913623fb3/cov-jacktjaden/9024021a0e8655abbacac798810235a9/macro_stack_pragmas.cpp 
pipe_commands starting: /usr/bin/cc -c /var/folders/br/wxmxwj554j9chb8y8w7hmwk00000gn/T/cov-jacktjaden/3f3e462f62b13aa2e7139ff913623fb3/cov-jacktjaden/9024021a0e8655abbacac798810235a9/macro_stack_pragmas.cpp 
**** BEGIN FILE stdout: 

**** END FILE stdout ***
**** BEGIN FILE stderr: 

**** END FILE stderr ***
Test succeded
**** BEGIN FILE source file: /var/folders/br/wxmxwj554j9chb8y8w7hmwk00000gn/T/cov-jacktjaden/3f3e462f62b13aa2e7139ff913623fb3/cov-jacktjaden/9024021a0e8655abbacac798810235a9/no_macro_stack_pragmas.cpp
#define TEST -1
#pragma push_macro("TEST")
#undef TEST
#define TEST 1
#pragma pop_macro("TEST")
int arr[TEST];


**** END FILE source file ***
pipe_command: /usr/bin/cc -c /var/folders/br/wxmxwj554j9chb8y8w7hmwk00000gn/T/cov-jacktjaden/3f3e462f62b13aa2e7139ff913623fb3/cov-jacktjaden/9024021a0e8655abbacac798810235a9/no_macro_stack_pragmas.cpp 
pipe_commands starting: /usr/bin/cc -c /var/folders/br/wxmxwj554j9chb8y8w7hmwk00000gn/T/cov-jacktjaden/3f3e462f62b13aa2e7139ff913623fb3/cov-jacktjaden/9024021a0e8655abbacac798810235a9/no_macro_stack_pragmas.cpp 
**** BEGIN FILE stdout: 

**** END FILE stdout ***
**** BEGIN FILE stderr: 
/var/folders/br/wxmxwj554j9chb8y8w7hmwk00000gn/T/cov-jacktjaden/3f3e462f62b13aa2e7139ff913623fb3/cov-jacktjaden/9024021a0e8655abbacac798810235a9/no_macro_stack_pragmas.cpp:6:9: error: 'arr' declared as an array with a negative size
    6 | int arr[TEST];
      |         ^~~~
/var/folders/br/wxmxwj554j9chb8y8w7hmwk00000gn/T/cov-jacktjaden/3f3e462f62b13aa2e7139ff913623fb3/cov-jacktjaden/9024021a0e8655abbacac798810235a9/no_macro_stack_pragmas.cpp:1:14: note: expanded from macro 'TEST'
    1 | #define TEST -1
      |              ^~
1 error generated.

**** END FILE stderr ***
Test failed
**** END PROBE add_appropriate_macro_stack_pragma_switch ****
**** BEGIN PROBE add_appropriate_exceptions_switch ****
**** BEGIN FILE source file: /var/folders/br/wxmxwj554j9chb8y8w7hmwk00000gn/T/cov-jacktjaden/3f3e462f62b13aa2e7139ff913623fb3/cov-jacktjaden/9024021a0e8655abbacac798810235a9/exceptions.cpp
class foo{}; void func(){try{}catch(foo &f){}}

**** END FILE source file ***
pipe_command: /usr/bin/cc -c /var/folders/br/wxmxwj554j9chb8y8w7hmwk00000gn/T/cov-jacktjaden/3f3e462f62b13aa2e7139ff913623fb3/cov-jacktjaden/9024021a0e8655abbacac798810235a9/exceptions.cpp 
pipe_commands starting: /usr/bin/cc -c /var/folders/br/wxmxwj554j9chb8y8w7hmwk00000gn/T/cov-jacktjaden/3f3e462f62b13aa2e7139ff913623fb3/cov-jacktjaden/9024021a0e8655abbacac798810235a9/exceptions.cpp 
**** BEGIN FILE stdout: 

**** END FILE stdout ***
**** BEGIN FILE stderr: 

**** END FILE stderr ***
Test succeded
**** END PROBE add_appropriate_exceptions_switch ****
**** BEGIN PROBE add_appropriate_arg_dependent_overload_switch ****
Detecting whether --arg_dependent_overload is needed.
**** BEGIN FILE source file: /var/folders/br/wxmxwj554j9chb8y8w7hmwk00000gn/T/cov-jacktjaden/3f3e462f62b13aa2e7139ff913623fb3/cov-jacktjaden/9024021a0e8655abbacac798810235a9/arg_dependent_overload.cpp
typedef unsigned short FIXED_FLOAT16;
typedef unsigned int FIXED_FLOAT32;

namespace Y {
typedef struct _VECTOR3F { } VECTOR3F;

float InnerProduct(const _VECTOR3F& v1, const _VECTOR3F& v2);
}

namespace fxutil {
  FIXED_FLOAT32 InnerProduct(const FIXED_FLOAT32& v1, const FIXED_FLOAT32& v2);
  FIXED_FLOAT32 InnerProduct(const FIXED_FLOAT16& v1, const FIXED_FLOAT16& v2);
}

namespace X {
    float Sqrt(float f);
    float Sqrt(FIXED_FLOAT32 f);
}
using namespace X;

void f(Y::VECTOR3F &scale)
{
  using fxutil::InnerProduct;
  Sqrt(InnerProduct(scale,scale));
}


**** END FILE source file ***
pipe_command: /usr/bin/cc -c /var/folders/br/wxmxwj554j9chb8y8w7hmwk00000gn/T/cov-jacktjaden/3f3e462f62b13aa2e7139ff913623fb3/cov-jacktjaden/9024021a0e8655abbacac798810235a9/arg_dependent_overload.cpp 
pipe_commands starting: /usr/bin/cc -c /var/folders/br/wxmxwj554j9chb8y8w7hmwk00000gn/T/cov-jacktjaden/3f3e462f62b13aa2e7139ff913623fb3/cov-jacktjaden/9024021a0e8655abbacac798810235a9/arg_dependent_overload.cpp 
**** BEGIN FILE stdout: 

**** END FILE stdout ***
**** BEGIN FILE stderr: 

**** END FILE stderr ***
Test succeded
--arg_dependent_overload is needed.
**** END PROBE add_appropriate_arg_dependent_overload_switch ****
**** BEGIN PROBE add_appropriate_vector_intrinsics_switch ****
**** BEGIN FILE source file: /var/folders/br/wxmxwj554j9chb8y8w7hmwk00000gn/T/cov-jacktjaden/3f3e462f62b13aa2e7139ff913623fb3/cov-jacktjaden/9024021a0e8655abbacac798810235a9/__vector_bool.cpp
void f1(__attribute__((altivec(vector__))) __attribute__((altivec(bool__))) unsigned int x); void f2(__vector bool int x) {f1(x);}


**** END FILE source file ***
pipe_command: /usr/bin/cc -c /var/folders/br/wxmxwj554j9chb8y8w7hmwk00000gn/T/cov-jacktjaden/3f3e462f62b13aa2e7139ff913623fb3/cov-jacktjaden/9024021a0e8655abbacac798810235a9/__vector_bool.cpp 
pipe_commands starting: /usr/bin/cc -c /var/folders/br/wxmxwj554j9chb8y8w7hmwk00000gn/T/cov-jacktjaden/3f3e462f62b13aa2e7139ff913623fb3/cov-jacktjaden/9024021a0e8655abbacac798810235a9/__vector_bool.cpp 
**** BEGIN FILE stdout: 

**** END FILE stdout ***
**** BEGIN FILE stderr: 
/var/folders/br/wxmxwj554j9chb8y8w7hmwk00000gn/T/cov-jacktjaden/3f3e462f62b13aa2e7139ff913623fb3/cov-jacktjaden/9024021a0e8655abbacac798810235a9/__vector_bool.cpp:1:24: warning: unknown attribute 'altivec' ignored [-Wunknown-attributes]
    1 | void f1(__attribute__((altivec(vector__))) __attribute__((altivec(bool__))) unsigned int x); void f2(__vector bool int x) {f1(x);}
      |                        ^~~~~~~~~~~~~~~~~
/var/folders/br/wxmxwj554j9chb8y8w7hmwk00000gn/T/cov-jacktjaden/3f3e462f62b13aa2e7139ff913623fb3/cov-jacktjaden/9024021a0e8655abbacac798810235a9/__vector_bool.cpp:1:59: warning: unknown attribute 'altivec' ignored [-Wunknown-attributes]
    1 | void f1(__attribute__((altivec(vector__))) __attribute__((altivec(bool__))) unsigned int x); void f2(__vector bool int x) {f1(x);}
      |                                                           ^~~~~~~~~~~~~~~
/var/folders/br/wxmxwj554j9chb8y8w7hmwk00000gn/T/cov-jacktjaden/3f3e462f62b13aa2e7139ff913623fb3/cov-jacktjaden/9024021a0e8655abbacac798810235a9/__vector_bool.cpp:1:102: error: unknown type name '__vector'
    1 | void f1(__attribute__((altivec(vector__))) __attribute__((altivec(bool__))) unsigned int x); void f2(__vector bool int x) {f1(x);}
      |                                                                                                      ^
2 warnings and 1 error generated.

**** END FILE stderr ***
Test failed
**** BEGIN FILE source file: /var/folders/br/wxmxwj554j9chb8y8w7hmwk00000gn/T/cov-jacktjaden/3f3e462f62b13aa2e7139ff913623fb3/cov-jacktjaden/9024021a0e8655abbacac798810235a9/__vector___bool.cpp
void f1(__attribute__((altivec(vector__))) __attribute__((altivec(bool__))) unsigned int x); void f2(__vector __bool int x) {f1(x);}


**** END FILE source file ***
pipe_command: /usr/bin/cc -c /var/folders/br/wxmxwj554j9chb8y8w7hmwk00000gn/T/cov-jacktjaden/3f3e462f62b13aa2e7139ff913623fb3/cov-jacktjaden/9024021a0e8655abbacac798810235a9/__vector___bool.cpp 
pipe_commands starting: /usr/bin/cc -c /var/folders/br/wxmxwj554j9chb8y8w7hmwk00000gn/T/cov-jacktjaden/3f3e462f62b13aa2e7139ff913623fb3/cov-jacktjaden/9024021a0e8655abbacac798810235a9/__vector___bool.cpp 
**** BEGIN FILE stdout: 

**** END FILE stdout ***
**** BEGIN FILE stderr: 
/var/folders/br/wxmxwj554j9chb8y8w7hmwk00000gn/T/cov-jacktjaden/3f3e462f62b13aa2e7139ff913623fb3/cov-jacktjaden/9024021a0e8655abbacac798810235a9/__vector___bool.cpp:1:24: warning: unknown attribute 'altivec' ignored [-Wunknown-attributes]
    1 | void f1(__attribute__((altivec(vector__))) __attribute__((altivec(bool__))) unsigned int x); void f2(__vector __bool int x) {f1(x);}
      |                        ^~~~~~~~~~~~~~~~~
/var/folders/br/wxmxwj554j9chb8y8w7hmwk00000gn/T/cov-jacktjaden/3f3e462f62b13aa2e7139ff913623fb3/cov-jacktjaden/9024021a0e8655abbacac798810235a9/__vector___bool.cpp:1:59: warning: unknown attribute 'altivec' ignored [-Wunknown-attributes]
    1 | void f1(__attribute__((altivec(vector__))) __attribute__((altivec(bool__))) unsigned int x); void f2(__vector __bool int x) {f1(x);}
      |                                                           ^~~~~~~~~~~~~~~
/var/folders/br/wxmxwj554j9chb8y8w7hmwk00000gn/T/cov-jacktjaden/3f3e462f62b13aa2e7139ff913623fb3/cov-jacktjaden/9024021a0e8655abbacac798810235a9/__vector___bool.cpp:1:102: error: unknown type name '__vector'
    1 | void f1(__attribute__((altivec(vector__))) __attribute__((altivec(bool__))) unsigned int x); void f2(__vector __bool int x) {f1(x);}
      |                                                                                                      ^
/var/folders/br/wxmxwj554j9chb8y8w7hmwk00000gn/T/cov-jacktjaden/3f3e462f62b13aa2e7139ff913623fb3/cov-jacktjaden/9024021a0e8655abbacac798810235a9/__vector___bool.cpp:1:118: error: expected ')'
    1 | void f1(__attribute__((altivec(vector__))) __attribute__((altivec(bool__))) unsigned int x); void f2(__vector __bool int x) {f1(x);}
      |                                                                                                                      ^
/var/folders/br/wxmxwj554j9chb8y8w7hmwk00000gn/T/cov-jacktjaden/3f3e462f62b13aa2e7139ff913623fb3/cov-jacktjaden/9024021a0e8655abbacac798810235a9/__vector___bool.cpp:1:101: note: to match this '('
    1 | void f1(__attribute__((altivec(vector__))) __attribute__((altivec(bool__))) unsigned int x); void f2(__vector __bool int x) {f1(x);}
      |                                                                                                     ^
/var/folders/br/wxmxwj554j9chb8y8w7hmwk00000gn/T/cov-jacktjaden/3f3e462f62b13aa2e7139ff913623fb3/cov-jacktjaden/9024021a0e8655abbacac798810235a9/__vector___bool.cpp:1:129: error: use of undeclared identifier 'x'
    1 | void f1(__attribute__((altivec(vector__))) __attribute__((altivec(bool__))) unsigned int x); void f2(__vector __bool int x) {f1(x);}
      |                                                                                                                                 ^
2 warnings and 3 errors generated.

**** END FILE stderr ***
Test failed
**** BEGIN FILE source file: /var/folders/br/wxmxwj554j9chb8y8w7hmwk00000gn/T/cov-jacktjaden/3f3e462f62b13aa2e7139ff913623fb3/cov-jacktjaden/9024021a0e8655abbacac798810235a9/vector_bool.cpp
void f1(__attribute__((altivec(vector__))) __attribute__((altivec(bool__))) unsigned int x); void f2(vector bool int x) {f1(x);}


**** END FILE source file ***
pipe_command: /usr/bin/cc -c /var/folders/br/wxmxwj554j9chb8y8w7hmwk00000gn/T/cov-jacktjaden/3f3e462f62b13aa2e7139ff913623fb3/cov-jacktjaden/9024021a0e8655abbacac798810235a9/vector_bool.cpp 
pipe_commands starting: /usr/bin/cc -c /var/folders/br/wxmxwj554j9chb8y8w7hmwk00000gn/T/cov-jacktjaden/3f3e462f62b13aa2e7139ff913623fb3/cov-jacktjaden/9024021a0e8655abbacac798810235a9/vector_bool.cpp 
**** BEGIN FILE stdout: 

**** END FILE stdout ***
**** BEGIN FILE stderr: 
/var/folders/br/wxmxwj554j9chb8y8w7hmwk00000gn/T/cov-jacktjaden/3f3e462f62b13aa2e7139ff913623fb3/cov-jacktjaden/9024021a0e8655abbacac798810235a9/vector_bool.cpp:1:24: warning: unknown attribute 'altivec' ignored [-Wunknown-attributes]
    1 | void f1(__attribute__((altivec(vector__))) __attribute__((altivec(bool__))) unsigned int x); void f2(vector bool int x) {f1(x);}
      |                        ^~~~~~~~~~~~~~~~~
/var/folders/br/wxmxwj554j9chb8y8w7hmwk00000gn/T/cov-jacktjaden/3f3e462f62b13aa2e7139ff913623fb3/cov-jacktjaden/9024021a0e8655abbacac798810235a9/vector_bool.cpp:1:59: warning: unknown attribute 'altivec' ignored [-Wunknown-attributes]
    1 | void f1(__attribute__((altivec(vector__))) __attribute__((altivec(bool__))) unsigned int x); void f2(vector bool int x) {f1(x);}
      |                                                           ^~~~~~~~~~~~~~~
/var/folders/br/wxmxwj554j9chb8y8w7hmwk00000gn/T/cov-jacktjaden/3f3e462f62b13aa2e7139ff913623fb3/cov-jacktjaden/9024021a0e8655abbacac798810235a9/vector_bool.cpp:1:102: error: unknown type name 'vector'
    1 | void f1(__attribute__((altivec(vector__))) __attribute__((altivec(bool__))) unsigned int x); void f2(vector bool int x) {f1(x);}
      |                                                                                                      ^
2 warnings and 1 error generated.

**** END FILE stderr ***
Test failed
**** BEGIN FILE source file: /var/folders/br/wxmxwj554j9chb8y8w7hmwk00000gn/T/cov-jacktjaden/3f3e462f62b13aa2e7139ff913623fb3/cov-jacktjaden/9024021a0e8655abbacac798810235a9/vector___bool.cpp
void f1(__attribute__((altivec(vector__))) __attribute__((altivec(bool__))) unsigned int x); void f2(vector __bool int x) {f1(x);}


**** END FILE source file ***
pipe_command: /usr/bin/cc -c /var/folders/br/wxmxwj554j9chb8y8w7hmwk00000gn/T/cov-jacktjaden/3f3e462f62b13aa2e7139ff913623fb3/cov-jacktjaden/9024021a0e8655abbacac798810235a9/vector___bool.cpp 
pipe_commands starting: /usr/bin/cc -c /var/folders/br/wxmxwj554j9chb8y8w7hmwk00000gn/T/cov-jacktjaden/3f3e462f62b13aa2e7139ff913623fb3/cov-jacktjaden/9024021a0e8655abbacac798810235a9/vector___bool.cpp 
**** BEGIN FILE stdout: 

**** END FILE stdout ***
**** BEGIN FILE stderr: 
/var/folders/br/wxmxwj554j9chb8y8w7hmwk00000gn/T/cov-jacktjaden/3f3e462f62b13aa2e7139ff913623fb3/cov-jacktjaden/9024021a0e8655abbacac798810235a9/vector___bool.cpp:1:24: warning: unknown attribute 'altivec' ignored [-Wunknown-attributes]
    1 | void f1(__attribute__((altivec(vector__))) __attribute__((altivec(bool__))) unsigned int x); void f2(vector __bool int x) {f1(x);}
      |                        ^~~~~~~~~~~~~~~~~
/var/folders/br/wxmxwj554j9chb8y8w7hmwk00000gn/T/cov-jacktjaden/3f3e462f62b13aa2e7139ff913623fb3/cov-jacktjaden/9024021a0e8655abbacac798810235a9/vector___bool.cpp:1:59: warning: unknown attribute 'altivec' ignored [-Wunknown-attributes]
    1 | void f1(__attribute__((altivec(vector__))) __attribute__((altivec(bool__))) unsigned int x); void f2(vector __bool int x) {f1(x);}
      |                                                           ^~~~~~~~~~~~~~~
/var/folders/br/wxmxwj554j9chb8y8w7hmwk00000gn/T/cov-jacktjaden/3f3e462f62b13aa2e7139ff913623fb3/cov-jacktjaden/9024021a0e8655abbacac798810235a9/vector___bool.cpp:1:102: error: unknown type name 'vector'
    1 | void f1(__attribute__((altivec(vector__))) __attribute__((altivec(bool__))) unsigned int x); void f2(vector __bool int x) {f1(x);}
      |                                                                                                      ^
/var/folders/br/wxmxwj554j9chb8y8w7hmwk00000gn/T/cov-jacktjaden/3f3e462f62b13aa2e7139ff913623fb3/cov-jacktjaden/9024021a0e8655abbacac798810235a9/vector___bool.cpp:1:116: error: expected ')'
    1 | void f1(__attribute__((altivec(vector__))) __attribute__((altivec(bool__))) unsigned int x); void f2(vector __bool int x) {f1(x);}
      |                                                                                                                    ^
/var/folders/br/wxmxwj554j9chb8y8w7hmwk00000gn/T/cov-jacktjaden/3f3e462f62b13aa2e7139ff913623fb3/cov-jacktjaden/9024021a0e8655abbacac798810235a9/vector___bool.cpp:1:101: note: to match this '('
    1 | void f1(__attribute__((altivec(vector__))) __attribute__((altivec(bool__))) unsigned int x); void f2(vector __bool int x) {f1(x);}
      |                                                                                                     ^
/var/folders/br/wxmxwj554j9chb8y8w7hmwk00000gn/T/cov-jacktjaden/3f3e462f62b13aa2e7139ff913623fb3/cov-jacktjaden/9024021a0e8655abbacac798810235a9/vector___bool.cpp:1:127: error: use of undeclared identifier 'x'
    1 | void f1(__attribute__((altivec(vector__))) __attribute__((altivec(bool__))) unsigned int x); void f2(vector __bool int x) {f1(x);}
      |                                                                                                                               ^
2 warnings and 3 errors generated.

**** END FILE stderr ***
Test failed
**** BEGIN FILE source file: /var/folders/br/wxmxwj554j9chb8y8w7hmwk00000gn/T/cov-jacktjaden/3f3e462f62b13aa2e7139ff913623fb3/cov-jacktjaden/9024021a0e8655abbacac798810235a9/__vector_pixel.cpp
void f1(__attribute__((altivec(vector__))) __attribute__((altivec(pixel__))) unsigned short x); void f2(__vector pixel x) {f1(x);}


**** END FILE source file ***
pipe_command: /usr/bin/cc -c /var/folders/br/wxmxwj554j9chb8y8w7hmwk00000gn/T/cov-jacktjaden/3f3e462f62b13aa2e7139ff913623fb3/cov-jacktjaden/9024021a0e8655abbacac798810235a9/__vector_pixel.cpp 
pipe_commands starting: /usr/bin/cc -c /var/folders/br/wxmxwj554j9chb8y8w7hmwk00000gn/T/cov-jacktjaden/3f3e462f62b13aa2e7139ff913623fb3/cov-jacktjaden/9024021a0e8655abbacac798810235a9/__vector_pixel.cpp 
**** BEGIN FILE stdout: 

**** END FILE stdout ***
**** BEGIN FILE stderr: 
/var/folders/br/wxmxwj554j9chb8y8w7hmwk00000gn/T/cov-jacktjaden/3f3e462f62b13aa2e7139ff913623fb3/cov-jacktjaden/9024021a0e8655abbacac798810235a9/__vector_pixel.cpp:1:24: warning: unknown attribute 'altivec' ignored [-Wunknown-attributes]
    1 | void f1(__attribute__((altivec(vector__))) __attribute__((altivec(pixel__))) unsigned short x); void f2(__vector pixel x) {f1(x);}
      |                        ^~~~~~~~~~~~~~~~~
/var/folders/br/wxmxwj554j9chb8y8w7hmwk00000gn/T/cov-jacktjaden/3f3e462f62b13aa2e7139ff913623fb3/cov-jacktjaden/9024021a0e8655abbacac798810235a9/__vector_pixel.cpp:1:59: warning: unknown attribute 'altivec' ignored [-Wunknown-attributes]
    1 | void f1(__attribute__((altivec(vector__))) __attribute__((altivec(pixel__))) unsigned short x); void f2(__vector pixel x) {f1(x);}
      |                                                           ^~~~~~~~~~~~~~~~
/var/folders/br/wxmxwj554j9chb8y8w7hmwk00000gn/T/cov-jacktjaden/3f3e462f62b13aa2e7139ff913623fb3/cov-jacktjaden/9024021a0e8655abbacac798810235a9/__vector_pixel.cpp:1:105: error: unknown type name '__vector'
    1 | void f1(__attribute__((altivec(vector__))) __attribute__((altivec(pixel__))) unsigned short x); void f2(__vector pixel x) {f1(x);}
      |                                                                                                         ^
/var/folders/br/wxmxwj554j9chb8y8w7hmwk00000gn/T/cov-jacktjaden/3f3e462f62b13aa2e7139ff913623fb3/cov-jacktjaden/9024021a0e8655abbacac798810235a9/__vector_pixel.cpp:1:120: error: expected ')'
    1 | void f1(__attribute__((altivec(vector__))) __attribute__((altivec(pixel__))) unsigned short x); void f2(__vector pixel x) {f1(x);}
      |                                                                                                                        ^
/var/folders/br/wxmxwj554j9chb8y8w7hmwk00000gn/T/cov-jacktjaden/3f3e462f62b13aa2e7139ff913623fb3/cov-jacktjaden/9024021a0e8655abbacac798810235a9/__vector_pixel.cpp:1:104: note: to match this '('
    1 | void f1(__attribute__((altivec(vector__))) __attribute__((altivec(pixel__))) unsigned short x); void f2(__vector pixel x) {f1(x);}
      |                                                                                                        ^
/var/folders/br/wxmxwj554j9chb8y8w7hmwk00000gn/T/cov-jacktjaden/3f3e462f62b13aa2e7139ff913623fb3/cov-jacktjaden/9024021a0e8655abbacac798810235a9/__vector_pixel.cpp:1:127: error: use of undeclared identifier 'x'
    1 | void f1(__attribute__((altivec(vector__))) __attribute__((altivec(pixel__))) unsigned short x); void f2(__vector pixel x) {f1(x);}
      |                                                                                                                               ^
2 warnings and 3 errors generated.

**** END FILE stderr ***
Test failed
**** BEGIN FILE source file: /var/folders/br/wxmxwj554j9chb8y8w7hmwk00000gn/T/cov-jacktjaden/3f3e462f62b13aa2e7139ff913623fb3/cov-jacktjaden/9024021a0e8655abbacac798810235a9/__vector___pixel.cpp
void f1(__attribute__((altivec(vector__))) __attribute__((altivec(pixel__))) unsigned short x); void f2(__vector __pixel x) {f1(x);}


**** END FILE source file ***
pipe_command: /usr/bin/cc -c /var/folders/br/wxmxwj554j9chb8y8w7hmwk00000gn/T/cov-jacktjaden/3f3e462f62b13aa2e7139ff913623fb3/cov-jacktjaden/9024021a0e8655abbacac798810235a9/__vector___pixel.cpp 
pipe_commands starting: /usr/bin/cc -c /var/folders/br/wxmxwj554j9chb8y8w7hmwk00000gn/T/cov-jacktjaden/3f3e462f62b13aa2e7139ff913623fb3/cov-jacktjaden/9024021a0e8655abbacac798810235a9/__vector___pixel.cpp 
**** BEGIN FILE stdout: 

**** END FILE stdout ***
**** BEGIN FILE stderr: 
/var/folders/br/wxmxwj554j9chb8y8w7hmwk00000gn/T/cov-jacktjaden/3f3e462f62b13aa2e7139ff913623fb3/cov-jacktjaden/9024021a0e8655abbacac798810235a9/__vector___pixel.cpp:1:24: warning: unknown attribute 'altivec' ignored [-Wunknown-attributes]
    1 | void f1(__attribute__((altivec(vector__))) __attribute__((altivec(pixel__))) unsigned short x); void f2(__vector __pixel x) {f1(x);}
      |                        ^~~~~~~~~~~~~~~~~
/var/folders/br/wxmxwj554j9chb8y8w7hmwk00000gn/T/cov-jacktjaden/3f3e462f62b13aa2e7139ff913623fb3/cov-jacktjaden/9024021a0e8655abbacac798810235a9/__vector___pixel.cpp:1:59: warning: unknown attribute 'altivec' ignored [-Wunknown-attributes]
    1 | void f1(__attribute__((altivec(vector__))) __attribute__((altivec(pixel__))) unsigned short x); void f2(__vector __pixel x) {f1(x);}
      |                                                           ^~~~~~~~~~~~~~~~
/var/folders/br/wxmxwj554j9chb8y8w7hmwk00000gn/T/cov-jacktjaden/3f3e462f62b13aa2e7139ff913623fb3/cov-jacktjaden/9024021a0e8655abbacac798810235a9/__vector___pixel.cpp:1:105: error: unknown type name '__vector'
    1 | void f1(__attribute__((altivec(vector__))) __attribute__((altivec(pixel__))) unsigned short x); void f2(__vector __pixel x) {f1(x);}
      |                                                                                                         ^
/var/folders/br/wxmxwj554j9chb8y8w7hmwk00000gn/T/cov-jacktjaden/3f3e462f62b13aa2e7139ff913623fb3/cov-jacktjaden/9024021a0e8655abbacac798810235a9/__vector___pixel.cpp:1:122: error: expected ')'
    1 | void f1(__attribute__((altivec(vector__))) __attribute__((altivec(pixel__))) unsigned short x); void f2(__vector __pixel x) {f1(x);}
      |                                                                                                                          ^
/var/folders/br/wxmxwj554j9chb8y8w7hmwk00000gn/T/cov-jacktjaden/3f3e462f62b13aa2e7139ff913623fb3/cov-jacktjaden/9024021a0e8655abbacac798810235a9/__vector___pixel.cpp:1:104: note: to match this '('
    1 | void f1(__attribute__((altivec(vector__))) __attribute__((altivec(pixel__))) unsigned short x); void f2(__vector __pixel x) {f1(x);}
      |                                                                                                        ^
/var/folders/br/wxmxwj554j9chb8y8w7hmwk00000gn/T/cov-jacktjaden/3f3e462f62b13aa2e7139ff913623fb3/cov-jacktjaden/9024021a0e8655abbacac798810235a9/__vector___pixel.cpp:1:129: error: use of undeclared identifier 'x'
    1 | void f1(__attribute__((altivec(vector__))) __attribute__((altivec(pixel__))) unsigned short x); void f2(__vector __pixel x) {f1(x);}
      |                                                                                                                                 ^
2 warnings and 3 errors generated.

**** END FILE stderr ***
Test failed
**** BEGIN FILE source file: /var/folders/br/wxmxwj554j9chb8y8w7hmwk00000gn/T/cov-jacktjaden/3f3e462f62b13aa2e7139ff913623fb3/cov-jacktjaden/9024021a0e8655abbacac798810235a9/vector_pixel.cpp
void f1(__attribute__((altivec(vector__))) __attribute__((altivec(pixel__))) unsigned short x); void f2(vector pixel x) {f1(x);}


**** END FILE source file ***
pipe_command: /usr/bin/cc -c /var/folders/br/wxmxwj554j9chb8y8w7hmwk00000gn/T/cov-jacktjaden/3f3e462f62b13aa2e7139ff913623fb3/cov-jacktjaden/9024021a0e8655abbacac798810235a9/vector_pixel.cpp 
pipe_commands starting: /usr/bin/cc -c /var/folders/br/wxmxwj554j9chb8y8w7hmwk00000gn/T/cov-jacktjaden/3f3e462f62b13aa2e7139ff913623fb3/cov-jacktjaden/9024021a0e8655abbacac798810235a9/vector_pixel.cpp 
**** BEGIN FILE stdout: 

**** END FILE stdout ***
**** BEGIN FILE stderr: 
/var/folders/br/wxmxwj554j9chb8y8w7hmwk00000gn/T/cov-jacktjaden/3f3e462f62b13aa2e7139ff913623fb3/cov-jacktjaden/9024021a0e8655abbacac798810235a9/vector_pixel.cpp:1:24: warning: unknown attribute 'altivec' ignored [-Wunknown-attributes]
    1 | void f1(__attribute__((altivec(vector__))) __attribute__((altivec(pixel__))) unsigned short x); void f2(vector pixel x) {f1(x);}
      |                        ^~~~~~~~~~~~~~~~~
/var/folders/br/wxmxwj554j9chb8y8w7hmwk00000gn/T/cov-jacktjaden/3f3e462f62b13aa2e7139ff913623fb3/cov-jacktjaden/9024021a0e8655abbacac798810235a9/vector_pixel.cpp:1:59: warning: unknown attribute 'altivec' ignored [-Wunknown-attributes]
    1 | void f1(__attribute__((altivec(vector__))) __attribute__((altivec(pixel__))) unsigned short x); void f2(vector pixel x) {f1(x);}
      |                                                           ^~~~~~~~~~~~~~~~
/var/folders/br/wxmxwj554j9chb8y8w7hmwk00000gn/T/cov-jacktjaden/3f3e462f62b13aa2e7139ff913623fb3/cov-jacktjaden/9024021a0e8655abbacac798810235a9/vector_pixel.cpp:1:105: error: unknown type name 'vector'
    1 | void f1(__attribute__((altivec(vector__))) __attribute__((altivec(pixel__))) unsigned short x); void f2(vector pixel x) {f1(x);}
      |                                                                                                         ^
/var/folders/br/wxmxwj554j9chb8y8w7hmwk00000gn/T/cov-jacktjaden/3f3e462f62b13aa2e7139ff913623fb3/cov-jacktjaden/9024021a0e8655abbacac798810235a9/vector_pixel.cpp:1:118: error: expected ')'
    1 | void f1(__attribute__((altivec(vector__))) __attribute__((altivec(pixel__))) unsigned short x); void f2(vector pixel x) {f1(x);}
      |                                                                                                                      ^
/var/folders/br/wxmxwj554j9chb8y8w7hmwk00000gn/T/cov-jacktjaden/3f3e462f62b13aa2e7139ff913623fb3/cov-jacktjaden/9024021a0e8655abbacac798810235a9/vector_pixel.cpp:1:104: note: to match this '('
    1 | void f1(__attribute__((altivec(vector__))) __attribute__((altivec(pixel__))) unsigned short x); void f2(vector pixel x) {f1(x);}
      |                                                                                                        ^
/var/folders/br/wxmxwj554j9chb8y8w7hmwk00000gn/T/cov-jacktjaden/3f3e462f62b13aa2e7139ff913623fb3/cov-jacktjaden/9024021a0e8655abbacac798810235a9/vector_pixel.cpp:1:125: error: use of undeclared identifier 'x'
    1 | void f1(__attribute__((altivec(vector__))) __attribute__((altivec(pixel__))) unsigned short x); void f2(vector pixel x) {f1(x);}
      |                                                                                                                             ^
2 warnings and 3 errors generated.

**** END FILE stderr ***
Test failed
**** BEGIN FILE source file: /var/folders/br/wxmxwj554j9chb8y8w7hmwk00000gn/T/cov-jacktjaden/3f3e462f62b13aa2e7139ff913623fb3/cov-jacktjaden/9024021a0e8655abbacac798810235a9/vector___pixel.cpp
void f1(__attribute__((altivec(vector__))) __attribute__((altivec(pixel__))) unsigned short x); void f2(vector __pixel x) {f1(x);}


**** END FILE source file ***
pipe_command: /usr/bin/cc -c /var/folders/br/wxmxwj554j9chb8y8w7hmwk00000gn/T/cov-jacktjaden/3f3e462f62b13aa2e7139ff913623fb3/cov-jacktjaden/9024021a0e8655abbacac798810235a9/vector___pixel.cpp 
pipe_commands starting: /usr/bin/cc -c /var/folders/br/wxmxwj554j9chb8y8w7hmwk00000gn/T/cov-jacktjaden/3f3e462f62b13aa2e7139ff913623fb3/cov-jacktjaden/9024021a0e8655abbacac798810235a9/vector___pixel.cpp 
**** BEGIN FILE stdout: 

**** END FILE stdout ***
**** BEGIN FILE stderr: 
/var/folders/br/wxmxwj554j9chb8y8w7hmwk00000gn/T/cov-jacktjaden/3f3e462f62b13aa2e7139ff913623fb3/cov-jacktjaden/9024021a0e8655abbacac798810235a9/vector___pixel.cpp:1:24: warning: unknown attribute 'altivec' ignored [-Wunknown-attributes]
    1 | void f1(__attribute__((altivec(vector__))) __attribute__((altivec(pixel__))) unsigned short x); void f2(vector __pixel x) {f1(x);}
      |                        ^~~~~~~~~~~~~~~~~
/var/folders/br/wxmxwj554j9chb8y8w7hmwk00000gn/T/cov-jacktjaden/3f3e462f62b13aa2e7139ff913623fb3/cov-jacktjaden/9024021a0e8655abbacac798810235a9/vector___pixel.cpp:1:59: warning: unknown attribute 'altivec' ignored [-Wunknown-attributes]
    1 | void f1(__attribute__((altivec(vector__))) __attribute__((altivec(pixel__))) unsigned short x); void f2(vector __pixel x) {f1(x);}
      |                                                           ^~~~~~~~~~~~~~~~
/var/folders/br/wxmxwj554j9chb8y8w7hmwk00000gn/T/cov-jacktjaden/3f3e462f62b13aa2e7139ff913623fb3/cov-jacktjaden/9024021a0e8655abbacac798810235a9/vector___pixel.cpp:1:105: error: unknown type name 'vector'
    1 | void f1(__attribute__((altivec(vector__))) __attribute__((altivec(pixel__))) unsigned short x); void f2(vector __pixel x) {f1(x);}
      |                                                                                                         ^
/var/folders/br/wxmxwj554j9chb8y8w7hmwk00000gn/T/cov-jacktjaden/3f3e462f62b13aa2e7139ff913623fb3/cov-jacktjaden/9024021a0e8655abbacac798810235a9/vector___pixel.cpp:1:120: error: expected ')'
    1 | void f1(__attribute__((altivec(vector__))) __attribute__((altivec(pixel__))) unsigned short x); void f2(vector __pixel x) {f1(x);}
      |                                                                                                                        ^
/var/folders/br/wxmxwj554j9chb8y8w7hmwk00000gn/T/cov-jacktjaden/3f3e462f62b13aa2e7139ff913623fb3/cov-jacktjaden/9024021a0e8655abbacac798810235a9/vector___pixel.cpp:1:104: note: to match this '('
    1 | void f1(__attribute__((altivec(vector__))) __attribute__((altivec(pixel__))) unsigned short x); void f2(vector __pixel x) {f1(x);}
      |                                                                                                        ^
/var/folders/br/wxmxwj554j9chb8y8w7hmwk00000gn/T/cov-jacktjaden/3f3e462f62b13aa2e7139ff913623fb3/cov-jacktjaden/9024021a0e8655abbacac798810235a9/vector___pixel.cpp:1:127: error: use of undeclared identifier 'x'
    1 | void f1(__attribute__((altivec(vector__))) __attribute__((altivec(pixel__))) unsigned short x); void f2(vector __pixel x) {f1(x);}
      |                                                                                                                               ^
2 warnings and 3 errors generated.

**** END FILE stderr ***
Test failed
**** END PROBE add_appropriate_vector_intrinsics_switch ****
**** BEGIN PROBE set_appropriate_target_platform ****
**** BEGIN PROBE get_macros ****
compiler_prober_t::make_abs_preproc_command
 cmd: /usr/bin/cc
/usr/bin/cc -xc++ -E -U__BLOCKS__ /var/folders/br/wxmxwj554j9chb8y8w7hmwk00000gn/T/cov-jacktjaden/3f3e462f62b13aa2e7139ff913623fb3/cov-jacktjaden/9024021a0e8655abbacac798810235a9/macros.cpp
**** BEGIN FILE source file: /var/folders/br/wxmxwj554j9chb8y8w7hmwk00000gn/T/cov-jacktjaden/3f3e462f62b13aa2e7139ff913623fb3/cov-jacktjaden/9024021a0e8655abbacac798810235a9/macros.cpp
#ifdef __MINGW64__
__coverity_macro __MINGW64__
#else
__the_symbol_is_not_defined__
#endif
#ifdef __MINGW32__
__coverity_macro __MINGW32__
#else
__the_symbol_is_not_defined__
#endif

**** END source file ***
pipe_command: /usr/bin/cc -xc++ -E -U__BLOCKS__ /var/folders/br/wxmxwj554j9chb8y8w7hmwk00000gn/T/cov-jacktjaden/3f3e462f62b13aa2e7139ff913623fb3/cov-jacktjaden/9024021a0e8655abbacac798810235a9/macros.cpp 
pipe_commands starting: /usr/bin/cc -xc++ -E -U__BLOCKS__ /var/folders/br/wxmxwj554j9chb8y8w7hmwk00000gn/T/cov-jacktjaden/3f3e462f62b13aa2e7139ff913623fb3/cov-jacktjaden/9024021a0e8655abbacac798810235a9/macros.cpp 
**** BEGIN FILE output: /var/folders/br/wxmxwj554j9chb8y8w7hmwk00000gn/T/cov-jacktjaden/3f3e462f62b13aa2e7139ff913623fb3/cov-jacktjaden/9024021a0e8655abbacac798810235a9/pp_out
# 1 "/var/folders/br/wxmxwj554j9chb8y8w7hmwk00000gn/T/cov-jacktjaden/3f3e462f62b13aa2e7139ff913623fb3/cov-jacktjaden/9024021a0e8655abbacac798810235a9/macros.cpp"
# 1 "<built-in>" 1
# 1 "<built-in>" 3
# 480 "<built-in>" 3
# 1 "<command line>" 1
# 1 "<built-in>" 2
# 1 "/var/folders/br/wxmxwj554j9chb8y8w7hmwk00000gn/T/cov-jacktjaden/3f3e462f62b13aa2e7139ff913623fb3/cov-jacktjaden/9024021a0e8655abbacac798810235a9/macros.cpp" 2



__the_symbol_is_not_defined__




__the_symbol_is_not_defined__

**** END FILE output ***
**** BEGIN FILE error: 

**** END FILE error ***
**** END PROBE get_macros ****
[WARNING] Failed to infer target platform of compiler using macro probes. Falling back on default value.
**** END PROBE set_appropriate_target_platform ****
pipe_command: /usr/bin/cc -c -print-sysroot 
pipe_commands starting: /usr/bin/cc -c -print-sysroot 
Failed to get the default sysroot by running the command: /usr/bin/cc -c -print-sysroot
**** BEGIN FILE source file: /var/folders/br/wxmxwj554j9chb8y8w7hmwk00000gn/T/cov-jacktjaden/3f3e462f62b13aa2e7139ff913623fb3/cov-jacktjaden/9024021a0e8655abbacac798810235a9/no_inline_keyword.cpp
int inline = 0;

**** END FILE source file ***
pipe_command: /usr/bin/cc -c /var/folders/br/wxmxwj554j9chb8y8w7hmwk00000gn/T/cov-jacktjaden/3f3e462f62b13aa2e7139ff913623fb3/cov-jacktjaden/9024021a0e8655abbacac798810235a9/no_inline_keyword.cpp 
pipe_commands starting: /usr/bin/cc -c /var/folders/br/wxmxwj554j9chb8y8w7hmwk00000gn/T/cov-jacktjaden/3f3e462f62b13aa2e7139ff913623fb3/cov-jacktjaden/9024021a0e8655abbacac798810235a9/no_inline_keyword.cpp 
**** BEGIN FILE stdout: 

**** END FILE stdout ***
**** BEGIN FILE stderr: 
/var/folders/br/wxmxwj554j9chb8y8w7hmwk00000gn/T/cov-jacktjaden/3f3e462f62b13aa2e7139ff913623fb3/cov-jacktjaden/9024021a0e8655abbacac798810235a9/no_inline_keyword.cpp:1:12: error: expected unqualified-id
    1 | int inline = 0;
      |            ^
1 error generated.

**** END FILE stderr ***
Test failed
**** BEGIN FILE source file: /var/folders/br/wxmxwj554j9chb8y8w7hmwk00000gn/T/cov-jacktjaden/3f3e462f62b13aa2e7139ff913623fb3/cov-jacktjaden/9024021a0e8655abbacac798810235a9/inline_keyword.cpp
inline void foo() { }

**** END FILE source file ***
pipe_command: /usr/bin/cc -c /var/folders/br/wxmxwj554j9chb8y8w7hmwk00000gn/T/cov-jacktjaden/3f3e462f62b13aa2e7139ff913623fb3/cov-jacktjaden/9024021a0e8655abbacac798810235a9/inline_keyword.cpp 
pipe_commands starting: /usr/bin/cc -c /var/folders/br/wxmxwj554j9chb8y8w7hmwk00000gn/T/cov-jacktjaden/3f3e462f62b13aa2e7139ff913623fb3/cov-jacktjaden/9024021a0e8655abbacac798810235a9/inline_keyword.cpp 
**** BEGIN FILE stdout: 

**** END FILE stdout ***
**** BEGIN FILE stderr: 

**** END FILE stderr ***
Test succeded
**** BEGIN PROBE add_appropriate_has_include_switch ****
**** BEGIN FILE source file: /var/folders/br/wxmxwj554j9chb8y8w7hmwk00000gn/T/cov-jacktjaden/3f3e462f62b13aa2e7139ff913623fb3/cov-jacktjaden/9024021a0e8655abbacac798810235a9/__has_include_pos.cpp
#ifdef __has_include
# if __has_include("whatever")
# endif
#else
#error
#endif


**** END FILE source file ***
pipe_command: /usr/bin/cc -c /var/folders/br/wxmxwj554j9chb8y8w7hmwk00000gn/T/cov-jacktjaden/3f3e462f62b13aa2e7139ff913623fb3/cov-jacktjaden/9024021a0e8655abbacac798810235a9/__has_include_pos.cpp 
pipe_commands starting: /usr/bin/cc -c /var/folders/br/wxmxwj554j9chb8y8w7hmwk00000gn/T/cov-jacktjaden/3f3e462f62b13aa2e7139ff913623fb3/cov-jacktjaden/9024021a0e8655abbacac798810235a9/__has_include_pos.cpp 
**** BEGIN FILE stdout: 

**** END FILE stdout ***
**** BEGIN FILE stderr: 

**** END FILE stderr ***
Test succeded
**** BEGIN FILE source file: /var/folders/br/wxmxwj554j9chb8y8w7hmwk00000gn/T/cov-jacktjaden/3f3e462f62b13aa2e7139ff913623fb3/cov-jacktjaden/9024021a0e8655abbacac798810235a9/__has_include_neg.cpp
#ifdef __has_include
#error
#else
#define __has_include int foo(void)
__has_include;
#endif


**** END FILE source file ***
pipe_command: /usr/bin/cc -c /var/folders/br/wxmxwj554j9chb8y8w7hmwk00000gn/T/cov-jacktjaden/3f3e462f62b13aa2e7139ff913623fb3/cov-jacktjaden/9024021a0e8655abbacac798810235a9/__has_include_neg.cpp 
pipe_commands starting: /usr/bin/cc -c /var/folders/br/wxmxwj554j9chb8y8w7hmwk00000gn/T/cov-jacktjaden/3f3e462f62b13aa2e7139ff913623fb3/cov-jacktjaden/9024021a0e8655abbacac798810235a9/__has_include_neg.cpp 
**** BEGIN FILE stdout: 

**** END FILE stdout ***
**** BEGIN FILE stderr: 
/var/folders/br/wxmxwj554j9chb8y8w7hmwk00000gn/T/cov-jacktjaden/3f3e462f62b13aa2e7139ff913623fb3/cov-jacktjaden/9024021a0e8655abbacac798810235a9/__has_include_neg.cpp:2:2: error: 
    2 | #error
      |  ^
1 error generated.

**** END FILE stderr ***
Test failed
**** END PROBE add_appropriate_has_include_switch ****
**** BEGIN PROBE add_appropriate_has_include_next_switch ****
**** BEGIN FILE source file: /var/folders/br/wxmxwj554j9chb8y8w7hmwk00000gn/T/cov-jacktjaden/3f3e462f62b13aa2e7139ff913623fb3/cov-jacktjaden/9024021a0e8655abbacac798810235a9/__has_include_next_pos.cpp
#ifdef __has_include_next
# if __has_include_next("whatever")
# endif
#else
#error
#endif


**** END FILE source file ***
pipe_command: /usr/bin/cc -c /var/folders/br/wxmxwj554j9chb8y8w7hmwk00000gn/T/cov-jacktjaden/3f3e462f62b13aa2e7139ff913623fb3/cov-jacktjaden/9024021a0e8655abbacac798810235a9/__has_include_next_pos.cpp 
pipe_commands starting: /usr/bin/cc -c /var/folders/br/wxmxwj554j9chb8y8w7hmwk00000gn/T/cov-jacktjaden/3f3e462f62b13aa2e7139ff913623fb3/cov-jacktjaden/9024021a0e8655abbacac798810235a9/__has_include_next_pos.cpp 
**** BEGIN FILE stdout: 

**** END FILE stdout ***
**** BEGIN FILE stderr: 
/var/folders/br/wxmxwj554j9chb8y8w7hmwk00000gn/T/cov-jacktjaden/3f3e462f62b13aa2e7139ff913623fb3/cov-jacktjaden/9024021a0e8655abbacac798810235a9/__has_include_next_pos.cpp:2:6: warning: #include_next in primary source file; will search from start of include path [-Winclude-next-outside-header]
    2 | # if __has_include_next("whatever")
      |      ^
1 warning generated.

**** END FILE stderr ***
Test succeded
**** BEGIN FILE source file: /var/folders/br/wxmxwj554j9chb8y8w7hmwk00000gn/T/cov-jacktjaden/3f3e462f62b13aa2e7139ff913623fb3/cov-jacktjaden/9024021a0e8655abbacac798810235a9/__has_include_next_neg.cpp
#ifdef __has_include_next
#error
#else
#define __has_include_next int foo(void)
__has_include_next;
#endif


**** END FILE source file ***
pipe_command: /usr/bin/cc -c /var/folders/br/wxmxwj554j9chb8y8w7hmwk00000gn/T/cov-jacktjaden/3f3e462f62b13aa2e7139ff913623fb3/cov-jacktjaden/9024021a0e8655abbacac798810235a9/__has_include_next_neg.cpp 
pipe_commands starting: /usr/bin/cc -c /var/folders/br/wxmxwj554j9chb8y8w7hmwk00000gn/T/cov-jacktjaden/3f3e462f62b13aa2e7139ff913623fb3/cov-jacktjaden/9024021a0e8655abbacac798810235a9/__has_include_next_neg.cpp 
**** BEGIN FILE stdout: 

**** END FILE stdout ***
**** BEGIN FILE stderr: 
/var/folders/br/wxmxwj554j9chb8y8w7hmwk00000gn/T/cov-jacktjaden/3f3e462f62b13aa2e7139ff913623fb3/cov-jacktjaden/9024021a0e8655abbacac798810235a9/__has_include_next_neg.cpp:2:2: error: 
    2 | #error
      |  ^
1 error generated.

**** END FILE stderr ***
Test failed
**** END PROBE add_appropriate_has_include_next_switch ****
**** BEGIN PROBE add_appropriate_has_cpp_attribute_switch ****
**** BEGIN FILE source file: /var/folders/br/wxmxwj554j9chb8y8w7hmwk00000gn/T/cov-jacktjaden/3f3e462f62b13aa2e7139ff913623fb3/cov-jacktjaden/9024021a0e8655abbacac798810235a9/__has_cpp_attribute_pos.cpp
#ifdef __has_cpp_attribute
# if __has_cpp_attribute(whatever)
# endif
#else
#error
#endif


**** END FILE source file ***
pipe_command: /usr/bin/cc -c /var/folders/br/wxmxwj554j9chb8y8w7hmwk00000gn/T/cov-jacktjaden/3f3e462f62b13aa2e7139ff913623fb3/cov-jacktjaden/9024021a0e8655abbacac798810235a9/__has_cpp_attribute_pos.cpp 
pipe_commands starting: /usr/bin/cc -c /var/folders/br/wxmxwj554j9chb8y8w7hmwk00000gn/T/cov-jacktjaden/3f3e462f62b13aa2e7139ff913623fb3/cov-jacktjaden/9024021a0e8655abbacac798810235a9/__has_cpp_attribute_pos.cpp 
**** BEGIN FILE stdout: 

**** END FILE stdout ***
**** BEGIN FILE stderr: 

**** END FILE stderr ***
Test succeded
**** BEGIN FILE source file: /var/folders/br/wxmxwj554j9chb8y8w7hmwk00000gn/T/cov-jacktjaden/3f3e462f62b13aa2e7139ff913623fb3/cov-jacktjaden/9024021a0e8655abbacac798810235a9/__has_cpp_attribute_neg.cpp
#ifdef __has_cpp_attribute
#error
#else
#define __has_cpp_attribute int foo(void)
__has_cpp_attribute;
#endif


**** END FILE source file ***
pipe_command: /usr/bin/cc -c /var/folders/br/wxmxwj554j9chb8y8w7hmwk00000gn/T/cov-jacktjaden/3f3e462f62b13aa2e7139ff913623fb3/cov-jacktjaden/9024021a0e8655abbacac798810235a9/__has_cpp_attribute_neg.cpp 
pipe_commands starting: /usr/bin/cc -c /var/folders/br/wxmxwj554j9chb8y8w7hmwk00000gn/T/cov-jacktjaden/3f3e462f62b13aa2e7139ff913623fb3/cov-jacktjaden/9024021a0e8655abbacac798810235a9/__has_cpp_attribute_neg.cpp 
**** BEGIN FILE stdout: 

**** END FILE stdout ***
**** BEGIN FILE stderr: 
/var/folders/br/wxmxwj554j9chb8y8w7hmwk00000gn/T/cov-jacktjaden/3f3e462f62b13aa2e7139ff913623fb3/cov-jacktjaden/9024021a0e8655abbacac798810235a9/__has_cpp_attribute_neg.cpp:2:2: error: 
    2 | #error
      |  ^
1 error generated.

**** END FILE stderr ***
Test failed
**** END PROBE add_appropriate_has_cpp_attribute_switch ****
run_comp_tests: no defined custom tests
**** BEGIN PROBE get_standard_includes ****
Dryrun command: /usr/bin/cc -E -v /var/folders/br/wxmxwj554j9chb8y8w7hmwk00000gn/T/cov-jacktjaden/3f3e462f62b13aa2e7139ff913623fb3/cov-jacktjaden/9024021a0e8655abbacac798810235a9/empty.cpp
**** BEGIN FILE source file: /var/folders/br/wxmxwj554j9chb8y8w7hmwk00000gn/T/cov-jacktjaden/3f3e462f62b13aa2e7139ff913623fb3/cov-jacktjaden/9024021a0e8655abbacac798810235a9/empty.cpp

**** END source file ***
pipe_command: /usr/bin/cc -E -v /var/folders/br/wxmxwj554j9chb8y8w7hmwk00000gn/T/cov-jacktjaden/3f3e462f62b13aa2e7139ff913623fb3/cov-jacktjaden/9024021a0e8655abbacac798810235a9/empty.cpp 
pipe_commands starting: /usr/bin/cc -E -v /var/folders/br/wxmxwj554j9chb8y8w7hmwk00000gn/T/cov-jacktjaden/3f3e462f62b13aa2e7139ff913623fb3/cov-jacktjaden/9024021a0e8655abbacac798810235a9/empty.cpp 
**** BEGIN FILE output: /var/folders/br/wxmxwj554j9chb8y8w7hmwk00000gn/T/cov-jacktjaden/3f3e462f62b13aa2e7139ff913623fb3/cov-jacktjaden/9024021a0e8655abbacac798810235a9/empty.output
Apple clang version 17.0.0 (clang-1700.0.13.5)
Target: x86_64-apple-darwin24.6.0
Thread model: posix
InstalledDir: /Applications/Xcode.app/Contents/Developer/Toolchains/XcodeDefault.xctoolchain/usr/bin
ignoring nonexistent directory "/Applications/Xcode.app/Contents/Developer/Toolchains/XcodeDefault.xctoolchain/usr/bin/../include/c++/v1"
 "/Applications/Xcode.app/Contents/Developer/Toolchains/XcodeDefault.xctoolchain/usr/bin/clang" -cc1 -triple x86_64-apple-macosx15.0.0 -Wundef-prefix=TARGET_OS_ -Wdeprecated-objc-isa-usage -Werror=deprecated-objc-isa-usage -Werror=implicit-function-declaration -E -disable-free -clear-ast-before-backend -disable-llvm-verifier -discard-value-names -main-file-name empty.cpp -mrelocation-model pic -pic-level 2 -mframe-pointer=all -fno-strict-return -ffp-contract=on -fno-rounding-math -funwind-tables=2 -target-sdk-version=15.5 -fvisibility-inlines-hidden-static-local-var -fdefine-target-os-macros -fno-assume-unique-vtables -fno-modulemap-allow-subdirectory-search -target-cpu penryn -tune-cpu generic -debugger-tuning=lldb -fdebug-compilation-dir=/Users/jacktjaden/work/wolfHSM-jack/examples/posix/tcp/wh_server_tcp -target-linker-version 1167.5 -v -fcoverage-compilation-dir=/Users/jacktjaden/work/wolfHSM-jack/examples/posix/tcp/wh_server_tcp -resource-dir /Applications/Xcode.app/Contents/Developer/Toolchains/XcodeDefault.xctoolchain/usr/lib/clang/17 -isysroot /Applications/Xcode.app/Contents/Developer/Platforms/MacOSX.platform/Developer/SDKs/MacOSX.sdk -I/usr/local/include -internal-isystem /Applications/Xcode.app/Contents/Developer/Platforms/MacOSX.platform/Developer/SDKs/MacOSX.sdk/usr/include/c++/v1 -internal-isystem /Applications/Xcode.app/Contents/Developer/Platforms/MacOSX.platform/Developer/SDKs/MacOSX.sdk/usr/local/include -internal-isystem /Applications/Xcode.app/Contents/Developer/Toolchains/XcodeDefault.xctoolchain/usr/lib/clang/17/include -internal-externc-isystem /Applications/Xcode.app/Contents/Developer/Platforms/MacOSX.platform/Developer/SDKs/MacOSX.sdk/usr/include -internal-externc-isystem /Applications/Xcode.app/Contents/Developer/Toolchains/XcodeDefault.xctoolchain/usr/include -Wno-reorder-init-list -Wno-implicit-int-float-conversion -Wno-c99-designator -Wno-final-dtor-non-final-class -Wno-extra-semi-stmt -Wno-misleading-indentation -Wno-quoted-include-in-framework-header -Wno-implicit-fallthrough -Wno-enum-enum-conversion -Wno-enum-float-conversion -Wno-elaborated-enum-base -Wno-reserved-identifier -Wno-gnu-folding-constant -fdeprecated-macro -ferror-limit 19 -stack-protector 1 -fstack-check -mdarwin-stkchk-strong-link -fblocks -fencode-extended-block-signature -fregister-global-dtors-with-atexit -fgnuc-version=4.2.1 -fno-cxx-modules -fskip-odr-check-in-gmf -fcxx-exceptions -fexceptions -fmax-type-align=16 -fcommon -clang-vendor-feature=+disableNonDependentMemberExprInCurrentInstantiation -fno-odr-hash-protocols -clang-vendor-feature=+enableAggressiveVLAFolding -clang-vendor-feature=+revert09abecef7bbf -clang-vendor-feature=+thisNoAlignAttr -clang-vendor-feature=+thisNoNullAttr -clang-vendor-feature=+disableAtImportPrivateFrameworkInImplementationError -D__GCC_HAVE_DWARF2_CFI_ASM=1 -o - -x c++ /var/folders/br/wxmxwj554j9chb8y8w7hmwk00000gn/T/cov-jacktjaden/3f3e462f62b13aa2e7139ff913623fb3/cov-jacktjaden/9024021a0e8655abbacac798810235a9/empty.cpp
clang -cc1 version 17.0.0 (clang-1700.0.13.5) default target x86_64-apple-darwin24.6.0
ignoring nonexistent directory "/Applications/Xcode.app/Contents/Developer/Platforms/MacOSX.platform/Developer/SDKs/MacOSX.sdk/usr/local/include"
ignoring nonexistent directory "/Applications/Xcode.app/Contents/Developer/Platforms/MacOSX.platform/Developer/SDKs/MacOSX.sdk/System/Library/SubFrameworks"
ignoring nonexistent directory "/Applications/Xcode.app/Contents/Developer/Platforms/MacOSX.platform/Developer/SDKs/MacOSX.sdk/Library/Frameworks"
#include "..." search starts here:
#include <...> search starts here:
 /usr/local/include
 /Applications/Xcode.app/Contents/Developer/Platforms/MacOSX.platform/Developer/SDKs/MacOSX.sdk/usr/include/c++/v1
 /Applications/Xcode.app/Contents/Developer/Toolchains/XcodeDefault.xctoolchain/usr/lib/clang/17/include
 /Applications/Xcode.app/Contents/Developer/Platforms/MacOSX.platform/Developer/SDKs/MacOSX.sdk/usr/include
 /Applications/Xcode.app/Contents/Developer/Toolchains/XcodeDefault.xctoolchain/usr/include
 /Applications/Xcode.app/Contents/Developer/Platforms/MacOSX.platform/Developer/SDKs/MacOSX.sdk/System/Library/Frameworks (framework directory)
End of search list.

**** END FILE output ***
**** BEGIN FILE error: 
Apple clang version 17.0.0 (clang-1700.0.13.5)
Target: x86_64-apple-darwin24.6.0
Thread model: posix
InstalledDir: /Applications/Xcode.app/Contents/Developer/Toolchains/XcodeDefault.xctoolchain/usr/bin
ignoring nonexistent directory "/Applications/Xcode.app/Contents/Developer/Toolchains/XcodeDefault.xctoolchain/usr/bin/../include/c++/v1"
 "/Applications/Xcode.app/Contents/Developer/Toolchains/XcodeDefault.xctoolchain/usr/bin/clang" -cc1 -triple x86_64-apple-macosx15.0.0 -Wundef-prefix=TARGET_OS_ -Wdeprecated-objc-isa-usage -Werror=deprecated-objc-isa-usage -Werror=implicit-function-declaration -E -disable-free -clear-ast-before-backend -disable-llvm-verifier -discard-value-names -main-file-name empty.cpp -mrelocation-model pic -pic-level 2 -mframe-pointer=all -fno-strict-return -ffp-contract=on -fno-rounding-math -funwind-tables=2 -target-sdk-version=15.5 -fvisibility-inlines-hidden-static-local-var -fdefine-target-os-macros -fno-assume-unique-vtables -fno-modulemap-allow-subdirectory-search -target-cpu penryn -tune-cpu generic -debugger-tuning=lldb -fdebug-compilation-dir=/Users/jacktjaden/work/wolfHSM-jack/examples/posix/tcp/wh_server_tcp -target-linker-version 1167.5 -v -fcoverage-compilation-dir=/Users/jacktjaden/work/wolfHSM-jack/examples/posix/tcp/wh_server_tcp -resource-dir /Applications/Xcode.app/Contents/Developer/Toolchains/XcodeDefault.xctoolchain/usr/lib/clang/17 -isysroot /Applications/Xcode.app/Contents/Developer/Platforms/MacOSX.platform/Developer/SDKs/MacOSX.sdk -I/usr/local/include -internal-isystem /Applications/Xcode.app/Contents/Developer/Platforms/MacOSX.platform/Developer/SDKs/MacOSX.sdk/usr/include/c++/v1 -internal-isystem /Applications/Xcode.app/Contents/Developer/Platforms/MacOSX.platform/Developer/SDKs/MacOSX.sdk/usr/local/include -internal-isystem /Applications/Xcode.app/Contents/Developer/Toolchains/XcodeDefault.xctoolchain/usr/lib/clang/17/include -internal-externc-isystem /Applications/Xcode.app/Contents/Developer/Platforms/MacOSX.platform/Developer/SDKs/MacOSX.sdk/usr/include -internal-externc-isystem /Applications/Xcode.app/Contents/Developer/Toolchains/XcodeDefault.xctoolchain/usr/include -Wno-reorder-init-list -Wno-implicit-int-float-conversion -Wno-c99-designator -Wno-final-dtor-non-final-class -Wno-extra-semi-stmt -Wno-misleading-indentation -Wno-quoted-include-in-framework-header -Wno-implicit-fallthrough -Wno-enum-enum-conversion -Wno-enum-float-conversion -Wno-elaborated-enum-base -Wno-reserved-identifier -Wno-gnu-folding-constant -fdeprecated-macro -ferror-limit 19 -stack-protector 1 -fstack-check -mdarwin-stkchk-strong-link -fblocks -fencode-extended-block-signature -fregister-global-dtors-with-atexit -fgnuc-version=4.2.1 -fno-cxx-modules -fskip-odr-check-in-gmf -fcxx-exceptions -fexceptions -fmax-type-align=16 -fcommon -clang-vendor-feature=+disableNonDependentMemberExprInCurrentInstantiation -fno-odr-hash-protocols -clang-vendor-feature=+enableAggressiveVLAFolding -clang-vendor-feature=+revert09abecef7bbf -clang-vendor-feature=+thisNoAlignAttr -clang-vendor-feature=+thisNoNullAttr -clang-vendor-feature=+disableAtImportPrivateFrameworkInImplementationError -D__GCC_HAVE_DWARF2_CFI_ASM=1 -o - -x c++ /var/folders/br/wxmxwj554j9chb8y8w7hmwk00000gn/T/cov-jacktjaden/3f3e462f62b13aa2e7139ff913623fb3/cov-jacktjaden/9024021a0e8655abbacac798810235a9/empty.cpp
clang -cc1 version 17.0.0 (clang-1700.0.13.5) default target x86_64-apple-darwin24.6.0
ignoring nonexistent directory "/Applications/Xcode.app/Contents/Developer/Platforms/MacOSX.platform/Developer/SDKs/MacOSX.sdk/usr/local/include"
ignoring nonexistent directory "/Applications/Xcode.app/Contents/Developer/Platforms/MacOSX.platform/Developer/SDKs/MacOSX.sdk/System/Library/SubFrameworks"
ignoring nonexistent directory "/Applications/Xcode.app/Contents/Developer/Platforms/MacOSX.platform/Developer/SDKs/MacOSX.sdk/Library/Frameworks"
#include "..." search starts here:
#include <...> search starts here:
 /usr/local/include
 /Applications/Xcode.app/Contents/Developer/Platforms/MacOSX.platform/Developer/SDKs/MacOSX.sdk/usr/include/c++/v1
 /Applications/Xcode.app/Contents/Developer/Toolchains/XcodeDefault.xctoolchain/usr/lib/clang/17/include
 /Applications/Xcode.app/Contents/Developer/Platforms/MacOSX.platform/Developer/SDKs/MacOSX.sdk/usr/include
 /Applications/Xcode.app/Contents/Developer/Toolchains/XcodeDefault.xctoolchain/usr/include
 /Applications/Xcode.app/Contents/Developer/Platforms/MacOSX.platform/Developer/SDKs/MacOSX.sdk/System/Library/Frameworks (framework directory)
End of search list.

**** END FILE error ***
Dryrun gcc found sys include path: /usr/local/include
Dryrun gcc found sys include path: /Applications/Xcode.app/Contents/Developer/Platforms/MacOSX.platform/Developer/SDKs/MacOSX.sdk/usr/include/c++/v1
Dryrun gcc found sys include path: /Applications/Xcode.app/Contents/Developer/Toolchains/XcodeDefault.xctoolchain/usr/lib/clang/17/include
Dryrun gcc found sys include path: /Applications/Xcode.app/Contents/Developer/Platforms/MacOSX.platform/Developer/SDKs/MacOSX.sdk/usr/include
Dryrun gcc found sys include path: /Applications/Xcode.app/Contents/Developer/Toolchains/XcodeDefault.xctoolchain/usr/include
Dryrun gcc found sys include path: /Applications/Xcode.app/Contents/Developer/Platforms/MacOSX.platform/Developer/SDKs/MacOSX.sdk/System/Library/Frameworks (framework directory)
Dryrun gcc headers found: 6
**** END PROBE get_standard_includes ****
compiler_prober_t::make_abs_preproc_command
 cmd: /usr/bin/cc
/usr/bin/cc -dM -E /var/folders/br/wxmxwj554j9chb8y8w7hmwk00000gn/T/cov-jacktjaden/3f3e462f62b13aa2e7139ff913623fb3/cov-jacktjaden/9024021a0e8655abbacac798810235a9/empty.cpp
**** BEGIN FILE source file: /var/folders/br/wxmxwj554j9chb8y8w7hmwk00000gn/T/cov-jacktjaden/3f3e462f62b13aa2e7139ff913623fb3/cov-jacktjaden/9024021a0e8655abbacac798810235a9/empty.cpp


**** END source file ***
pipe_command: /usr/bin/cc -dM -E /var/folders/br/wxmxwj554j9chb8y8w7hmwk00000gn/T/cov-jacktjaden/3f3e462f62b13aa2e7139ff913623fb3/cov-jacktjaden/9024021a0e8655abbacac798810235a9/empty.cpp 
pipe_commands starting: /usr/bin/cc -dM -E /var/folders/br/wxmxwj554j9chb8y8w7hmwk00000gn/T/cov-jacktjaden/3f3e462f62b13aa2e7139ff913623fb3/cov-jacktjaden/9024021a0e8655abbacac798810235a9/empty.cpp 
**** BEGIN FILE output: /var/folders/br/wxmxwj554j9chb8y8w7hmwk00000gn/T/cov-jacktjaden/3f3e462f62b13aa2e7139ff913623fb3/cov-jacktjaden/9024021a0e8655abbacac798810235a9/empty.output
#define TARGET_IPHONE_SIMULATOR 0
#define TARGET_OS_ARROW 0
#define TARGET_OS_BRIDGE 0
#define TARGET_OS_DRIVERKIT 0
#define TARGET_OS_EMBEDDED 0
#define TARGET_OS_IOS 0
#define TARGET_OS_IOSMAC 0
#define TARGET_OS_IPHONE 0
#define TARGET_OS_LINUX 0
#define TARGET_OS_MAC 1
#define TARGET_OS_MACCATALYST 0
#define TARGET_OS_NANO 0
#define TARGET_OS_OSX 1
#define TARGET_OS_SIMULATOR 0
#define TARGET_OS_TV 0
#define TARGET_OS_UIKITFORMAC 0
#define TARGET_OS_UNIX 0
#define TARGET_OS_VISION 0
#define TARGET_OS_WATCH 0
#define TARGET_OS_WIN32 0
#define TARGET_OS_WINDOWS 0
#define TARGET_OS_XR 0
#define _LP64 1
#define __APPLE_CC__ 6000
#define __APPLE__ 1
#define __ATOMIC_ACQUIRE 2
#define __ATOMIC_ACQ_REL 4
#define __ATOMIC_CONSUME 1
#define __ATOMIC_RELAXED 0
#define __ATOMIC_RELEASE 3
#define __ATOMIC_SEQ_CST 5
#define __BIGGEST_ALIGNMENT__ 16
#define __BITINT_MAXWIDTH__ 8388608
#define __BLOCKS__ 1
#define __BOOL_WIDTH__ 8
#define __BYTE_ORDER__ __ORDER_LITTLE_ENDIAN__
#define __CHAR16_TYPE__ unsigned short
#define __CHAR32_TYPE__ unsigned int
#define __CHAR_BIT__ 8
#define __CLANG_ATOMIC_BOOL_LOCK_FREE 2
#define __CLANG_ATOMIC_CHAR16_T_LOCK_FREE 2
#define __CLANG_ATOMIC_CHAR32_T_LOCK_FREE 2
#define __CLANG_ATOMIC_CHAR_LOCK_FREE 2
#define __CLANG_ATOMIC_INT_LOCK_FREE 2
#define __CLANG_ATOMIC_LLONG_LOCK_FREE 2
#define __CLANG_ATOMIC_LONG_LOCK_FREE 2
#define __CLANG_ATOMIC_POINTER_LOCK_FREE 2
#define __CLANG_ATOMIC_SHORT_LOCK_FREE 2
#define __CLANG_ATOMIC_WCHAR_T_LOCK_FREE 2
#define __CONSTANT_CFSTRINGS__ 1
#define __DBL_DECIMAL_DIG__ 17
#define __DBL_DENORM_MIN__ 4.9406564584124654e-324
#define __DBL_DIG__ 15
#define __DBL_EPSILON__ 2.2204460492503131e-16
#define __DBL_HAS_DENORM__ 1
#define __DBL_HAS_INFINITY__ 1
#define __DBL_HAS_QUIET_NAN__ 1
#define __DBL_MANT_DIG__ 53
#define __DBL_MAX_10_EXP__ 308
#define __DBL_MAX_EXP__ 1024
#define __DBL_MAX__ 1.7976931348623157e+308
#define __DBL_MIN_10_EXP__ (-307)
#define __DBL_MIN_EXP__ (-1021)
#define __DBL_MIN__ 2.2250738585072014e-308
#define __DBL_NORM_MAX__ 1.7976931348623157e+308
#define __DECIMAL_DIG__ __LDBL_DECIMAL_DIG__
#define __DEPRECATED 1
#define __DYNAMIC__ 1
#define __ENVIRONMENT_MAC_OS_X_VERSION_MIN_REQUIRED__ 150000
#define __ENVIRONMENT_OS_VERSION_MIN_REQUIRED__ 150000
#define __EXCEPTIONS 1
#define __FINITE_MATH_ONLY__ 0
#define __FLT16_DECIMAL_DIG__ 5
#define __FLT16_DENORM_MIN__ 5.9604644775390625e-8F16
#define __FLT16_DIG__ 3
#define __FLT16_EPSILON__ 9.765625e-4F16
#define __FLT16_HAS_DENORM__ 1
#define __FLT16_HAS_INFINITY__ 1
#define __FLT16_HAS_QUIET_NAN__ 1
#define __FLT16_MANT_DIG__ 11
#define __FLT16_MAX_10_EXP__ 4
#define __FLT16_MAX_EXP__ 16
#define __FLT16_MAX__ 6.5504e+4F16
#define __FLT16_MIN_10_EXP__ (-4)
#define __FLT16_MIN_EXP__ (-13)
#define __FLT16_MIN__ 6.103515625e-5F16
#define __FLT16_NORM_MAX__ 6.5504e+4F16
#define __FLT_DECIMAL_DIG__ 9
#define __FLT_DENORM_MIN__ 1.40129846e-45F
#define __FLT_DIG__ 6
#define __FLT_EPSILON__ 1.19209290e-7F
#define __FLT_HAS_DENORM__ 1
#define __FLT_HAS_INFINITY__ 1
#define __FLT_HAS_QUIET_NAN__ 1
#define __FLT_MANT_DIG__ 24
#define __FLT_MAX_10_EXP__ 38
#define __FLT_MAX_EXP__ 128
#define __FLT_MAX__ 3.40282347e+38F
#define __FLT_MIN_10_EXP__ (-37)
#define __FLT_MIN_EXP__ (-125)
#define __FLT_MIN__ 1.17549435e-38F
#define __FLT_NORM_MAX__ 3.40282347e+38F
#define __FLT_RADIX__ 2
#define __FPCLASS_NEGINF 0x0004
#define __FPCLASS_NEGNORMAL 0x0008
#define __FPCLASS_NEGSUBNORMAL 0x0010
#define __FPCLASS_NEGZERO 0x0020
#define __FPCLASS_POSINF 0x0200
#define __FPCLASS_POSNORMAL 0x0100
#define __FPCLASS_POSSUBNORMAL 0x0080
#define __FPCLASS_POSZERO 0x0040
#define __FPCLASS_QNAN 0x0002
#define __FPCLASS_SNAN 0x0001
#define __FXSR__ 1
#define __GCC_ASM_FLAG_OUTPUTS__ 1
#define __GCC_ATOMIC_BOOL_LOCK_FREE 2
#define __GCC_ATOMIC_CHAR16_T_LOCK_FREE 2
#define __GCC_ATOMIC_CHAR32_T_LOCK_FREE 2
#define __GCC_ATOMIC_CHAR_LOCK_FREE 2
#define __GCC_ATOMIC_INT_LOCK_FREE 2
#define __GCC_ATOMIC_LLONG_LOCK_FREE 2
#define __GCC_ATOMIC_LONG_LOCK_FREE 2
#define __GCC_ATOMIC_POINTER_LOCK_FREE 2
#define __GCC_ATOMIC_SHORT_LOCK_FRE

 <truncated>

AST32_FMTu__ "u"
#define __UINT_FAST32_FMTx__ "x"
#define __UINT_FAST32_MAX__ 4294967295U
#define __UINT_FAST32_TYPE__ unsigned int
#define __UINT_FAST64_FMTX__ "llX"
#define __UINT_FAST64_FMTo__ "llo"
#define __UINT_FAST64_FMTu__ "llu"
#define __UINT_FAST64_FMTx__ "llx"
#define __UINT_FAST64_MAX__ 18446744073709551615ULL
#define __UINT_FAST64_TYPE__ long long unsigned int
#define __UINT_FAST8_FMTX__ "hhX"
#define __UINT_FAST8_FMTo__ "hho"
#define __UINT_FAST8_FMTu__ "hhu"
#define __UINT_FAST8_FMTx__ "hhx"
#define __UINT_FAST8_MAX__ 255
#define __UINT_FAST8_TYPE__ unsigned char
#define __UINT_LEAST16_FMTX__ "hX"
#define __UINT_LEAST16_FMTo__ "ho"
#define __UINT_LEAST16_FMTu__ "hu"
#define __UINT_LEAST16_FMTx__ "hx"
#define __UINT_LEAST16_MAX__ 65535
#define __UINT_LEAST16_TYPE__ unsigned short
#define __UINT_LEAST32_FMTX__ "X"
#define __UINT_LEAST32_FMTo__ "o"
#define __UINT_LEAST32_FMTu__ "u"
#define __UINT_LEAST32_FMTx__ "x"
#define __UINT_LEAST32_MAX__ 4294967295U
#define __UINT_LEAST32_TYPE__ unsigned int
#define __UINT_LEAST64_FMTX__ "llX"
#define __UINT_LEAST64_FMTo__ "llo"
#define __UINT_LEAST64_FMTu__ "llu"
#define __UINT_LEAST64_FMTx__ "llx"
#define __UINT_LEAST64_MAX__ 18446744073709551615ULL
#define __UINT_LEAST64_TYPE__ long long unsigned int
#define __UINT_LEAST8_FMTX__ "hhX"
#define __UINT_LEAST8_FMTo__ "hho"
#define __UINT_LEAST8_FMTu__ "hhu"
#define __UINT_LEAST8_FMTx__ "hhx"
#define __UINT_LEAST8_MAX__ 255
#define __UINT_LEAST8_TYPE__ unsigned char
#define __USER_LABEL_PREFIX__ _
#define __VERSION__ "Apple LLVM 17.0.0 (clang-1700.0.13.5)"
#define __WCHAR_MAX__ 2147483647
#define __WCHAR_TYPE__ int
#define __WCHAR_WIDTH__ 32
#define __WINT_MAX__ 2147483647
#define __WINT_TYPE__ int
#define __WINT_WIDTH__ 32
#define __amd64 1
#define __amd64__ 1
#define __apple_build_version__ 17000013
#define __block __attribute__((__blocks__(byref)))
#define __clang__ 1
#define __clang_literal_encoding__ "UTF-8"
#define __clang_major__ 17
#define __clang_minor__ 0
#define __clang_patchlevel__ 0
#define __clang_version__ "17.0.0 (clang-1700.0.13.5)"
#define __clang_wide_literal_encoding__ "UTF-32"
#define __code_model_small__ 1
#define __core2 1
#define __core2__ 1
#define __cplusplus 201402L
#define __cpp_aggregate_nsdmi 201304L
#define __cpp_alias_templates 200704L
#define __cpp_attributes 200809L
#define __cpp_binary_literals 201304L
#define __cpp_constexpr 201304L
#define __cpp_constexpr_in_decltype 201711L
#define __cpp_decltype 200707L
#define __cpp_decltype_auto 201304L
#define __cpp_delegating_constructors 200604L
#define __cpp_deleted_function 202403L
#define __cpp_digit_separators 201309L
#define __cpp_exceptions 199711L
#define __cpp_generic_lambdas 201304L
#define __cpp_impl_destroying_delete 201806L
#define __cpp_inheriting_constructors 201511L
#define __cpp_init_captures 201304L
#define __cpp_initializer_lists 200806L
#define __cpp_lambdas 200907L
#define __cpp_named_character_escapes 202207L
#define __cpp_nsdmi 200809L
#define __cpp_pack_indexing 202311L
#define __cpp_placeholder_variables 202306L
#define __cpp_range_based_for 200907
#define __cpp_raw_strings 200710L
#define __cpp_ref_qualifiers 200710L
#define __cpp_return_type_deduction 201304L
#define __cpp_rtti 199711L
#define __cpp_rvalue_references 200610L
#define __cpp_static_assert 200410
#define __cpp_static_call_operator 202207L
#define __cpp_template_template_args 201611L
#define __cpp_threadsafe_static_init 200806L
#define __cpp_unicode_characters 200704L
#define __cpp_unicode_literals 200710L
#define __cpp_user_defined_literals 200809L
#define __cpp_variable_templates 201304L
#define __cpp_variadic_templates 200704L
#define __llvm__ 1
#define __nonnull _Nonnull
#define __null_unspecified _Null_unspecified
#define __nullable _Nullable
#define __pic__ 2
#define __private_extern__ extern
#define __seg_fs __attribute__((address_space(257)))
#define __seg_gs __attribute__((address_space(256)))
#define __strong 
#define __tune_core2__ 1
#define __unsafe_unretained 
#define __weak __attribute__((objc_gc(weak)))
#define __x86_64 1
#define __x86_64__ 1

**** END FILE output ***
**** BEGIN FILE error: 

**** END FILE error ***
Skipping looking for macros in standard headers.  The header scan probe has been disabled by the no header scan option.
**** BEGIN PROBE get_macros ****
[STATUS] g++-config-0: Retrieving values for macros
compiler_prober_t::make_abs_preproc_command
 cmd: /usr/bin/cc
/usr/bin/cc -xc++ -E -U__BLOCKS__ /var/folders/br/wxmxwj554j9chb8y8w7hmwk00000gn/T/cov-jacktjaden/3f3e462f62b13aa2e7139ff913623fb3/cov-jacktjaden/9024021a0e8655abbacac798810235a9/macros.cpp
**** BEGIN FILE source file: /var/folders/br/wxmxwj554j9chb8y8w7hmwk00000gn/T/cov-jacktjaden/3f3e462f62b13aa2e7139ff913623fb3/cov-jacktjaden/9024021a0e8655abbacac798810235a9/macros.cpp
#ifdef _REENTRANT
__coverity_macro _REENTRANT
#else
__the_symbol_is_not_defined__
#endif
#ifdef __CET__
__coverity_macro __CET__
#else
__the_symbol_is_not_defined__
#endif
#ifdef __CHAR_UNSIGNED__
__coverity_macro __CHAR_UNSIGNED__
#else
__the_symbol_is_not_defined__
#endif
#ifdef __DEPRECATED
__coverity_macro __DEPRECATED
#else
__the_symbol_is_not_defined__
#endif
#ifdef __EXCEPTIONS
__coverity_macro __EXCEPTIONS
#else
__the_symbol_is_not_defined__
#endif
#ifdef __FAST_MATH__
__coverity_macro __FAST_MATH__
#else
__the_symbol_is_not_defined__
#endif
#ifdef __FINITE_MATH_ONLY__
__coverity_macro __FINITE_MATH_ONLY__
#else
__the_symbol_is_not_defined__
#endif
#ifdef __FP_FAST_FMA
__coverity_macro __FP_FAST_FMA
#else
__the_symbol_is_not_defined__
#endif
#ifdef __FP_FAST_FMAF
__coverity_macro __FP_FAST_FMAF
#else
__the_symbol_is_not_defined__
#endif
#ifdef __FP_FAST_FMAF128
__coverity_macro __FP_FAST_FMAF128
#else
__the_symbol_is_not_defined__
#endif
#ifdef __FP_FAST_FMAF128X
__coverity_macro __FP_FAST_FMAF128X
#else
__the_symbol_is_not_defined__
#endif
#ifdef __FP_FAST_FMAF16
__coverity_macro __FP_FAST_FMAF16
#else
__the_symbol_is_not_defined__
#endif
#ifdef __FP_FAST_FMAF32
__coverity_macro __FP_FAST_FMAF32
#else
__the_symbol_is_not_defined__
#endif
#ifdef __FP_FAST_FMAF32X
__coverity_macro __FP_FAST_FMAF32X
#else
__the_symbol_is_not_defined__
#endif
#ifdef __FP_FAST_FMAF64
__coverity_macro __FP_FAST_FMAF64
#else
__the_symbol_is_not_defined__
#endif
#ifdef __FP_FAST_FMAF64X
__coverity_macro __FP_FAST_FMAF64X
#else
__the_symbol_is_not_defined__
#endif
#ifdef __FP_FAST_FMAL
__coverity_macro __FP_FAST_FMAL
#else
__the_symbol_is_not_defined__
#endif
#ifdef __GCC_HAVE_DWARF2_CFI_ASM
__coverity_macro __GCC_HAVE_DWARF2_CFI_ASM
#else
__the_symbol_is_not_defined__
#endif
#ifdef __GCC_HAVE_SYNC_COMPARE_AND_SWAP_16
__coverity_macro __GCC_HAVE_SYNC_COMPARE_AND_SWAP_16
#else
__the_symbol_is_not_defined__
#endif
#ifdef __GCC_IEC_559_COMPLEX
__coverity_macro __GCC_IEC_559_COMPLEX
#else
__the_symbol_is_not_defined__
#endif
#ifdef __GNUG__
__coverity_macro __GNUG__
#else
__the_symbol_is_not_defined__
#endif
#ifdef __GXX_RTTI
__coverity_macro __GXX_RTTI
#else
__the_symbol_is_not_defined__
#endif
#ifdef __GXX_WEAK__
__coverity_macro __GXX_WEAK__
#else
__the_symbol_is_not_defined__
#endif
#ifdef __INCLUDE_LEVEL__
__coverity_macro __INCLUDE_LEVEL__
#else
__the_symbol_is_not_defined__
#endif
#ifdef __NO_MATH_ERRNO__
__coverity_macro __NO_MATH_ERRNO__
#else
__the_symbol_is_not_defined__
#endif
#ifdef __PIC__
__coverity_macro __PIC__
#else
__the_symbol_is_not_defined__
#endif
#ifdef __PIE__
__coverity_macro __PIE__
#else
__the_symbol_is_not_defined__
#endif
#ifdef __PTRDIFF_TYPE__
__coverity_macro __PTRDIFF_TYPE__
#else
__the_symbol_is_not_defined__
#endif
#ifdef __REGISTER_PREFIX__
__coverity_macro __REGISTER_PREFIX__
#else
__the_symbol_is_not_defined__
#endif
#ifdef __SANITIZE_ADDRESS__
__coverity_macro __SANITIZE_ADDRESS__
#else
__the_symbol_is_not_defined__
#endif
#ifdef __SANITIZE_THREAD__
__coverity_macro __SANITIZE_THREAD__
#else
__the_symbol_is_not_defined__
#endif
#ifdef __SIZE_TYPE__
__coverity_macro __SIZE_TYPE__
#else
__the_symbol_is_not_defined__
#endif
#ifdef __SSP_ALL__
__coverity_macro __SSP_ALL__
#else
__the_symbol_is_not_defined__
#endif
#ifdef __SSP_EXPLICIT__
__coverity_macro __SSP_EXPLICIT__
#else
__the_symbol_is_not_defined__
#endif
#ifdef __SSP_STRONG__
__coverity_macro __SSP_STRONG__
#else
__the_symbol_is_not_defined__
#endif
#ifdef __SSP__
__coverity_macro __SSP__
#else
__the_symbol_is_not_defined__
#endif
#ifdef __STDCPP_DEFAULT_NEW_ALIGNMENT__
__coverity_macro __STDCPP_DEFAULT_NEW_ALIGNMENT__
#else
__the_symbol_is_not_defined__
#endif
#ifdef __STDC_IEC_559_COMPLEX__
__coverity_macro __STDC_IEC_559_COMPLEX__
#else
__the_symbol_is_not_defined__
#endif
#ifdef __STDC_IEC_559__
__coverity_macro __STDC_IEC_559__
#else
__the_symbol_is_not_defined__
#endif
#ifdef __STDC_VERSION__
__coverity_macro __STDC_VERSION__
#else
__the_symbol_is_not_defined__
#endif
#ifdef __STDC__
__coverity_macro __STDC__
#else
__the_symbol_is_not_define

 <truncated>

ariables
__coverity_macro __cpp_inline_variables
#else
__the_symbol_is_not_defined__
#endif
#ifdef __cpp_lambdas
__coverity_macro __cpp_lambdas
#else
__the_symbol_is_not_defined__
#endif
#ifdef __cpp_modules
__coverity_macro __cpp_modules
#else
__the_symbol_is_not_defined__
#endif
#ifdef __cpp_namespace_attributes
__coverity_macro __cpp_namespace_attributes
#else
__the_symbol_is_not_defined__
#endif
#ifdef __cpp_nested_namespace_definitions
__coverity_macro __cpp_nested_namespace_definitions
#else
__the_symbol_is_not_defined__
#endif
#ifdef __cpp_noexcept_function_type
__coverity_macro __cpp_noexcept_function_type
#else
__the_symbol_is_not_defined__
#endif
#ifdef __cpp_nontype_template_args
__coverity_macro __cpp_nontype_template_args
#else
__the_symbol_is_not_defined__
#endif
#ifdef __cpp_nontype_template_parameter_auto
__coverity_macro __cpp_nontype_template_parameter_auto
#else
__the_symbol_is_not_defined__
#endif
#ifdef __cpp_nontype_template_parameter_class
__coverity_macro __cpp_nontype_template_parameter_class
#else
__the_symbol_is_not_defined__
#endif
#ifdef __cpp_nsdmi
__coverity_macro __cpp_nsdmi
#else
__the_symbol_is_not_defined__
#endif
#ifdef __cpp_range_based_for
__coverity_macro __cpp_range_based_for
#else
__the_symbol_is_not_defined__
#endif
#ifdef __cpp_raw_strings
__coverity_macro __cpp_raw_strings
#else
__the_symbol_is_not_defined__
#endif
#ifdef __cpp_ref_qualifiers
__coverity_macro __cpp_ref_qualifiers
#else
__the_symbol_is_not_defined__
#endif
#ifdef __cpp_return_type_deduction
__coverity_macro __cpp_return_type_deduction
#else
__the_symbol_is_not_defined__
#endif
#ifdef __cpp_rtti
__coverity_macro __cpp_rtti
#else
__the_symbol_is_not_defined__
#endif
#ifdef __cpp_runtime_arrays
__coverity_macro __cpp_runtime_arrays
#else
__the_symbol_is_not_defined__
#endif
#ifdef __cpp_rvalue_reference
__coverity_macro __cpp_rvalue_reference
#else
__the_symbol_is_not_defined__
#endif
#ifdef __cpp_rvalue_references
__coverity_macro __cpp_rvalue_references
#else
__the_symbol_is_not_defined__
#endif
#ifdef __cpp_size_t_suffix
__coverity_macro __cpp_size_t_suffix
#else
__the_symbol_is_not_defined__
#endif
#ifdef __cpp_sized_deallocation
__coverity_macro __cpp_sized_deallocation
#else
__the_symbol_is_not_defined__
#endif
#ifdef __cpp_static_assert
__coverity_macro __cpp_static_assert
#else
__the_symbol_is_not_defined__
#endif
#ifdef __cpp_structured_bindings
__coverity_macro __cpp_structured_bindings
#else
__the_symbol_is_not_defined__
#endif
#ifdef __cpp_template_template_args
__coverity_macro __cpp_template_template_args
#else
__the_symbol_is_not_defined__
#endif
#ifdef __cpp_threadsafe_static_init
__coverity_macro __cpp_threadsafe_static_init
#else
__the_symbol_is_not_defined__
#endif
#ifdef __cpp_transactional_memory
__coverity_macro __cpp_transactional_memory
#else
__the_symbol_is_not_defined__
#endif
#ifdef __cpp_unicode_characters
__coverity_macro __cpp_unicode_characters
#else
__the_symbol_is_not_defined__
#endif
#ifdef __cpp_unicode_literals
__coverity_macro __cpp_unicode_literals
#else
__the_symbol_is_not_defined__
#endif
#ifdef __cpp_user_defined_literals
__coverity_macro __cpp_user_defined_literals
#else
__the_symbol_is_not_defined__
#endif
#ifdef __cpp_using_enum
__coverity_macro __cpp_using_enum
#else
__the_symbol_is_not_defined__
#endif
#ifdef __cpp_variable_templates
__coverity_macro __cpp_variable_templates
#else
__the_symbol_is_not_defined__
#endif
#ifdef __cpp_variadic_templates
__coverity_macro __cpp_variadic_templates
#else
__the_symbol_is_not_defined__
#endif
#ifdef __cpp_variadic_using
__coverity_macro __cpp_variadic_using
#else
__the_symbol_is_not_defined__
#endif
#ifdef __pic__
__coverity_macro __pic__
#else
__the_symbol_is_not_defined__
#endif
#ifdef __pie__
__coverity_macro __pie__
#else
__the_symbol_is_not_defined__
#endif
#ifdef __private_extern__
__coverity_macro __private_extern__
#else
__the_symbol_is_not_defined__
#endif
#ifdef __unix__
__coverity_macro __unix__
#else
__the_symbol_is_not_defined__
#endif
#ifdef __vax__
__coverity_macro __vax__
#else
__the_symbol_is_not_defined__
#endif

**** END source file ***
pipe_command: /usr/bin/cc -xc++ -E -U__BLOCKS__ /var/folders/br/wxmxwj554j9chb8y8w7hmwk00000gn/T/cov-jacktjaden/3f3e462f62b13aa2e7139ff913623fb3/cov-jacktjaden/9024021a0e8655abbacac798810235a9/macros.cpp 
pipe_commands starting: /usr/bin/cc -xc++ -E -U__BLOCKS__ /var/folders/br/wxmxwj554j9chb8y8w7hmwk00000gn/T/cov-jacktjaden/3f3e462f62b13aa2e7139ff913623fb3/cov-jacktjaden/9024021a0e8655abbacac798810235a9/macros.cpp 
**** BEGIN FILE output: /var/folders/br/wxmxwj554j9chb8y8w7hmwk00000gn/T/cov-jacktjaden/3f3e462f62b13aa2e7139ff913623fb3/cov-jacktjaden/9024021a0e8655abbacac798810235a9/pp_out
# 1 "/var/folders/br/wxmxwj554j9chb8y8w7hmwk00000gn/T/cov-jacktjaden/3f3e462f62b13aa2e7139ff913623fb3/cov-jacktjaden/9024021a0e8655abbacac798810235a9/macros.cpp"
# 1 "<built-in>" 1
# 1 "<built-in>" 3
# 480 "<built-in>" 3
# 1 "<command line>" 1
# 1 "<built-in>" 2
# 1 "/var/folders/br/wxmxwj554j9chb8y8w7hmwk00000gn/T/cov-jacktjaden/3f3e462f62b13aa2e7139ff913623fb3/cov-jacktjaden/9024021a0e8655abbacac798810235a9/macros.cpp" 2



__the_symbol_is_not_defined__




__the_symbol_is_not_defined__




__the_symbol_is_not_defined__


__coverity_macro 1




__coverity_macro 1






__the_symbol_is_not_defined__


__coverity_macro 0






__the_symbol_is_not_defined__




__the_symbol_is_not_defined__




__the_symbol_is_not_defined__




__the_symbol_is_not_defined__




__the_symbol_is_not_defined__




__the_symbol_is_not_defined__




__the_symbol_is_not_defined__




__the_symbol_is_not_defined__




__the_symbol_is_not_defined__




__the_symbol_is_not_defined__


__coverity_macro 1




__coverity_macro 1






__the_symbol_is_not_defined__


__coverity_macro 4




__coverity_macro 1




__coverity_macro 1




__coverity_macro 0




__coverity_macro 1




__coverity_macro 2






__the_symbol_is_not_defined__


__coverity_macro long int




__coverity_macro






__the_symbol_is_not_defined__




__the_symbol_is_not_defined__


__coverity_macro long unsigned int






__the_symbol_is_not_defined__




__the_symbol_is_not_defined__




__the_symbol_is_not_defined__


__coverity_macro 1




__coverity_macro 16UL






__the_symbol_is_not_defined__




__the_symbol_is_not_defined__




__the_symbol_is_not_defined__


__coverity_macro 1






__the_symbol_is_not_defined__




__the_symbol_is_not_defined__


__coverity_macro _




__coverity_macro "Apple LLVM 17.0.0 (clang-1700.0.13.5)"






__the_symbol_is_not_defined__




__the_symbol_is_not_defined__


__coverity_macro 201402L






__the_symbol_is_not_defined__


__coverity_macro 201304L






__the_symbol_is_not_defined__


__coverity_macro 200704L






__the_symbol_is_not_defined__


__coverity_macro 200809L




__coverity_macro 201304L






__the_symbol_is_not_defined__




__the_symbol_is_not_defined__




__the_symbol_is_not_defined__




__the_symbol_is_not_defined__




__the_symbol_is_not_defined__


__coverity_macro 201304L






__the_symbol_is_not_defined__


__coverity_macro 201711L






__the_symbol_is_not_defined__




__the_symbol_is_not_defined__


__coverity_macro 200707L




__coverity_macro 201304L






__the_symbol_is_not_defined__


__coverity_macro 200604L






__the_symbol_is_not_defined__




__the_symbol_is_not_defined__


__coverity_macro 199711L






__the_symbol_is_not_defined__




__the_symbol_is_not_defined__




__the_symbol_is_not_defined__




__the_symbol_is_not_defined__


__coverity_macro 201304L






__the_symbol_is_not_defined__




__the_symbol_is_not_defined__




__the_symbol_is_not_defined__




__the_symbol_is_not_defined__


__coverity_macro 201806L






__the_symbol_is_not_defined__


__coverity_macro 201511L




__coverity_macro 201304L




__coverity_macro 200806L






__the_symbol_is_not_defined__


__coverity_macro 200907L






__the_symbol_is_not_defined__




__the_symbol_is_not_defined__




__the_symbol_is_not_defined__




__the_symbol_is_not_defined__




__the_symbol_is_not_defined__




__the_symbol_is_not_defined__




__the_symbol_is_not_defined__


__coverity_macro 200809L




__coverity_macro 200907




__coverity_macro 200710L




__coverity_macro 200710L




__coverity_macro 201304L




__coverity_macro 199711L






__the_symbol_is_not_defined__




__the_symbol_is_not_defined__


__coverity_macro 200610L






__the_symbol_is_not_defined__




__the_symbol_is_not_defined__


__coverity_macro 200410






__the_symbol_is_not_defined__


__coverity_macro 201611L




__coverity_macro 200806L






__the_symbol_is_not_defined__


__coverity_macro 200704L




__coverity_macro 200710L




__coverity_macro 200809L






__the_symbol_is_not_defined__


__coverity_macro 201304L




__coverity_macro 200704L






__the_symbol_is_not_defined__


__coverity_macro 2






__the_symbol_is_not_defined__


__coverity_macro extern






__the_symbol_is_not_defined__




__the_symbol_is_not_defined__

**** END FILE output ***
**** BEGIN FILE error: 

**** END FILE error ***
**** END PROBE get_macros ****
Failed to find header /Applications/Coverity/config/templates/gnu/cpp.h
[STATUS] g++-config-0: Running config probes
**** BEGIN PROBE run_linker_config_probe ****
Running command "/usr/bin/cc -print-search-dirs".
pipe_command: /usr/bin/cc -print-search-dirs 
pipe_commands starting: /usr/bin/cc -print-search-dirs 
**** BEGIN OUTPUT run_linker_config_probe ****
programs: =/Applications/Xcode.app/Contents/Developer/Toolchains/XcodeDefault.xctoolchain/usr/bin
libraries: =/Applications/Xcode.app/Contents/Developer/Toolchains/XcodeDefault.xctoolchain/usr/lib/clang/17
**** END OUTPUT run_linker_config_probe ****
**** Found library search path '/Applications/Xcode.app/Contents/Developer/Toolchains/XcodeDefault.xctoolchain/usr/lib/clang/17'.
**** END PROBE run_linker_config_probe ****
**** BEGIN PROBE run_linker_config_probe ****
**** BEGIN FILE source file: /var/folders/br/wxmxwj554j9chb8y8w7hmwk00000gn/T/cov-jacktjaden/3f3e462f62b13aa2e7139ff913623fb3/cov-jacktjaden/9024021a0e8655abbacac798810235a9/test.c
int main() {}
**** END FILE source file ***
Running command "/usr/bin/cc -Wl,--trace test.c".
pipe_command: /usr/bin/cc -Wl,--trace test.c 
pipe_commands starting: /usr/bin/cc -Wl,--trace test.c 
Failed command "/usr/bin/cc -Wl,--trace test.c" : code 1.
**** BEGIN OUTPUT run_linker_config_probe ****
**** END OUTPUT run_linker_config_probe ****
**** END PROBE run_linker_config_probe ****
